Starting execution for job: DataIngestion (ID: 3)

==================================================
[2025-09-07T11:04:34.216677500] Starting: Stage-1_TRANSFORM_FILE=D__lap_java_dsa_path_to_transform.py_LOAD_FILE=D__lap_java_dsa_path_to_load.py_EXTRACT_FILE=D__lap_java_dsa_path_to_extract.py
==================================================
[2025-09-07T11:04:34.216677500] Running command (Attempt 1): python D:/lap/java/dsa/path/to/extract.py
[2025-09-07T11:04:34.280615900] 2025-09-07 11:04:34,281 - INFO - Starting data extraction
[2025-09-07T11:04:34.281603600] 2025-09-07 11:04:34,281 - INFO - Extracted 3 records
[2025-09-07T11:04:34.281603600] 2025-09-07 11:04:34,281 - INFO - Data written to data\extracted_data.json
[2025-09-07T11:04:34.281603600] EXTRACT_SUCCESS: data\extracted_data.json
--------------------------------------------------
[2025-09-07T11:04:34.286525200] Finished: Stage-1_TRANSFORM_FILE=D__lap_java_dsa_path_to_transform.py_LOAD_FILE=D__lap_java_dsa_path_to_load.py_EXTRACT_FILE=D__lap_java_dsa_path_to_extract.py (exit code 0)
--------------------------------------------------


==================================================
[2025-09-07T11:04:34.286525200] Starting: Stage-2_TRANSFORM_FILE=D__lap_java_dsa_path_to_transform.py_LOAD_FILE=D__lap_java_dsa_path_to_load.py_EXTRACT_FILE=D__lap_java_dsa_path_to_extract.py
==================================================
[2025-09-07T11:04:34.286525200] Running command (Attempt 1): python D:/lap/java/dsa/path/to/transform.py
[2025-09-07T11:04:34.348582900] 2025-09-07 11:04:34,348 - INFO - Starting data transformation
[2025-09-07T11:04:34.349575100] 2025-09-07 11:04:34,349 - INFO - Transforming 3 records
[2025-09-07T11:04:34.350576200] 2025-09-07 11:04:34,351 - INFO - Transformed data written to data\transformed_data.json
[2025-09-07T11:04:34.350576200] TRANSFORM_SUCCESS: data\transformed_data.json
--------------------------------------------------
[2025-09-07T11:04:34.355941100] Finished: Stage-2_TRANSFORM_FILE=D__lap_java_dsa_path_to_transform.py_LOAD_FILE=D__lap_java_dsa_path_to_load.py_EXTRACT_FILE=D__lap_java_dsa_path_to_extract.py (exit code 0)
--------------------------------------------------


==================================================
[2025-09-07T11:04:34.357169500] Starting: Stage-3_TRANSFORM_FILE=D__lap_java_dsa_path_to_transform.py_LOAD_FILE=D__lap_java_dsa_path_to_load.py_EXTRACT_FILE=D__lap_java_dsa_path_to_extract.py
==================================================
[2025-09-07T11:04:34.357169500] Running command (Attempt 1): python D:/lap/java/dsa/path/to/load.py
[2025-09-07T11:04:34.411772] 2025-09-07 11:04:34,412 - INFO - Starting data loading
[2025-09-07T11:04:34.427889300] 2025-09-07 11:04:34,427 - INFO - Loading 3 records
[2025-09-07T11:04:34.427889300] 2025-09-07 11:04:34,428 - INFO - Data loaded successfully to output\final_data.json
[2025-09-07T11:04:34.428895400] 2025-09-07 11:04:34,428 - INFO - Summary report generated at output\load_summary.json
[2025-09-07T11:04:34.428895400] LOAD_SUCCESS: output\final_data.json
[2025-09-07T11:04:34.428895400] SUMMARY: output\load_summary.json
--------------------------------------------------
[2025-09-07T11:04:34.433894600] Finished: Stage-3_TRANSFORM_FILE=D__lap_java_dsa_path_to_transform.py_LOAD_FILE=D__lap_java_dsa_path_to_load.py_EXTRACT_FILE=D__lap_java_dsa_path_to_extract.py (exit code 0)
--------------------------------------------------

Execution completed successfully.
