Starting execution for job: DataIngestion (ID: 3)

==================================================
[2025-09-07T10:47:31.335950800] Starting: Stage-1_TRANSFORM_FILE=D__lap_java_dsa_path_to_transform.py_LOAD_FILE=D__lap_java_dsa_path_to_load.py_EXTRACT_FILE=D__lap_java_dsa_path_to_extract.py
==================================================
[2025-09-07T10:47:31.336949800] Running command (Attempt 1): python D:/lap/java/dsa/path/to/extract.py
[2025-09-07T10:47:31.407947600] 2025-09-07 10:47:31,408 - INFO - Starting data extraction
[2025-09-07T10:47:31.408953200] 2025-09-07 10:47:31,408 - INFO - Extracted 3 records
[2025-09-07T10:47:31.408953200] 2025-09-07 10:47:31,409 - INFO - Data written to data\extracted_data.json
[2025-09-07T10:47:31.409951800] EXTRACT_SUCCESS: data\extracted_data.json
--------------------------------------------------
[2025-09-07T10:47:31.414948700] Finished: Stage-1_TRANSFORM_FILE=D__lap_java_dsa_path_to_transform.py_LOAD_FILE=D__lap_java_dsa_path_to_load.py_EXTRACT_FILE=D__lap_java_dsa_path_to_extract.py (exit code 0)
--------------------------------------------------


==================================================
[2025-09-07T10:47:31.415947300] Starting: Stage-2_TRANSFORM_FILE=D__lap_java_dsa_path_to_transform.py_LOAD_FILE=D__lap_java_dsa_path_to_load.py_EXTRACT_FILE=D__lap_java_dsa_path_to_extract.py
==================================================
[2025-09-07T10:47:31.415947300] Running command (Attempt 1): python D:/lap/java/dsa/path/to/transform.py
[2025-09-07T10:47:31.475240500] 2025-09-07 10:47:31,475 - INFO - Starting data transformation
[2025-09-07T10:47:31.476238500] 2025-09-07 10:47:31,476 - INFO - Transforming 3 records
[2025-09-07T10:47:31.477239400] 2025-09-07 10:47:31,477 - INFO - Transformed data written to data\transformed_data.json
[2025-09-07T10:47:31.477239400] TRANSFORM_SUCCESS: data\transformed_data.json
--------------------------------------------------
[2025-09-07T10:47:31.482239300] Finished: Stage-2_TRANSFORM_FILE=D__lap_java_dsa_path_to_transform.py_LOAD_FILE=D__lap_java_dsa_path_to_load.py_EXTRACT_FILE=D__lap_java_dsa_path_to_extract.py (exit code 0)
--------------------------------------------------


==================================================
[2025-09-07T10:47:31.482239300] Starting: Stage-3_TRANSFORM_FILE=D__lap_java_dsa_path_to_transform.py_LOAD_FILE=D__lap_java_dsa_path_to_load.py_EXTRACT_FILE=D__lap_java_dsa_path_to_extract.py
==================================================
[2025-09-07T10:47:31.482239300] Running command (Attempt 1): python D:/lap/java/dsa/path/to/load.py
[2025-09-07T10:47:31.544541500] 2025-09-07 10:47:31,544 - INFO - Starting data loading
[2025-09-07T10:47:31.556548900] 2025-09-07 10:47:31,556 - INFO - Loading 3 records
[2025-09-07T10:47:31.557548300] 2025-09-07 10:47:31,558 - INFO - Data loaded successfully to output\final_data.json
[2025-09-07T10:47:31.558551200] 2025-09-07 10:47:31,558 - INFO - Summary report generated at output\load_summary.json
[2025-09-07T10:47:31.558551200] LOAD_SUCCESS: output\final_data.json
[2025-09-07T10:47:31.558551200] SUMMARY: output\load_summary.json
--------------------------------------------------
[2025-09-07T10:47:31.563542] Finished: Stage-3_TRANSFORM_FILE=D__lap_java_dsa_path_to_transform.py_LOAD_FILE=D__lap_java_dsa_path_to_load.py_EXTRACT_FILE=D__lap_java_dsa_path_to_extract.py (exit code 0)
--------------------------------------------------

Execution completed successfully.
Starting execution for job: DataIngestion (ID: 3)

==================================================
[2025-09-07T10:47:31.838049600] Starting: Stage-1_TRANSFORM_FILE=D__lap_java_dsa_path_to_transform.py_LOAD_FILE=D__lap_java_dsa_path_to_load.py_EXTRACT_FILE=D__lap_java_dsa_path_to_extract.py
==================================================
[2025-09-07T10:47:31.839049400] Running command (Attempt 1): python D:/lap/java/dsa/path/to/extract.py
[2025-09-07T10:47:31.905498200] 2025-09-07 10:47:31,905 - INFO - Starting data extraction
[2025-09-07T10:47:31.905498200] 2025-09-07 10:47:31,905 - INFO - Extracted 3 records
[2025-09-07T10:47:31.905498200] 2025-09-07 10:47:31,905 - INFO - Data written to data\extracted_data.json
[2025-09-07T10:47:31.905498200] EXTRACT_SUCCESS: data\extracted_data.json
--------------------------------------------------
[2025-09-07T10:47:31.910490900] Finished: Stage-1_TRANSFORM_FILE=D__lap_java_dsa_path_to_transform.py_LOAD_FILE=D__lap_java_dsa_path_to_load.py_EXTRACT_FILE=D__lap_java_dsa_path_to_extract.py (exit code 0)
--------------------------------------------------


==================================================
[2025-09-07T10:47:31.911491400] Starting: Stage-2_TRANSFORM_FILE=D__lap_java_dsa_path_to_transform.py_LOAD_FILE=D__lap_java_dsa_path_to_load.py_EXTRACT_FILE=D__lap_java_dsa_path_to_extract.py
==================================================
[2025-09-07T10:47:31.911491400] Running command (Attempt 1): python D:/lap/java/dsa/path/to/transform.py
[2025-09-07T10:47:31.965939400] 2025-09-07 10:47:31,966 - INFO - Starting data transformation
[2025-09-07T10:47:31.967939800] 2025-09-07 10:47:31,967 - INFO - Transforming 3 records
[2025-09-07T10:47:31.968947200] 2025-09-07 10:47:31,969 - INFO - Transformed data written to data\transformed_data.json
[2025-09-07T10:47:31.968947200] TRANSFORM_SUCCESS: data\transformed_data.json
--------------------------------------------------
[2025-09-07T10:47:31.974947100] Finished: Stage-2_TRANSFORM_FILE=D__lap_java_dsa_path_to_transform.py_LOAD_FILE=D__lap_java_dsa_path_to_load.py_EXTRACT_FILE=D__lap_java_dsa_path_to_extract.py (exit code 0)
--------------------------------------------------


==================================================
[2025-09-07T10:47:31.974947100] Starting: Stage-3_TRANSFORM_FILE=D__lap_java_dsa_path_to_transform.py_LOAD_FILE=D__lap_java_dsa_path_to_load.py_EXTRACT_FILE=D__lap_java_dsa_path_to_extract.py
==================================================
[2025-09-07T10:47:31.974947100] Running command (Attempt 1): python D:/lap/java/dsa/path/to/load.py
[2025-09-07T10:47:32.035570300] 2025-09-07 10:47:32,035 - INFO - Starting data loading
[2025-09-07T10:47:32.049036100] 2025-09-07 10:47:32,049 - INFO - Loading 3 records
[2025-09-07T10:47:32.050031100] 2025-09-07 10:47:32,050 - INFO - Data loaded successfully to output\final_data.json
[2025-09-07T10:47:32.050031100] 2025-09-07 10:47:32,050 - INFO - Summary report generated at output\load_summary.json
[2025-09-07T10:47:32.051155200] LOAD_SUCCESS: output\final_data.json
[2025-09-07T10:47:32.051155200] SUMMARY: output\load_summary.json
--------------------------------------------------
[2025-09-07T10:47:32.056300100] Finished: Stage-3_TRANSFORM_FILE=D__lap_java_dsa_path_to_transform.py_LOAD_FILE=D__lap_java_dsa_path_to_load.py_EXTRACT_FILE=D__lap_java_dsa_path_to_extract.py (exit code 0)
--------------------------------------------------

Execution completed successfully.
