Starting execution for job: DataIngestion (ID: 3)

==================================================
[2025-09-07T10:40:34.025518800] Starting: Stage-1_TRANSFORM_FILE=D__lap_java_dsa_path_to_transform.py_LOAD_FILE=D__lap_java_dsa_path_to_load.py_EXTRACT_FILE=D__lap_java_dsa_path_to_extract.py
==================================================
[2025-09-07T10:40:34.025518800] Running command (Attempt 1): python D:/lap/java/dsa/path/to/extract.py
[2025-09-07T10:40:34.091210] 2025-09-07 10:40:34,091 - INFO - Starting data extraction
[2025-09-07T10:40:34.091210] 2025-09-07 10:40:34,091 - INFO - Extracted 3 records
[2025-09-07T10:40:34.091210] 2025-09-07 10:40:34,091 - INFO - Data written to data\extracted_data.json
[2025-09-07T10:40:34.092211800] EXTRACT_SUCCESS: data\extracted_data.json
--------------------------------------------------
[2025-09-07T10:40:34.097691500] Finished: Stage-1_TRANSFORM_FILE=D__lap_java_dsa_path_to_transform.py_LOAD_FILE=D__lap_java_dsa_path_to_load.py_EXTRACT_FILE=D__lap_java_dsa_path_to_extract.py (exit code 0)
--------------------------------------------------


==================================================
[2025-09-07T10:40:34.097691500] Starting: Stage-2_TRANSFORM_FILE=D__lap_java_dsa_path_to_transform.py_LOAD_FILE=D__lap_java_dsa_path_to_load.py_EXTRACT_FILE=D__lap_java_dsa_path_to_extract.py
==================================================
[2025-09-07T10:40:34.097691500] Running command (Attempt 1): python D:/lap/java/dsa/path/to/transform.py
[2025-09-07T10:40:34.163187700] 2025-09-07 10:40:34,163 - INFO - Starting data transformation
[2025-09-07T10:40:34.164188400] 2025-09-07 10:40:34,164 - INFO - Transforming 3 records
[2025-09-07T10:40:34.165187800] 2025-09-07 10:40:34,165 - INFO - Transformed data written to data\transformed_data.json
[2025-09-07T10:40:34.165187800] TRANSFORM_SUCCESS: data\transformed_data.json
--------------------------------------------------
[2025-09-07T10:40:34.169181300] Finished: Stage-2_TRANSFORM_FILE=D__lap_java_dsa_path_to_transform.py_LOAD_FILE=D__lap_java_dsa_path_to_load.py_EXTRACT_FILE=D__lap_java_dsa_path_to_extract.py (exit code 0)
--------------------------------------------------


==================================================
[2025-09-07T10:40:34.170179800] Starting: Stage-3_TRANSFORM_FILE=D__lap_java_dsa_path_to_transform.py_LOAD_FILE=D__lap_java_dsa_path_to_load.py_EXTRACT_FILE=D__lap_java_dsa_path_to_extract.py
==================================================
[2025-09-07T10:40:34.170179800] Running command (Attempt 1): python D:/lap/java/dsa/path/to/load.py
[2025-09-07T10:40:34.228272] 2025-09-07 10:40:34,228 - INFO - Starting data loading
[2025-09-07T10:40:34.245189600] 2025-09-07 10:40:34,245 - INFO - Loading 3 records
[2025-09-07T10:40:34.246191] 2025-09-07 10:40:34,246 - INFO - Data loaded successfully to output\final_data.json
[2025-09-07T10:40:34.246191] 2025-09-07 10:40:34,246 - INFO - Summary report generated at output\load_summary.json
[2025-09-07T10:40:34.246191] LOAD_SUCCESS: output\final_data.json
[2025-09-07T10:40:34.246191] SUMMARY: output\load_summary.json
--------------------------------------------------
[2025-09-07T10:40:34.257192500] Finished: Stage-3_TRANSFORM_FILE=D__lap_java_dsa_path_to_transform.py_LOAD_FILE=D__lap_java_dsa_path_to_load.py_EXTRACT_FILE=D__lap_java_dsa_path_to_extract.py (exit code 0)
--------------------------------------------------

Execution completed successfully.
