Starting execution for job: DataIngestion (ID: 3)

==================================================
[2025-09-07T11:22:30.483437300] Starting: Stage-1_TRANSFORM_FILE=D__lap_java_dsa_path_to_transform.py_LOAD_FILE=D__lap_java_dsa_path_to_load.py_EXTRACT_FILE=D__lap_java_dsa_path_to_extract.py
==================================================
[2025-09-07T11:22:30.483437300] Running command (Attempt 1): python D:/lap/java/dsa/path/to/extract.py
[2025-09-07T11:22:30.549122800] 2025-09-07 11:22:30,548 - INFO - Starting data extraction
[2025-09-07T11:22:30.549122800] 2025-09-07 11:22:30,549 - INFO - Extracted 3 records
[2025-09-07T11:22:30.549122800] 2025-09-07 11:22:30,549 - INFO - Data written to data\extracted_data.json
[2025-09-07T11:22:30.551120400] EXTRACT_SUCCESS: data\extracted_data.json
--------------------------------------------------
[2025-09-07T11:22:30.554117300] Finished: Stage-1_TRANSFORM_FILE=D__lap_java_dsa_path_to_transform.py_LOAD_FILE=D__lap_java_dsa_path_to_load.py_EXTRACT_FILE=D__lap_java_dsa_path_to_extract.py (exit code 0)
--------------------------------------------------


==================================================
[2025-09-07T11:22:30.555117600] Starting: Stage-2_TRANSFORM_FILE=D__lap_java_dsa_path_to_transform.py_LOAD_FILE=D__lap_java_dsa_path_to_load.py_EXTRACT_FILE=D__lap_java_dsa_path_to_extract.py
==================================================
[2025-09-07T11:22:30.555117600] Running command (Attempt 1): python D:/lap/java/dsa/path/to/transform.py
[2025-09-07T11:22:30.617117800] 2025-09-07 11:22:30,617 - INFO - Starting data transformation
[2025-09-07T11:22:30.618118] 2025-09-07 11:22:30,618 - INFO - Transforming 3 records
[2025-09-07T11:22:30.619118100] 2025-09-07 11:22:30,619 - INFO - Transformed data written to data\transformed_data.json
[2025-09-07T11:22:30.619118100] TRANSFORM_SUCCESS: data\transformed_data.json
--------------------------------------------------
[2025-09-07T11:22:30.623923700] Finished: Stage-2_TRANSFORM_FILE=D__lap_java_dsa_path_to_transform.py_LOAD_FILE=D__lap_java_dsa_path_to_load.py_EXTRACT_FILE=D__lap_java_dsa_path_to_extract.py (exit code 0)
--------------------------------------------------


==================================================
[2025-09-07T11:22:30.624929800] Starting: Stage-3_TRANSFORM_FILE=D__lap_java_dsa_path_to_transform.py_LOAD_FILE=D__lap_java_dsa_path_to_load.py_EXTRACT_FILE=D__lap_java_dsa_path_to_extract.py
==================================================
[2025-09-07T11:22:30.624929800] Running command (Attempt 1): python D:/lap/java/dsa/path/to/load.py
[2025-09-07T11:22:30.697053100] 2025-09-07 11:22:30,697 - INFO - Starting data loading
[2025-09-07T11:22:30.711010200] 2025-09-07 11:22:30,711 - INFO - Loading 3 records
[2025-09-07T11:22:30.711929500] 2025-09-07 11:22:30,712 - INFO - Data loaded successfully to output\final_data.json
[2025-09-07T11:22:30.711929500] 2025-09-07 11:22:30,712 - INFO - Summary report generated at output\load_summary.json
[2025-09-07T11:22:30.711929500] LOAD_SUCCESS: output\final_data.json
[2025-09-07T11:22:30.712929600] SUMMARY: output\load_summary.json
--------------------------------------------------
[2025-09-07T11:22:30.718929100] Finished: Stage-3_TRANSFORM_FILE=D__lap_java_dsa_path_to_transform.py_LOAD_FILE=D__lap_java_dsa_path_to_load.py_EXTRACT_FILE=D__lap_java_dsa_path_to_extract.py (exit code 0)
--------------------------------------------------

Execution completed successfully.
Starting execution for job: DataIngestion (ID: 3)

==================================================
[2025-09-07T11:22:30.989064800] Starting: Stage-1_TRANSFORM_FILE=D__lap_java_dsa_path_to_transform.py_LOAD_FILE=D__lap_java_dsa_path_to_load.py_EXTRACT_FILE=D__lap_java_dsa_path_to_extract.py
==================================================
[2025-09-07T11:22:30.990074900] Running command (Attempt 1): python D:/lap/java/dsa/path/to/extract.py
[2025-09-07T11:22:31.049285600] 2025-09-07 11:22:31,049 - INFO - Starting data extraction
[2025-09-07T11:22:31.049285600] 2025-09-07 11:22:31,049 - INFO - Extracted 3 records
[2025-09-07T11:22:31.049285600] 2025-09-07 11:22:31,049 - INFO - Data written to data\extracted_data.json
[2025-09-07T11:22:31.049285600] EXTRACT_SUCCESS: data\extracted_data.json
--------------------------------------------------
[2025-09-07T11:22:31.054511500] Finished: Stage-1_TRANSFORM_FILE=D__lap_java_dsa_path_to_transform.py_LOAD_FILE=D__lap_java_dsa_path_to_load.py_EXTRACT_FILE=D__lap_java_dsa_path_to_extract.py (exit code 0)
--------------------------------------------------


==================================================
[2025-09-07T11:22:31.055511500] Starting: Stage-2_TRANSFORM_FILE=D__lap_java_dsa_path_to_transform.py_LOAD_FILE=D__lap_java_dsa_path_to_load.py_EXTRACT_FILE=D__lap_java_dsa_path_to_extract.py
==================================================
[2025-09-07T11:22:31.055511500] Running command (Attempt 1): python D:/lap/java/dsa/path/to/transform.py
[2025-09-07T11:22:31.121174600] 2025-09-07 11:22:31,121 - INFO - Starting data transformation
[2025-09-07T11:22:31.123176900] 2025-09-07 11:22:31,123 - INFO - Transforming 3 records
[2025-09-07T11:22:31.124172900] 2025-09-07 11:22:31,124 - INFO - Transformed data written to data\transformed_data.json
[2025-09-07T11:22:31.124172900] TRANSFORM_SUCCESS: data\transformed_data.json
--------------------------------------------------
[2025-09-07T11:22:31.130656700] Finished: Stage-2_TRANSFORM_FILE=D__lap_java_dsa_path_to_transform.py_LOAD_FILE=D__lap_java_dsa_path_to_load.py_EXTRACT_FILE=D__lap_java_dsa_path_to_extract.py (exit code 0)
--------------------------------------------------


==================================================
[2025-09-07T11:22:31.131692] Starting: Stage-3_TRANSFORM_FILE=D__lap_java_dsa_path_to_transform.py_LOAD_FILE=D__lap_java_dsa_path_to_load.py_EXTRACT_FILE=D__lap_java_dsa_path_to_extract.py
==================================================
[2025-09-07T11:22:31.131692] Running command (Attempt 1): python D:/lap/java/dsa/path/to/load.py
[2025-09-07T11:22:31.191221100] 2025-09-07 11:22:31,191 - INFO - Starting data loading
[2025-09-07T11:22:31.209216700] 2025-09-07 11:22:31,209 - INFO - Loading 3 records
[2025-09-07T11:22:31.210216100] 2025-09-07 11:22:31,210 - INFO - Data loaded successfully to output\final_data.json
[2025-09-07T11:22:31.210216100] 2025-09-07 11:22:31,210 - INFO - Summary report generated at output\load_summary.json
[2025-09-07T11:22:31.210216100] LOAD_SUCCESS: output\final_data.json
[2025-09-07T11:22:31.210216100] SUMMARY: output\load_summary.json
--------------------------------------------------
[2025-09-07T11:22:31.218214200] Finished: Stage-3_TRANSFORM_FILE=D__lap_java_dsa_path_to_transform.py_LOAD_FILE=D__lap_java_dsa_path_to_load.py_EXTRACT_FILE=D__lap_java_dsa_path_to_extract.py (exit code 0)
--------------------------------------------------

Execution completed successfully.
