Starting execution for job: DataIngestion (ID: 2)

==================================================
[2025-09-07T10:17:29.964464700] Starting: Stage-1_TRANSFORM_FILE=D__lap_java_dsa_path_to_transform.py_LOAD_FILE=D__lap_java_dsa_path_to_load.py_EXTRACT_FILE=D__lap_java_dsa_path_to_extract.py
==================================================
[2025-09-07T10:17:29.965465200] Running command (Attempt 1): python D:/lap/java/dsa/path/to/extract.py
[2025-09-07T10:17:30.279466800] 2025-09-07 10:17:30,279 - INFO - Starting data extraction
[2025-09-07T10:17:30.279466800] 2025-09-07 10:17:30,279 - INFO - Extracted 3 records
[2025-09-07T10:17:30.279466800] 2025-09-07 10:17:30,280 - INFO - Data written to data\extracted_data.json
[2025-09-07T10:17:30.280465400] EXTRACT_SUCCESS: data\extracted_data.json
--------------------------------------------------
[2025-09-07T10:17:30.285546] Finished: Stage-1_TRANSFORM_FILE=D__lap_java_dsa_path_to_transform.py_LOAD_FILE=D__lap_java_dsa_path_to_load.py_EXTRACT_FILE=D__lap_java_dsa_path_to_extract.py (exit code 0)
--------------------------------------------------


==================================================
[2025-09-07T10:17:30.287464600] Starting: Stage-2_TRANSFORM_FILE=D__lap_java_dsa_path_to_transform.py_LOAD_FILE=D__lap_java_dsa_path_to_load.py_EXTRACT_FILE=D__lap_java_dsa_path_to_extract.py
==================================================
[2025-09-07T10:17:30.287464600] Running command (Attempt 1): python D:/lap/java/dsa/path/to/transform.py
[2025-09-07T10:17:30.401542800] 2025-09-07 10:17:30,401 - INFO - Starting data transformation
[2025-09-07T10:17:30.422555800] 2025-09-07 10:17:30,422 - INFO - Transforming 3 records
[2025-09-07T10:17:30.425551200] 2025-09-07 10:17:30,425 - INFO - Transformed data written to data\transformed_data.json
[2025-09-07T10:17:30.425551200] TRANSFORM_SUCCESS: data\transformed_data.json
--------------------------------------------------
[2025-09-07T10:17:30.431549500] Finished: Stage-2_TRANSFORM_FILE=D__lap_java_dsa_path_to_transform.py_LOAD_FILE=D__lap_java_dsa_path_to_load.py_EXTRACT_FILE=D__lap_java_dsa_path_to_extract.py (exit code 0)
--------------------------------------------------


==================================================
[2025-09-07T10:17:30.432480800] Starting: Stage-3_TRANSFORM_FILE=D__lap_java_dsa_path_to_transform.py_LOAD_FILE=D__lap_java_dsa_path_to_load.py_EXTRACT_FILE=D__lap_java_dsa_path_to_extract.py
==================================================
[2025-09-07T10:17:30.432480800] Running command (Attempt 1): python D:/lap/java/dsa/path/to/load.py
[2025-09-07T10:17:30.556547100] 2025-09-07 10:17:30,557 - INFO - Starting data loading
[2025-09-07T10:17:30.584473600] 2025-09-07 10:17:30,584 - INFO - Loading 3 records
[2025-09-07T10:17:30.587477700] 2025-09-07 10:17:30,587 - INFO - Data loaded successfully to output\final_data.json
[2025-09-07T10:17:30.588483500] 2025-09-07 10:17:30,587 - INFO - Summary report generated at output\load_summary.json
[2025-09-07T10:17:30.588483500] LOAD_SUCCESS: output\final_data.json
[2025-09-07T10:17:30.588483500] SUMMARY: output\load_summary.json
--------------------------------------------------
[2025-09-07T10:17:30.596465800] Finished: Stage-3_TRANSFORM_FILE=D__lap_java_dsa_path_to_transform.py_LOAD_FILE=D__lap_java_dsa_path_to_load.py_EXTRACT_FILE=D__lap_java_dsa_path_to_extract.py (exit code 0)
--------------------------------------------------

Execution completed successfully.
