Starting execution for job: DataIngestion (ID: 3)

==================================================
[2025-09-07T11:22:32.006689600] Starting: Stage-1_TRANSFORM_FILE=D__lap_java_dsa_path_to_transform.py_LOAD_FILE=D__lap_java_dsa_path_to_load.py_EXTRACT_FILE=D__lap_java_dsa_path_to_extract.py
==================================================
[2025-09-07T11:22:32.006689600] Running command (Attempt 1): python D:/lap/java/dsa/path/to/extract.py
[2025-09-07T11:22:32.075264200] 2025-09-07 11:22:32,076 - INFO - Starting data extraction
[2025-09-07T11:22:32.076269200] 2025-09-07 11:22:32,076 - INFO - Extracted 3 records
[2025-09-07T11:22:32.076269200] 2025-09-07 11:22:32,076 - INFO - Data written to data\extracted_data.json
[2025-09-07T11:22:32.077266100] EXTRACT_SUCCESS: data\extracted_data.json
--------------------------------------------------
[2025-09-07T11:22:32.081265200] Finished: Stage-1_TRANSFORM_FILE=D__lap_java_dsa_path_to_transform.py_LOAD_FILE=D__lap_java_dsa_path_to_load.py_EXTRACT_FILE=D__lap_java_dsa_path_to_extract.py (exit code 0)
--------------------------------------------------


==================================================
[2025-09-07T11:22:32.082265300] Starting: Stage-2_TRANSFORM_FILE=D__lap_java_dsa_path_to_transform.py_LOAD_FILE=D__lap_java_dsa_path_to_load.py_EXTRACT_FILE=D__lap_java_dsa_path_to_extract.py
==================================================
[2025-09-07T11:22:32.082265300] Running command (Attempt 1): python D:/lap/java/dsa/path/to/transform.py
[2025-09-07T11:22:32.147466500] 2025-09-07 11:22:32,147 - INFO - Starting data transformation
[2025-09-07T11:22:32.148471300] 2025-09-07 11:22:32,148 - INFO - Transforming 3 records
[2025-09-07T11:22:32.148471300] 2025-09-07 11:22:32,149 - INFO - Transformed data written to data\transformed_data.json
[2025-09-07T11:22:32.149851700] TRANSFORM_SUCCESS: data\transformed_data.json
--------------------------------------------------
[2025-09-07T11:22:32.154864300] Finished: Stage-2_TRANSFORM_FILE=D__lap_java_dsa_path_to_transform.py_LOAD_FILE=D__lap_java_dsa_path_to_load.py_EXTRACT_FILE=D__lap_java_dsa_path_to_extract.py (exit code 0)
--------------------------------------------------


==================================================
[2025-09-07T11:22:32.155855800] Starting: Stage-3_TRANSFORM_FILE=D__lap_java_dsa_path_to_transform.py_LOAD_FILE=D__lap_java_dsa_path_to_load.py_EXTRACT_FILE=D__lap_java_dsa_path_to_extract.py
==================================================
[2025-09-07T11:22:32.159856500] Running command (Attempt 1): python D:/lap/java/dsa/path/to/load.py
[2025-09-07T11:22:32.216567100] 2025-09-07 11:22:32,217 - INFO - Starting data loading
[2025-09-07T11:22:32.228567600] 2025-09-07 11:22:32,229 - INFO - Loading 3 records
[2025-09-07T11:22:32.229561600] 2025-09-07 11:22:32,229 - INFO - Data loaded successfully to output\final_data.json
[2025-09-07T11:22:32.229561600] 2025-09-07 11:22:32,230 - INFO - Summary report generated at output\load_summary.json
[2025-09-07T11:22:32.229561600] LOAD_SUCCESS: output\final_data.json
[2025-09-07T11:22:32.229561600] SUMMARY: output\load_summary.json
--------------------------------------------------
[2025-09-07T11:22:32.237565900] Finished: Stage-3_TRANSFORM_FILE=D__lap_java_dsa_path_to_transform.py_LOAD_FILE=D__lap_java_dsa_path_to_load.py_EXTRACT_FILE=D__lap_java_dsa_path_to_extract.py (exit code 0)
--------------------------------------------------

Execution completed successfully.
Starting execution for job: DataIngestion (ID: 3)

==================================================
[2025-09-07T11:22:32.511707200] Starting: Stage-1_TRANSFORM_FILE=D__lap_java_dsa_path_to_transform.py_LOAD_FILE=D__lap_java_dsa_path_to_load.py_EXTRACT_FILE=D__lap_java_dsa_path_to_extract.py
==================================================
[2025-09-07T11:22:32.513275500] Running command (Attempt 1): python D:/lap/java/dsa/path/to/extract.py
[2025-09-07T11:22:32.590832700] 2025-09-07 11:22:32,591 - INFO - Starting data extraction
[2025-09-07T11:22:32.590832700] 2025-09-07 11:22:32,591 - INFO - Extracted 3 records
[2025-09-07T11:22:32.590832700] 2025-09-07 11:22:32,591 - INFO - Data written to data\extracted_data.json
[2025-09-07T11:22:32.590832700] EXTRACT_SUCCESS: data\extracted_data.json
--------------------------------------------------
[2025-09-07T11:22:32.596253100] Finished: Stage-1_TRANSFORM_FILE=D__lap_java_dsa_path_to_transform.py_LOAD_FILE=D__lap_java_dsa_path_to_load.py_EXTRACT_FILE=D__lap_java_dsa_path_to_extract.py (exit code 0)
--------------------------------------------------


==================================================
[2025-09-07T11:22:32.597253] Starting: Stage-2_TRANSFORM_FILE=D__lap_java_dsa_path_to_transform.py_LOAD_FILE=D__lap_java_dsa_path_to_load.py_EXTRACT_FILE=D__lap_java_dsa_path_to_extract.py
==================================================
[2025-09-07T11:22:32.597253] Running command (Attempt 1): python D:/lap/java/dsa/path/to/transform.py
[2025-09-07T11:22:32.652327] 2025-09-07 11:22:32,652 - INFO - Starting data transformation
[2025-09-07T11:22:32.652327] 2025-09-07 11:22:32,653 - INFO - Transforming 3 records
[2025-09-07T11:22:32.653318500] 2025-09-07 11:22:32,654 - INFO - Transformed data written to data\transformed_data.json
[2025-09-07T11:22:32.654318700] TRANSFORM_SUCCESS: data\transformed_data.json
--------------------------------------------------
[2025-09-07T11:22:32.659317900] Finished: Stage-2_TRANSFORM_FILE=D__lap_java_dsa_path_to_transform.py_LOAD_FILE=D__lap_java_dsa_path_to_load.py_EXTRACT_FILE=D__lap_java_dsa_path_to_extract.py (exit code 0)
--------------------------------------------------


==================================================
[2025-09-07T11:22:32.659317900] Starting: Stage-3_TRANSFORM_FILE=D__lap_java_dsa_path_to_transform.py_LOAD_FILE=D__lap_java_dsa_path_to_load.py_EXTRACT_FILE=D__lap_java_dsa_path_to_extract.py
==================================================
[2025-09-07T11:22:32.659317900] Running command (Attempt 1): python D:/lap/java/dsa/path/to/load.py
[2025-09-07T11:22:32.716320600] 2025-09-07 11:22:32,716 - INFO - Starting data loading
[2025-09-07T11:22:32.731331200] 2025-09-07 11:22:32,732 - INFO - Loading 3 records
[2025-09-07T11:22:32.732326800] 2025-09-07 11:22:32,732 - INFO - Data loaded successfully to output\final_data.json
[2025-09-07T11:22:32.732326800] 2025-09-07 11:22:32,732 - INFO - Summary report generated at output\load_summary.json
[2025-09-07T11:22:32.732326800] LOAD_SUCCESS: output\final_data.json
[2025-09-07T11:22:32.732326800] SUMMARY: output\load_summary.json
--------------------------------------------------
[2025-09-07T11:22:32.739324700] Finished: Stage-3_TRANSFORM_FILE=D__lap_java_dsa_path_to_transform.py_LOAD_FILE=D__lap_java_dsa_path_to_load.py_EXTRACT_FILE=D__lap_java_dsa_path_to_extract.py (exit code 0)
--------------------------------------------------

Execution completed successfully.
