Starting execution for job: DataIngestion (ID: 3)

==================================================
[2025-09-07T10:40:32.014198300] Starting: Stage-1_TRANSFORM_FILE=D__lap_java_dsa_path_to_transform.py_LOAD_FILE=D__lap_java_dsa_path_to_load.py_EXTRACT_FILE=D__lap_java_dsa_path_to_extract.py
==================================================
[2025-09-07T10:40:32.015118900] Running command (Attempt 1): python D:/lap/java/dsa/path/to/extract.py
[2025-09-07T10:40:32.099120400] 2025-09-07 10:40:32,099 - INFO - Starting data extraction
[2025-09-07T10:40:32.099120400] 2025-09-07 10:40:32,099 - INFO - Extracted 3 records
[2025-09-07T10:40:32.099120400] 2025-09-07 10:40:32,099 - INFO - Data written to data\extracted_data.json
[2025-09-07T10:40:32.101111400] EXTRACT_SUCCESS: data\extracted_data.json
--------------------------------------------------
[2025-09-07T10:40:32.104509200] Finished: Stage-1_TRANSFORM_FILE=D__lap_java_dsa_path_to_transform.py_LOAD_FILE=D__lap_java_dsa_path_to_load.py_EXTRACT_FILE=D__lap_java_dsa_path_to_extract.py (exit code 0)
--------------------------------------------------


==================================================
[2025-09-07T10:40:32.104509200] Starting: Stage-2_TRANSFORM_FILE=D__lap_java_dsa_path_to_transform.py_LOAD_FILE=D__lap_java_dsa_path_to_load.py_EXTRACT_FILE=D__lap_java_dsa_path_to_extract.py
==================================================
[2025-09-07T10:40:32.104509200] Running command (Attempt 1): python D:/lap/java/dsa/path/to/transform.py
[2025-09-07T10:40:32.160980400] 2025-09-07 10:40:32,161 - INFO - Starting data transformation
[2025-09-07T10:40:32.161978200] 2025-09-07 10:40:32,162 - INFO - Transforming 3 records
[2025-09-07T10:40:32.162975500] 2025-09-07 10:40:32,162 - INFO - Transformed data written to data\transformed_data.json
[2025-09-07T10:40:32.162975500] TRANSFORM_SUCCESS: data\transformed_data.json
--------------------------------------------------
[2025-09-07T10:40:32.168109300] Finished: Stage-2_TRANSFORM_FILE=D__lap_java_dsa_path_to_transform.py_LOAD_FILE=D__lap_java_dsa_path_to_load.py_EXTRACT_FILE=D__lap_java_dsa_path_to_extract.py (exit code 0)
--------------------------------------------------


==================================================
[2025-09-07T10:40:32.168109300] Starting: Stage-3_TRANSFORM_FILE=D__lap_java_dsa_path_to_transform.py_LOAD_FILE=D__lap_java_dsa_path_to_load.py_EXTRACT_FILE=D__lap_java_dsa_path_to_extract.py
==================================================
[2025-09-07T10:40:32.169107300] Running command (Attempt 1): python D:/lap/java/dsa/path/to/load.py
[2025-09-07T10:40:32.224105900] 2025-09-07 10:40:32,224 - INFO - Starting data loading
[2025-09-07T10:40:32.236109200] 2025-09-07 10:40:32,236 - INFO - Loading 3 records
[2025-09-07T10:40:32.237112500] 2025-09-07 10:40:32,236 - INFO - Data loaded successfully to output\final_data.json
[2025-09-07T10:40:32.237112500] 2025-09-07 10:40:32,237 - INFO - Summary report generated at output\load_summary.json
[2025-09-07T10:40:32.237112500] LOAD_SUCCESS: output\final_data.json
[2025-09-07T10:40:32.237112500] SUMMARY: output\load_summary.json
--------------------------------------------------
[2025-09-07T10:40:32.242351800] Finished: Stage-3_TRANSFORM_FILE=D__lap_java_dsa_path_to_transform.py_LOAD_FILE=D__lap_java_dsa_path_to_load.py_EXTRACT_FILE=D__lap_java_dsa_path_to_extract.py (exit code 0)
--------------------------------------------------

Execution completed successfully.
Starting execution for job: DataIngestion (ID: 3)

==================================================
[2025-09-07T10:40:32.511368700] Starting: Stage-1_TRANSFORM_FILE=D__lap_java_dsa_path_to_transform.py_LOAD_FILE=D__lap_java_dsa_path_to_load.py_EXTRACT_FILE=D__lap_java_dsa_path_to_extract.py
==================================================
[2025-09-07T10:40:32.511368700] Running command (Attempt 1): python D:/lap/java/dsa/path/to/extract.py
[2025-09-07T10:40:32.584369] 2025-09-07 10:40:32,585 - INFO - Starting data extraction
[2025-09-07T10:40:32.585368] 2025-09-07 10:40:32,585 - INFO - Extracted 3 records
[2025-09-07T10:40:32.585368] 2025-09-07 10:40:32,585 - INFO - Data written to data\extracted_data.json
[2025-09-07T10:40:32.585368] EXTRACT_SUCCESS: data\extracted_data.json
--------------------------------------------------
[2025-09-07T10:40:32.591367800] Finished: Stage-1_TRANSFORM_FILE=D__lap_java_dsa_path_to_transform.py_LOAD_FILE=D__lap_java_dsa_path_to_load.py_EXTRACT_FILE=D__lap_java_dsa_path_to_extract.py (exit code 0)
--------------------------------------------------


==================================================
[2025-09-07T10:40:32.592499100] Starting: Stage-2_TRANSFORM_FILE=D__lap_java_dsa_path_to_transform.py_LOAD_FILE=D__lap_java_dsa_path_to_load.py_EXTRACT_FILE=D__lap_java_dsa_path_to_extract.py
==================================================
[2025-09-07T10:40:32.592499100] Running command (Attempt 1): python D:/lap/java/dsa/path/to/transform.py
[2025-09-07T10:40:32.661161400] 2025-09-07 10:40:32,661 - INFO - Starting data transformation
[2025-09-07T10:40:32.662156300] 2025-09-07 10:40:32,662 - INFO - Transforming 3 records
[2025-09-07T10:40:32.663153900] 2025-09-07 10:40:32,663 - INFO - Transformed data written to data\transformed_data.json
[2025-09-07T10:40:32.663153900] TRANSFORM_SUCCESS: data\transformed_data.json
--------------------------------------------------
[2025-09-07T10:40:32.671301800] Finished: Stage-2_TRANSFORM_FILE=D__lap_java_dsa_path_to_transform.py_LOAD_FILE=D__lap_java_dsa_path_to_load.py_EXTRACT_FILE=D__lap_java_dsa_path_to_extract.py (exit code 0)
--------------------------------------------------


==================================================
[2025-09-07T10:40:32.671301800] Starting: Stage-3_TRANSFORM_FILE=D__lap_java_dsa_path_to_transform.py_LOAD_FILE=D__lap_java_dsa_path_to_load.py_EXTRACT_FILE=D__lap_java_dsa_path_to_extract.py
==================================================
[2025-09-07T10:40:32.671301800] Running command (Attempt 1): python D:/lap/java/dsa/path/to/load.py
[2025-09-07T10:40:32.740133] 2025-09-07 10:40:32,740 - INFO - Starting data loading
[2025-09-07T10:40:32.759141] 2025-09-07 10:40:32,759 - INFO - Loading 3 records
[2025-09-07T10:40:32.760139500] 2025-09-07 10:40:32,760 - INFO - Data loaded successfully to output\final_data.json
[2025-09-07T10:40:32.761440200] 2025-09-07 10:40:32,761 - INFO - Summary report generated at output\load_summary.json
[2025-09-07T10:40:32.761440200] LOAD_SUCCESS: output\final_data.json
[2025-09-07T10:40:32.761440200] SUMMARY: output\load_summary.json
--------------------------------------------------
[2025-09-07T10:40:32.771433100] Finished: Stage-3_TRANSFORM_FILE=D__lap_java_dsa_path_to_transform.py_LOAD_FILE=D__lap_java_dsa_path_to_load.py_EXTRACT_FILE=D__lap_java_dsa_path_to_extract.py (exit code 0)
--------------------------------------------------

Execution completed successfully.
