Starting execution for job: DataIngestion (ID: 3)

==================================================
[2025-09-07T11:22:31.503069] Starting: Stage-1_TRANSFORM_FILE=D__lap_java_dsa_path_to_transform.py_LOAD_FILE=D__lap_java_dsa_path_to_load.py_EXTRACT_FILE=D__lap_java_dsa_path_to_extract.py
==================================================
[2025-09-07T11:22:31.503069] Running command (Attempt 1): python D:/lap/java/dsa/path/to/extract.py
[2025-09-07T11:22:31.561070200] 2025-09-07 11:22:31,561 - INFO - Starting data extraction
[2025-09-07T11:22:31.561070200] 2025-09-07 11:22:31,561 - INFO - Extracted 3 records
[2025-09-07T11:22:31.561070200] 2025-09-07 11:22:31,561 - INFO - Data written to data\extracted_data.json
[2025-09-07T11:22:31.563063600] EXTRACT_SUCCESS: data\extracted_data.json
--------------------------------------------------
[2025-09-07T11:22:31.567062500] Finished: Stage-1_TRANSFORM_FILE=D__lap_java_dsa_path_to_transform.py_LOAD_FILE=D__lap_java_dsa_path_to_load.py_EXTRACT_FILE=D__lap_java_dsa_path_to_extract.py (exit code 0)
--------------------------------------------------


==================================================
[2025-09-07T11:22:31.567062500] Starting: Stage-2_TRANSFORM_FILE=D__lap_java_dsa_path_to_transform.py_LOAD_FILE=D__lap_java_dsa_path_to_load.py_EXTRACT_FILE=D__lap_java_dsa_path_to_extract.py
==================================================
[2025-09-07T11:22:31.568062500] Running command (Attempt 1): python D:/lap/java/dsa/path/to/transform.py
[2025-09-07T11:22:31.627073100] 2025-09-07 11:22:31,627 - INFO - Starting data transformation
[2025-09-07T11:22:31.628072100] 2025-09-07 11:22:31,628 - INFO - Transforming 3 records
[2025-09-07T11:22:31.629071300] 2025-09-07 11:22:31,629 - INFO - Transformed data written to data\transformed_data.json
[2025-09-07T11:22:31.629071300] TRANSFORM_SUCCESS: data\transformed_data.json
--------------------------------------------------
[2025-09-07T11:22:31.635075200] Finished: Stage-2_TRANSFORM_FILE=D__lap_java_dsa_path_to_transform.py_LOAD_FILE=D__lap_java_dsa_path_to_load.py_EXTRACT_FILE=D__lap_java_dsa_path_to_extract.py (exit code 0)
--------------------------------------------------


==================================================
[2025-09-07T11:22:31.636073900] Starting: Stage-3_TRANSFORM_FILE=D__lap_java_dsa_path_to_transform.py_LOAD_FILE=D__lap_java_dsa_path_to_load.py_EXTRACT_FILE=D__lap_java_dsa_path_to_extract.py
==================================================
[2025-09-07T11:22:31.636073900] Running command (Attempt 1): python D:/lap/java/dsa/path/to/load.py
[2025-09-07T11:22:31.692743] 2025-09-07 11:22:31,692 - INFO - Starting data loading
[2025-09-07T11:22:31.713818300] 2025-09-07 11:22:31,714 - INFO - Loading 3 records
[2025-09-07T11:22:31.715744400] 2025-09-07 11:22:31,715 - INFO - Data loaded successfully to output\final_data.json
[2025-09-07T11:22:31.715744400] 2025-09-07 11:22:31,715 - INFO - Summary report generated at output\load_summary.json
[2025-09-07T11:22:31.715744400] LOAD_SUCCESS: output\final_data.json
[2025-09-07T11:22:31.716747200] SUMMARY: output\load_summary.json
--------------------------------------------------
[2025-09-07T11:22:31.722738700] Finished: Stage-3_TRANSFORM_FILE=D__lap_java_dsa_path_to_transform.py_LOAD_FILE=D__lap_java_dsa_path_to_load.py_EXTRACT_FILE=D__lap_java_dsa_path_to_extract.py (exit code 0)
--------------------------------------------------

Execution completed successfully.
