Starting execution for job: DataIngestion (ID: 3)

==================================================
[2025-09-07T10:19:33.465043100] Starting: Stage-1_TRANSFORM_FILE=D__lap_java_dsa_path_to_transform.py_LOAD_FILE=D__lap_java_dsa_path_to_load.py_EXTRACT_FILE=D__lap_java_dsa_path_to_extract.py
==================================================
[2025-09-07T10:19:33.465043100] Running command (Attempt 1): python D:/lap/java/dsa/path/to/extract.py
[2025-09-07T10:19:33.544024] 2025-09-07 10:19:33,544 - INFO - Starting data extraction
[2025-09-07T10:19:33.544024] 2025-09-07 10:19:33,544 - INFO - Extracted 3 records
[2025-09-07T10:19:33.544990] 2025-09-07 10:19:33,544 - INFO - Data written to data\extracted_data.json
[2025-09-07T10:19:33.544990] EXTRACT_SUCCESS: data\extracted_data.json
--------------------------------------------------
[2025-09-07T10:19:33.549953200] Finished: Stage-1_TRANSFORM_FILE=D__lap_java_dsa_path_to_transform.py_LOAD_FILE=D__lap_java_dsa_path_to_load.py_EXTRACT_FILE=D__lap_java_dsa_path_to_extract.py (exit code 0)
--------------------------------------------------


==================================================
[2025-09-07T10:19:33.549953200] Starting: Stage-2_TRANSFORM_FILE=D__lap_java_dsa_path_to_transform.py_LOAD_FILE=D__lap_java_dsa_path_to_load.py_EXTRACT_FILE=D__lap_java_dsa_path_to_extract.py
==================================================
[2025-09-07T10:19:33.549953200] Running command (Attempt 1): python D:/lap/java/dsa/path/to/transform.py
[2025-09-07T10:19:33.612071] 2025-09-07 10:19:33,612 - INFO - Starting data transformation
[2025-09-07T10:19:33.613068900] 2025-09-07 10:19:33,613 - INFO - Transforming 3 records
[2025-09-07T10:19:33.614068900] 2025-09-07 10:19:33,614 - INFO - Transformed data written to data\transformed_data.json
[2025-09-07T10:19:33.614068900] TRANSFORM_SUCCESS: data\transformed_data.json
--------------------------------------------------
[2025-09-07T10:19:33.619071200] Finished: Stage-2_TRANSFORM_FILE=D__lap_java_dsa_path_to_transform.py_LOAD_FILE=D__lap_java_dsa_path_to_load.py_EXTRACT_FILE=D__lap_java_dsa_path_to_extract.py (exit code 0)
--------------------------------------------------


==================================================
[2025-09-07T10:19:33.620069800] Starting: Stage-3_TRANSFORM_FILE=D__lap_java_dsa_path_to_transform.py_LOAD_FILE=D__lap_java_dsa_path_to_load.py_EXTRACT_FILE=D__lap_java_dsa_path_to_extract.py
==================================================
[2025-09-07T10:19:33.620069800] Running command (Attempt 1): python D:/lap/java/dsa/path/to/load.py
[2025-09-07T10:19:33.677068200] 2025-09-07 10:19:33,677 - INFO - Starting data loading
[2025-09-07T10:19:33.690070] 2025-09-07 10:19:33,690 - INFO - Loading 3 records
[2025-09-07T10:19:33.690070] 2025-09-07 10:19:33,690 - INFO - Data loaded successfully to output\final_data.json
[2025-09-07T10:19:33.691069400] 2025-09-07 10:19:33,690 - INFO - Summary report generated at output\load_summary.json
[2025-09-07T10:19:33.691069400] LOAD_SUCCESS: output\final_data.json
[2025-09-07T10:19:33.691069400] SUMMARY: output\load_summary.json
--------------------------------------------------
[2025-09-07T10:19:33.696077500] Finished: Stage-3_TRANSFORM_FILE=D__lap_java_dsa_path_to_transform.py_LOAD_FILE=D__lap_java_dsa_path_to_load.py_EXTRACT_FILE=D__lap_java_dsa_path_to_extract.py (exit code 0)
--------------------------------------------------

Execution completed successfully.
Starting execution for job: DataIngestion (ID: 3)

==================================================
[2025-09-07T10:19:33.971613900] Starting: Stage-1_TRANSFORM_FILE=D__lap_java_dsa_path_to_transform.py_LOAD_FILE=D__lap_java_dsa_path_to_load.py_EXTRACT_FILE=D__lap_java_dsa_path_to_extract.py
==================================================
[2025-09-07T10:19:33.971613900] Running command (Attempt 1): python D:/lap/java/dsa/path/to/extract.py
[2025-09-07T10:19:34.048622400] 2025-09-07 10:19:34,048 - INFO - Starting data extraction
[2025-09-07T10:19:34.048622400] 2025-09-07 10:19:34,048 - INFO - Extracted 3 records
[2025-09-07T10:19:34.048622400] 2025-09-07 10:19:34,049 - INFO - Data written to data\extracted_data.json
[2025-09-07T10:19:34.048622400] EXTRACT_SUCCESS: data\extracted_data.json
--------------------------------------------------
[2025-09-07T10:19:34.054949100] Finished: Stage-1_TRANSFORM_FILE=D__lap_java_dsa_path_to_transform.py_LOAD_FILE=D__lap_java_dsa_path_to_load.py_EXTRACT_FILE=D__lap_java_dsa_path_to_extract.py (exit code 0)
--------------------------------------------------


==================================================
[2025-09-07T10:19:34.055945200] Starting: Stage-2_TRANSFORM_FILE=D__lap_java_dsa_path_to_transform.py_LOAD_FILE=D__lap_java_dsa_path_to_load.py_EXTRACT_FILE=D__lap_java_dsa_path_to_extract.py
==================================================
[2025-09-07T10:19:34.055945200] Running command (Attempt 1): python D:/lap/java/dsa/path/to/transform.py
[2025-09-07T10:19:34.111945900] 2025-09-07 10:19:34,111 - INFO - Starting data transformation
[2025-09-07T10:19:34.112946100] 2025-09-07 10:19:34,113 - INFO - Transforming 3 records
[2025-09-07T10:19:34.113943800] 2025-09-07 10:19:34,114 - INFO - Transformed data written to data\transformed_data.json
[2025-09-07T10:19:34.113943800] TRANSFORM_SUCCESS: data\transformed_data.json
--------------------------------------------------
[2025-09-07T10:19:34.119945900] Finished: Stage-2_TRANSFORM_FILE=D__lap_java_dsa_path_to_transform.py_LOAD_FILE=D__lap_java_dsa_path_to_load.py_EXTRACT_FILE=D__lap_java_dsa_path_to_extract.py (exit code 0)
--------------------------------------------------


==================================================
[2025-09-07T10:19:34.119945900] Starting: Stage-3_TRANSFORM_FILE=D__lap_java_dsa_path_to_transform.py_LOAD_FILE=D__lap_java_dsa_path_to_load.py_EXTRACT_FILE=D__lap_java_dsa_path_to_extract.py
==================================================
[2025-09-07T10:19:34.120943800] Running command (Attempt 1): python D:/lap/java/dsa/path/to/load.py
[2025-09-07T10:19:34.180257400] 2025-09-07 10:19:34,180 - INFO - Starting data loading
[2025-09-07T10:19:34.191257800] 2025-09-07 10:19:34,191 - INFO - Loading 3 records
[2025-09-07T10:19:34.192264700] 2025-09-07 10:19:34,192 - INFO - Data loaded successfully to output\final_data.json
[2025-09-07T10:19:34.192264700] 2025-09-07 10:19:34,192 - INFO - Summary report generated at output\load_summary.json
[2025-09-07T10:19:34.192264700] LOAD_SUCCESS: output\final_data.json
[2025-09-07T10:19:34.192264700] SUMMARY: output\load_summary.json
--------------------------------------------------
[2025-09-07T10:19:34.197763600] Finished: Stage-3_TRANSFORM_FILE=D__lap_java_dsa_path_to_transform.py_LOAD_FILE=D__lap_java_dsa_path_to_load.py_EXTRACT_FILE=D__lap_java_dsa_path_to_extract.py (exit code 0)
--------------------------------------------------

Execution completed successfully.
