Starting execution for job: DataIngestion (ID: 3)

==================================================
[2025-09-07T11:40:25.760970300] Starting: Stage-1_TRANSFORM_FILE=D__lap_java_dsa_path_to_transform.py_LOAD_FILE=D__lap_java_dsa_path_to_load.py_EXTRACT_FILE=D__lap_java_dsa_path_to_extract.py
==================================================
[2025-09-07T11:40:25.760970300] Running command (Attempt 1): python D:/lap/java/dsa/path/to/extract.py
[2025-09-07T11:40:25.832499100] 2025-09-07 11:40:25,832 - INFO - Starting data extraction
[2025-09-07T11:40:25.832499100] 2025-09-07 11:40:25,832 - INFO - Extracted 3 records
[2025-09-07T11:40:25.832499100] 2025-09-07 11:40:25,832 - INFO - Data written to data\extracted_data.json
[2025-09-07T11:40:25.834491500] EXTRACT_SUCCESS: data\extracted_data.json
--------------------------------------------------
[2025-09-07T11:40:25.837491100] Finished: Stage-1_TRANSFORM_FILE=D__lap_java_dsa_path_to_transform.py_LOAD_FILE=D__lap_java_dsa_path_to_load.py_EXTRACT_FILE=D__lap_java_dsa_path_to_extract.py (exit code 0)
--------------------------------------------------


==================================================
[2025-09-07T11:40:25.838494] Starting: Stage-2_TRANSFORM_FILE=D__lap_java_dsa_path_to_transform.py_LOAD_FILE=D__lap_java_dsa_path_to_load.py_EXTRACT_FILE=D__lap_java_dsa_path_to_extract.py
==================================================
[2025-09-07T11:40:25.839492600] Running command (Attempt 1): python D:/lap/java/dsa/path/to/transform.py
[2025-09-07T11:40:25.894284400] 2025-09-07 11:40:25,894 - INFO - Starting data transformation
[2025-09-07T11:40:25.895285300] 2025-09-07 11:40:25,895 - INFO - Transforming 3 records
[2025-09-07T11:40:25.896286] 2025-09-07 11:40:25,897 - INFO - Transformed data written to data\transformed_data.json
[2025-09-07T11:40:25.897284900] TRANSFORM_SUCCESS: data\transformed_data.json
--------------------------------------------------
[2025-09-07T11:40:25.901290900] Finished: Stage-2_TRANSFORM_FILE=D__lap_java_dsa_path_to_transform.py_LOAD_FILE=D__lap_java_dsa_path_to_load.py_EXTRACT_FILE=D__lap_java_dsa_path_to_extract.py (exit code 0)
--------------------------------------------------


==================================================
[2025-09-07T11:40:25.902285700] Starting: Stage-3_TRANSFORM_FILE=D__lap_java_dsa_path_to_transform.py_LOAD_FILE=D__lap_java_dsa_path_to_load.py_EXTRACT_FILE=D__lap_java_dsa_path_to_extract.py
==================================================
[2025-09-07T11:40:25.902285700] Running command (Attempt 1): python D:/lap/java/dsa/path/to/load.py
[2025-09-07T11:40:25.968165400] 2025-09-07 11:40:25,968 - INFO - Starting data loading
[2025-09-07T11:40:25.989161] 2025-09-07 11:40:25,989 - INFO - Loading 3 records
[2025-09-07T11:40:25.992168200] 2025-09-07 11:40:25,991 - INFO - Data loaded successfully to output\final_data.json
[2025-09-07T11:40:25.992168200] 2025-09-07 11:40:25,992 - INFO - Summary report generated at output\load_summary.json
[2025-09-07T11:40:25.992168200] LOAD_SUCCESS: output\final_data.json
[2025-09-07T11:40:25.993156700] SUMMARY: output\load_summary.json
--------------------------------------------------
[2025-09-07T11:40:26.001155200] Finished: Stage-3_TRANSFORM_FILE=D__lap_java_dsa_path_to_transform.py_LOAD_FILE=D__lap_java_dsa_path_to_load.py_EXTRACT_FILE=D__lap_java_dsa_path_to_extract.py (exit code 0)
--------------------------------------------------

Execution completed successfully.
