Starting execution for job: DataIngestion (ID: 3)

==================================================
[2025-09-07T11:04:33.206592700] Starting: Stage-1_TRANSFORM_FILE=D__lap_java_dsa_path_to_transform.py_LOAD_FILE=D__lap_java_dsa_path_to_load.py_EXTRACT_FILE=D__lap_java_dsa_path_to_extract.py
==================================================
[2025-09-07T11:04:33.206592700] Running command (Attempt 1): python D:/lap/java/dsa/path/to/extract.py
[2025-09-07T11:04:33.272130300] 2025-09-07 11:04:33,272 - INFO - Starting data extraction
[2025-09-07T11:04:33.272130300] 2025-09-07 11:04:33,272 - INFO - Extracted 3 records
[2025-09-07T11:04:33.273132] 2025-09-07 11:04:33,273 - INFO - Data written to data\extracted_data.json
[2025-09-07T11:04:33.275129400] EXTRACT_SUCCESS: data\extracted_data.json
--------------------------------------------------
[2025-09-07T11:04:33.278210300] Finished: Stage-1_TRANSFORM_FILE=D__lap_java_dsa_path_to_transform.py_LOAD_FILE=D__lap_java_dsa_path_to_load.py_EXTRACT_FILE=D__lap_java_dsa_path_to_extract.py (exit code 0)
--------------------------------------------------


==================================================
[2025-09-07T11:04:33.279215400] Starting: Stage-2_TRANSFORM_FILE=D__lap_java_dsa_path_to_transform.py_LOAD_FILE=D__lap_java_dsa_path_to_load.py_EXTRACT_FILE=D__lap_java_dsa_path_to_extract.py
==================================================
[2025-09-07T11:04:33.279215400] Running command (Attempt 1): python D:/lap/java/dsa/path/to/transform.py
[2025-09-07T11:04:33.336757800] 2025-09-07 11:04:33,337 - INFO - Starting data transformation
[2025-09-07T11:04:33.338758300] 2025-09-07 11:04:33,338 - INFO - Transforming 3 records
[2025-09-07T11:04:33.339777900] 2025-09-07 11:04:33,339 - INFO - Transformed data written to data\transformed_data.json
[2025-09-07T11:04:33.339777900] TRANSFORM_SUCCESS: data\transformed_data.json
--------------------------------------------------
[2025-09-07T11:04:33.344757900] Finished: Stage-2_TRANSFORM_FILE=D__lap_java_dsa_path_to_transform.py_LOAD_FILE=D__lap_java_dsa_path_to_load.py_EXTRACT_FILE=D__lap_java_dsa_path_to_extract.py (exit code 0)
--------------------------------------------------


==================================================
[2025-09-07T11:04:33.345758600] Starting: Stage-3_TRANSFORM_FILE=D__lap_java_dsa_path_to_transform.py_LOAD_FILE=D__lap_java_dsa_path_to_load.py_EXTRACT_FILE=D__lap_java_dsa_path_to_extract.py
==================================================
[2025-09-07T11:04:33.345758600] Running command (Attempt 1): python D:/lap/java/dsa/path/to/load.py
[2025-09-07T11:04:33.407758600] 2025-09-07 11:04:33,408 - INFO - Starting data loading
[2025-09-07T11:04:33.423760400] 2025-09-07 11:04:33,423 - INFO - Loading 3 records
[2025-09-07T11:04:33.424758500] 2025-09-07 11:04:33,424 - INFO - Data loaded successfully to output\final_data.json
[2025-09-07T11:04:33.424758500] 2025-09-07 11:04:33,424 - INFO - Summary report generated at output\load_summary.json
[2025-09-07T11:04:33.424758500] LOAD_SUCCESS: output\final_data.json
[2025-09-07T11:04:33.424758500] SUMMARY: output\load_summary.json
--------------------------------------------------
[2025-09-07T11:04:33.429758400] Finished: Stage-3_TRANSFORM_FILE=D__lap_java_dsa_path_to_transform.py_LOAD_FILE=D__lap_java_dsa_path_to_load.py_EXTRACT_FILE=D__lap_java_dsa_path_to_extract.py (exit code 0)
--------------------------------------------------

Execution completed successfully.
Starting execution for job: DataIngestion (ID: 3)

==================================================
[2025-09-07T11:04:33.720445400] Starting: Stage-1_TRANSFORM_FILE=D__lap_java_dsa_path_to_transform.py_LOAD_FILE=D__lap_java_dsa_path_to_load.py_EXTRACT_FILE=D__lap_java_dsa_path_to_extract.py
==================================================
[2025-09-07T11:04:33.721446200] Running command (Attempt 1): python D:/lap/java/dsa/path/to/extract.py
[2025-09-07T11:04:33.802438900] 2025-09-07 11:04:33,803 - INFO - Starting data extraction
[2025-09-07T11:04:33.803440300] 2025-09-07 11:04:33,803 - INFO - Extracted 3 records
[2025-09-07T11:04:33.803440300] 2025-09-07 11:04:33,803 - INFO - Data written to data\extracted_data.json
[2025-09-07T11:04:33.803440300] EXTRACT_SUCCESS: data\extracted_data.json
--------------------------------------------------
[2025-09-07T11:04:33.808448300] Finished: Stage-1_TRANSFORM_FILE=D__lap_java_dsa_path_to_transform.py_LOAD_FILE=D__lap_java_dsa_path_to_load.py_EXTRACT_FILE=D__lap_java_dsa_path_to_extract.py (exit code 0)
--------------------------------------------------


==================================================
[2025-09-07T11:04:33.808448300] Starting: Stage-2_TRANSFORM_FILE=D__lap_java_dsa_path_to_transform.py_LOAD_FILE=D__lap_java_dsa_path_to_load.py_EXTRACT_FILE=D__lap_java_dsa_path_to_extract.py
==================================================
[2025-09-07T11:04:33.809439400] Running command (Attempt 1): python D:/lap/java/dsa/path/to/transform.py
[2025-09-07T11:04:33.863446700] 2025-09-07 11:04:33,863 - INFO - Starting data transformation
[2025-09-07T11:04:33.863446700] 2025-09-07 11:04:33,864 - INFO - Transforming 3 records
[2025-09-07T11:04:33.864443800] 2025-09-07 11:04:33,865 - INFO - Transformed data written to data\transformed_data.json
[2025-09-07T11:04:33.864443800] TRANSFORM_SUCCESS: data\transformed_data.json
--------------------------------------------------
[2025-09-07T11:04:33.870440600] Finished: Stage-2_TRANSFORM_FILE=D__lap_java_dsa_path_to_transform.py_LOAD_FILE=D__lap_java_dsa_path_to_load.py_EXTRACT_FILE=D__lap_java_dsa_path_to_extract.py (exit code 0)
--------------------------------------------------


==================================================
[2025-09-07T11:04:33.870440600] Starting: Stage-3_TRANSFORM_FILE=D__lap_java_dsa_path_to_transform.py_LOAD_FILE=D__lap_java_dsa_path_to_load.py_EXTRACT_FILE=D__lap_java_dsa_path_to_extract.py
==================================================
[2025-09-07T11:04:33.871441] Running command (Attempt 1): python D:/lap/java/dsa/path/to/load.py
[2025-09-07T11:04:33.930033500] 2025-09-07 11:04:33,930 - INFO - Starting data loading
[2025-09-07T11:04:33.944673900] 2025-09-07 11:04:33,944 - INFO - Loading 3 records
[2025-09-07T11:04:33.945664800] 2025-09-07 11:04:33,945 - INFO - Data loaded successfully to output\final_data.json
[2025-09-07T11:04:33.945664800] 2025-09-07 11:04:33,945 - INFO - Summary report generated at output\load_summary.json
[2025-09-07T11:04:33.945664800] LOAD_SUCCESS: output\final_data.json
[2025-09-07T11:04:33.945664800] SUMMARY: output\load_summary.json
--------------------------------------------------
[2025-09-07T11:04:33.952662300] Finished: Stage-3_TRANSFORM_FILE=D__lap_java_dsa_path_to_transform.py_LOAD_FILE=D__lap_java_dsa_path_to_load.py_EXTRACT_FILE=D__lap_java_dsa_path_to_extract.py (exit code 0)
--------------------------------------------------

Execution completed successfully.
