Starting execution for job: DataIngestion (ID: 2)

==================================================
[2025-09-07T10:17:30.761468700] Starting: Stage-1_TRANSFORM_FILE=D__lap_java_dsa_path_to_transform.py_LOAD_FILE=D__lap_java_dsa_path_to_load.py_EXTRACT_FILE=D__lap_java_dsa_path_to_extract.py
==================================================
[2025-09-07T10:17:30.761468700] Running command (Attempt 1): python D:/lap/java/dsa/path/to/extract.py
[2025-09-07T10:17:30.838466800] 2025-09-07 10:17:30,839 - INFO - Starting data extraction
[2025-09-07T10:17:30.839462400] 2025-09-07 10:17:30,839 - INFO - Extracted 3 records
[2025-09-07T10:17:30.839462400] 2025-09-07 10:17:30,839 - INFO - Data written to data\extracted_data.json
[2025-09-07T10:17:30.840480] EXTRACT_SUCCESS: data\extracted_data.json
--------------------------------------------------
[2025-09-07T10:17:30.845462100] Finished: Stage-1_TRANSFORM_FILE=D__lap_java_dsa_path_to_transform.py_LOAD_FILE=D__lap_java_dsa_path_to_load.py_EXTRACT_FILE=D__lap_java_dsa_path_to_extract.py (exit code 0)
--------------------------------------------------


==================================================
[2025-09-07T10:17:30.845462100] Starting: Stage-2_TRANSFORM_FILE=D__lap_java_dsa_path_to_transform.py_LOAD_FILE=D__lap_java_dsa_path_to_load.py_EXTRACT_FILE=D__lap_java_dsa_path_to_extract.py
==================================================
[2025-09-07T10:17:30.846464100] Running command (Attempt 1): python D:/lap/java/dsa/path/to/transform.py
[2025-09-07T10:17:30.913517300] 2025-09-07 10:17:30,913 - INFO - Starting data transformation
[2025-09-07T10:17:30.914544300] 2025-09-07 10:17:30,914 - INFO - Transforming 3 records
[2025-09-07T10:17:30.914544300] 2025-09-07 10:17:30,915 - INFO - Transformed data written to data\transformed_data.json
[2025-09-07T10:17:30.915466700] TRANSFORM_SUCCESS: data\transformed_data.json
--------------------------------------------------
[2025-09-07T10:17:30.920482300] Finished: Stage-2_TRANSFORM_FILE=D__lap_java_dsa_path_to_transform.py_LOAD_FILE=D__lap_java_dsa_path_to_load.py_EXTRACT_FILE=D__lap_java_dsa_path_to_extract.py (exit code 0)
--------------------------------------------------


==================================================
[2025-09-07T10:17:30.921468] Starting: Stage-3_TRANSFORM_FILE=D__lap_java_dsa_path_to_transform.py_LOAD_FILE=D__lap_java_dsa_path_to_load.py_EXTRACT_FILE=D__lap_java_dsa_path_to_extract.py
==================================================
[2025-09-07T10:17:30.921468] Running command (Attempt 1): python D:/lap/java/dsa/path/to/load.py
[2025-09-07T10:17:30.978467600] 2025-09-07 10:17:30,978 - INFO - Starting data loading
[2025-09-07T10:17:30.998544900] 2025-09-07 10:17:30,999 - INFO - Loading 3 records
[2025-09-07T10:17:30.999466300] 2025-09-07 10:17:30,999 - INFO - Data loaded successfully to output\final_data.json
[2025-09-07T10:17:30.999466300] 2025-09-07 10:17:30,999 - INFO - Summary report generated at output\load_summary.json
[2025-09-07T10:17:30.999466300] LOAD_SUCCESS: output\final_data.json
[2025-09-07T10:17:30.999466300] SUMMARY: output\load_summary.json
--------------------------------------------------
[2025-09-07T10:17:31.007464100] Finished: Stage-3_TRANSFORM_FILE=D__lap_java_dsa_path_to_transform.py_LOAD_FILE=D__lap_java_dsa_path_to_load.py_EXTRACT_FILE=D__lap_java_dsa_path_to_extract.py (exit code 0)
--------------------------------------------------

Execution completed successfully.
