Starting execution for job: DataIngestion (ID: 3)

==================================================
[2025-09-07T11:04:29.580112300] Starting: Stage-1_TRANSFORM_FILE=D__lap_java_dsa_path_to_transform.py_LOAD_FILE=D__lap_java_dsa_path_to_load.py_EXTRACT_FILE=D__lap_java_dsa_path_to_extract.py
==================================================
[2025-09-07T11:04:29.580112300] Running command (Attempt 1): python D:/lap/java/dsa/path/to/extract.py
[2025-09-07T11:04:29.869603400] 2025-09-07 11:04:29,870 - INFO - Starting data extraction
[2025-09-07T11:04:29.871095500] 2025-09-07 11:04:29,870 - INFO - Extracted 3 records
[2025-09-07T11:04:29.871095500] 2025-09-07 11:04:29,871 - INFO - Data written to data\extracted_data.json
[2025-09-07T11:04:29.871095500] EXTRACT_SUCCESS: data\extracted_data.json
--------------------------------------------------
[2025-09-07T11:04:29.876589600] Finished: Stage-1_TRANSFORM_FILE=D__lap_java_dsa_path_to_transform.py_LOAD_FILE=D__lap_java_dsa_path_to_load.py_EXTRACT_FILE=D__lap_java_dsa_path_to_extract.py (exit code 0)
--------------------------------------------------


==================================================
[2025-09-07T11:04:29.879603] Starting: Stage-2_TRANSFORM_FILE=D__lap_java_dsa_path_to_transform.py_LOAD_FILE=D__lap_java_dsa_path_to_load.py_EXTRACT_FILE=D__lap_java_dsa_path_to_extract.py
==================================================
[2025-09-07T11:04:29.879603] Running command (Attempt 1): python D:/lap/java/dsa/path/to/transform.py
[2025-09-07T11:04:29.943935300] 2025-09-07 11:04:29,944 - INFO - Starting data transformation
[2025-09-07T11:04:29.944944200] 2025-09-07 11:04:29,945 - INFO - Transforming 3 records
[2025-09-07T11:04:29.946144100] 2025-09-07 11:04:29,946 - INFO - Transformed data written to data\transformed_data.json
[2025-09-07T11:04:29.946144100] TRANSFORM_SUCCESS: data\transformed_data.json
--------------------------------------------------
[2025-09-07T11:04:29.951808700] Finished: Stage-2_TRANSFORM_FILE=D__lap_java_dsa_path_to_transform.py_LOAD_FILE=D__lap_java_dsa_path_to_load.py_EXTRACT_FILE=D__lap_java_dsa_path_to_extract.py (exit code 0)
--------------------------------------------------


==================================================
[2025-09-07T11:04:29.952808300] Starting: Stage-3_TRANSFORM_FILE=D__lap_java_dsa_path_to_transform.py_LOAD_FILE=D__lap_java_dsa_path_to_load.py_EXTRACT_FILE=D__lap_java_dsa_path_to_extract.py
==================================================
[2025-09-07T11:04:29.952808300] Running command (Attempt 1): python D:/lap/java/dsa/path/to/load.py
[2025-09-07T11:04:30.014337] 2025-09-07 11:04:30,014 - INFO - Starting data loading
[2025-09-07T11:04:30.030190100] 2025-09-07 11:04:30,030 - INFO - Loading 3 records
[2025-09-07T11:04:30.030190100] 2025-09-07 11:04:30,030 - INFO - Data loaded successfully to output\final_data.json
[2025-09-07T11:04:30.031190100] 2025-09-07 11:04:30,030 - INFO - Summary report generated at output\load_summary.json
[2025-09-07T11:04:30.031190100] LOAD_SUCCESS: output\final_data.json
[2025-09-07T11:04:30.031190100] SUMMARY: output\load_summary.json
--------------------------------------------------
[2025-09-07T11:04:30.035559500] Finished: Stage-3_TRANSFORM_FILE=D__lap_java_dsa_path_to_transform.py_LOAD_FILE=D__lap_java_dsa_path_to_load.py_EXTRACT_FILE=D__lap_java_dsa_path_to_extract.py (exit code 0)
--------------------------------------------------

Execution completed successfully.
