Starting execution for job: DataIngestion (ID: 3)

==================================================
[2025-09-07T10:47:30.326389600] Starting: Stage-1_TRANSFORM_FILE=D__lap_java_dsa_path_to_transform.py_LOAD_FILE=D__lap_java_dsa_path_to_load.py_EXTRACT_FILE=D__lap_java_dsa_path_to_extract.py
==================================================
[2025-09-07T10:47:30.327388] Running command (Attempt 1): python D:/lap/java/dsa/path/to/extract.py
[2025-09-07T10:47:30.417896900] 2025-09-07 10:47:30,418 - INFO - Starting data extraction
[2025-09-07T10:47:30.417896900] 2025-09-07 10:47:30,418 - INFO - Extracted 3 records
[2025-09-07T10:47:30.417896900] 2025-09-07 10:47:30,418 - INFO - Data written to data\extracted_data.json
[2025-09-07T10:47:30.418889700] EXTRACT_SUCCESS: data\extracted_data.json
--------------------------------------------------
[2025-09-07T10:47:30.423821100] Finished: Stage-1_TRANSFORM_FILE=D__lap_java_dsa_path_to_transform.py_LOAD_FILE=D__lap_java_dsa_path_to_load.py_EXTRACT_FILE=D__lap_java_dsa_path_to_extract.py (exit code 0)
--------------------------------------------------


==================================================
[2025-09-07T10:47:30.423821100] Starting: Stage-2_TRANSFORM_FILE=D__lap_java_dsa_path_to_transform.py_LOAD_FILE=D__lap_java_dsa_path_to_load.py_EXTRACT_FILE=D__lap_java_dsa_path_to_extract.py
==================================================
[2025-09-07T10:47:30.423821100] Running command (Attempt 1): python D:/lap/java/dsa/path/to/transform.py
[2025-09-07T10:47:30.498488700] 2025-09-07 10:47:30,499 - INFO - Starting data transformation
[2025-09-07T10:47:30.500662300] 2025-09-07 10:47:30,501 - INFO - Transforming 3 records
[2025-09-07T10:47:30.502436700] 2025-09-07 10:47:30,502 - INFO - Transformed data written to data\transformed_data.json
[2025-09-07T10:47:30.502436700] TRANSFORM_SUCCESS: data\transformed_data.json
--------------------------------------------------
[2025-09-07T10:47:30.507025700] Finished: Stage-2_TRANSFORM_FILE=D__lap_java_dsa_path_to_transform.py_LOAD_FILE=D__lap_java_dsa_path_to_load.py_EXTRACT_FILE=D__lap_java_dsa_path_to_extract.py (exit code 0)
--------------------------------------------------


==================================================
[2025-09-07T10:47:30.508025500] Starting: Stage-3_TRANSFORM_FILE=D__lap_java_dsa_path_to_transform.py_LOAD_FILE=D__lap_java_dsa_path_to_load.py_EXTRACT_FILE=D__lap_java_dsa_path_to_extract.py
==================================================
[2025-09-07T10:47:30.508025500] Running command (Attempt 1): python D:/lap/java/dsa/path/to/load.py
[2025-09-07T10:47:30.604116300] 2025-09-07 10:47:30,604 - INFO - Starting data loading
[2025-09-07T10:47:30.616117600] 2025-09-07 10:47:30,616 - INFO - Loading 3 records
[2025-09-07T10:47:30.617114900] 2025-09-07 10:47:30,617 - INFO - Data loaded successfully to output\final_data.json
[2025-09-07T10:47:30.618110300] 2025-09-07 10:47:30,617 - INFO - Summary report generated at output\load_summary.json
[2025-09-07T10:47:30.618110300] LOAD_SUCCESS: output\final_data.json
[2025-09-07T10:47:30.618110300] SUMMARY: output\load_summary.json
--------------------------------------------------
[2025-09-07T10:47:30.623120800] Finished: Stage-3_TRANSFORM_FILE=D__lap_java_dsa_path_to_transform.py_LOAD_FILE=D__lap_java_dsa_path_to_load.py_EXTRACT_FILE=D__lap_java_dsa_path_to_extract.py (exit code 0)
--------------------------------------------------

Execution completed successfully.
Starting execution for job: DataIngestion (ID: 3)

==================================================
[2025-09-07T10:47:30.831261300] Starting: Stage-1_TRANSFORM_FILE=D__lap_java_dsa_path_to_transform.py_LOAD_FILE=D__lap_java_dsa_path_to_load.py_EXTRACT_FILE=D__lap_java_dsa_path_to_extract.py
==================================================
[2025-09-07T10:47:30.831261300] Running command (Attempt 1): python D:/lap/java/dsa/path/to/extract.py
[2025-09-07T10:47:30.900449800] 2025-09-07 10:47:30,900 - INFO - Starting data extraction
[2025-09-07T10:47:30.900449800] 2025-09-07 10:47:30,900 - INFO - Extracted 3 records
[2025-09-07T10:47:30.900449800] 2025-09-07 10:47:30,901 - INFO - Data written to data\extracted_data.json
[2025-09-07T10:47:30.901450800] EXTRACT_SUCCESS: data\extracted_data.json
--------------------------------------------------
[2025-09-07T10:47:30.906460700] Finished: Stage-1_TRANSFORM_FILE=D__lap_java_dsa_path_to_transform.py_LOAD_FILE=D__lap_java_dsa_path_to_load.py_EXTRACT_FILE=D__lap_java_dsa_path_to_extract.py (exit code 0)
--------------------------------------------------


==================================================
[2025-09-07T10:47:30.906460700] Starting: Stage-2_TRANSFORM_FILE=D__lap_java_dsa_path_to_transform.py_LOAD_FILE=D__lap_java_dsa_path_to_load.py_EXTRACT_FILE=D__lap_java_dsa_path_to_extract.py
==================================================
[2025-09-07T10:47:30.906460700] Running command (Attempt 1): python D:/lap/java/dsa/path/to/transform.py
[2025-09-07T10:47:30.973546600] 2025-09-07 10:47:30,974 - INFO - Starting data transformation
[2025-09-07T10:47:30.974550300] 2025-09-07 10:47:30,975 - INFO - Transforming 3 records
[2025-09-07T10:47:30.975548400] 2025-09-07 10:47:30,976 - INFO - Transformed data written to data\transformed_data.json
[2025-09-07T10:47:30.976547400] TRANSFORM_SUCCESS: data\transformed_data.json
--------------------------------------------------
[2025-09-07T10:47:30.981548200] Finished: Stage-2_TRANSFORM_FILE=D__lap_java_dsa_path_to_transform.py_LOAD_FILE=D__lap_java_dsa_path_to_load.py_EXTRACT_FILE=D__lap_java_dsa_path_to_extract.py (exit code 0)
--------------------------------------------------


==================================================
[2025-09-07T10:47:30.981548200] Starting: Stage-3_TRANSFORM_FILE=D__lap_java_dsa_path_to_transform.py_LOAD_FILE=D__lap_java_dsa_path_to_load.py_EXTRACT_FILE=D__lap_java_dsa_path_to_extract.py
==================================================
[2025-09-07T10:47:30.981548200] Running command (Attempt 1): python D:/lap/java/dsa/path/to/load.py
[2025-09-07T10:47:31.049389400] 2025-09-07 10:47:31,049 - INFO - Starting data loading
[2025-09-07T10:47:31.062849800] 2025-09-07 10:47:31,063 - INFO - Loading 3 records
[2025-09-07T10:47:31.064843200] 2025-09-07 10:47:31,064 - INFO - Data loaded successfully to output\final_data.json
[2025-09-07T10:47:31.064843200] 2025-09-07 10:47:31,064 - INFO - Summary report generated at output\load_summary.json
[2025-09-07T10:47:31.064843200] LOAD_SUCCESS: output\final_data.json
[2025-09-07T10:47:31.064843200] SUMMARY: output\load_summary.json
--------------------------------------------------
[2025-09-07T10:47:31.069847900] Finished: Stage-3_TRANSFORM_FILE=D__lap_java_dsa_path_to_transform.py_LOAD_FILE=D__lap_java_dsa_path_to_load.py_EXTRACT_FILE=D__lap_java_dsa_path_to_extract.py (exit code 0)
--------------------------------------------------

Execution completed successfully.
