Starting execution for job: DataIngestion (ID: 3)

==================================================
[2025-09-07T10:19:30.439888] Starting: Stage-1_TRANSFORM_FILE=D__lap_java_dsa_path_to_transform.py_LOAD_FILE=D__lap_java_dsa_path_to_load.py_EXTRACT_FILE=D__lap_java_dsa_path_to_extract.py
==================================================
[2025-09-07T10:19:30.440824] Running command (Attempt 1): python D:/lap/java/dsa/path/to/extract.py
[2025-09-07T10:19:30.516891300] 2025-09-07 10:19:30,517 - INFO - Starting data extraction
[2025-09-07T10:19:30.517934] 2025-09-07 10:19:30,517 - INFO - Extracted 3 records
[2025-09-07T10:19:30.517934] 2025-09-07 10:19:30,518 - INFO - Data written to data\extracted_data.json
[2025-09-07T10:19:30.518891100] EXTRACT_SUCCESS: data\extracted_data.json
--------------------------------------------------
[2025-09-07T10:19:30.522856900] Finished: Stage-1_TRANSFORM_FILE=D__lap_java_dsa_path_to_transform.py_LOAD_FILE=D__lap_java_dsa_path_to_load.py_EXTRACT_FILE=D__lap_java_dsa_path_to_extract.py (exit code 0)
--------------------------------------------------


==================================================
[2025-09-07T10:19:30.522856900] Starting: Stage-2_TRANSFORM_FILE=D__lap_java_dsa_path_to_transform.py_LOAD_FILE=D__lap_java_dsa_path_to_load.py_EXTRACT_FILE=D__lap_java_dsa_path_to_extract.py
==================================================
[2025-09-07T10:19:30.522856900] Running command (Attempt 1): python D:/lap/java/dsa/path/to/transform.py
[2025-09-07T10:19:30.581916500] 2025-09-07 10:19:30,582 - INFO - Starting data transformation
[2025-09-07T10:19:30.582821900] 2025-09-07 10:19:30,583 - INFO - Transforming 3 records
[2025-09-07T10:19:30.583890700] 2025-09-07 10:19:30,584 - INFO - Transformed data written to data\transformed_data.json
[2025-09-07T10:19:30.584920200] TRANSFORM_SUCCESS: data\transformed_data.json
--------------------------------------------------
[2025-09-07T10:19:30.589812200] Finished: Stage-2_TRANSFORM_FILE=D__lap_java_dsa_path_to_transform.py_LOAD_FILE=D__lap_java_dsa_path_to_load.py_EXTRACT_FILE=D__lap_java_dsa_path_to_extract.py (exit code 0)
--------------------------------------------------


==================================================
[2025-09-07T10:19:30.589812200] Starting: Stage-3_TRANSFORM_FILE=D__lap_java_dsa_path_to_transform.py_LOAD_FILE=D__lap_java_dsa_path_to_load.py_EXTRACT_FILE=D__lap_java_dsa_path_to_extract.py
==================================================
[2025-09-07T10:19:30.589812200] Running command (Attempt 1): python D:/lap/java/dsa/path/to/load.py
[2025-09-07T10:19:30.649441100] 2025-09-07 10:19:30,649 - INFO - Starting data loading
[2025-09-07T10:19:30.660443400] 2025-09-07 10:19:30,660 - INFO - Loading 3 records
[2025-09-07T10:19:30.660443400] 2025-09-07 10:19:30,661 - INFO - Data loaded successfully to output\final_data.json
[2025-09-07T10:19:30.660443400] 2025-09-07 10:19:30,661 - INFO - Summary report generated at output\load_summary.json
[2025-09-07T10:19:30.661440400] LOAD_SUCCESS: output\final_data.json
[2025-09-07T10:19:30.661440400] SUMMARY: output\load_summary.json
--------------------------------------------------
[2025-09-07T10:19:30.666435] Finished: Stage-3_TRANSFORM_FILE=D__lap_java_dsa_path_to_transform.py_LOAD_FILE=D__lap_java_dsa_path_to_load.py_EXTRACT_FILE=D__lap_java_dsa_path_to_extract.py (exit code 0)
--------------------------------------------------

Execution completed successfully.
Starting execution for job: DataIngestion (ID: 3)

==================================================
[2025-09-07T10:19:30.937518900] Starting: Stage-1_TRANSFORM_FILE=D__lap_java_dsa_path_to_transform.py_LOAD_FILE=D__lap_java_dsa_path_to_load.py_EXTRACT_FILE=D__lap_java_dsa_path_to_extract.py
==================================================
[2025-09-07T10:19:30.938446500] Running command (Attempt 1): python D:/lap/java/dsa/path/to/extract.py
[2025-09-07T10:19:31.024517700] 2025-09-07 10:19:31,024 - INFO - Starting data extraction
[2025-09-07T10:19:31.024517700] 2025-09-07 10:19:31,024 - INFO - Extracted 3 records
[2025-09-07T10:19:31.024517700] 2025-09-07 10:19:31,024 - INFO - Data written to data\extracted_data.json
[2025-09-07T10:19:31.024517700] EXTRACT_SUCCESS: data\extracted_data.json
--------------------------------------------------
[2025-09-07T10:19:31.029435500] Finished: Stage-1_TRANSFORM_FILE=D__lap_java_dsa_path_to_transform.py_LOAD_FILE=D__lap_java_dsa_path_to_load.py_EXTRACT_FILE=D__lap_java_dsa_path_to_extract.py (exit code 0)
--------------------------------------------------


==================================================
[2025-09-07T10:19:31.030434400] Starting: Stage-2_TRANSFORM_FILE=D__lap_java_dsa_path_to_transform.py_LOAD_FILE=D__lap_java_dsa_path_to_load.py_EXTRACT_FILE=D__lap_java_dsa_path_to_extract.py
==================================================
[2025-09-07T10:19:31.030434400] Running command (Attempt 1): python D:/lap/java/dsa/path/to/transform.py
[2025-09-07T10:19:31.083520900] 2025-09-07 10:19:31,084 - INFO - Starting data transformation
[2025-09-07T10:19:31.084534700] 2025-09-07 10:19:31,085 - INFO - Transforming 3 records
[2025-09-07T10:19:31.085435200] 2025-09-07 10:19:31,086 - INFO - Transformed data written to data\transformed_data.json
[2025-09-07T10:19:31.085435200] TRANSFORM_SUCCESS: data\transformed_data.json
--------------------------------------------------
[2025-09-07T10:19:31.091434600] Finished: Stage-2_TRANSFORM_FILE=D__lap_java_dsa_path_to_transform.py_LOAD_FILE=D__lap_java_dsa_path_to_load.py_EXTRACT_FILE=D__lap_java_dsa_path_to_extract.py (exit code 0)
--------------------------------------------------


==================================================
[2025-09-07T10:19:31.091434600] Starting: Stage-3_TRANSFORM_FILE=D__lap_java_dsa_path_to_transform.py_LOAD_FILE=D__lap_java_dsa_path_to_load.py_EXTRACT_FILE=D__lap_java_dsa_path_to_extract.py
==================================================
[2025-09-07T10:19:31.091434600] Running command (Attempt 1): python D:/lap/java/dsa/path/to/load.py
[2025-09-07T10:19:31.152623200] 2025-09-07 10:19:31,152 - INFO - Starting data loading
[2025-09-07T10:19:31.165699500] 2025-09-07 10:19:31,166 - INFO - Loading 3 records
[2025-09-07T10:19:31.166616] 2025-09-07 10:19:31,167 - INFO - Data loaded successfully to output\final_data.json
[2025-09-07T10:19:31.166616] 2025-09-07 10:19:31,167 - INFO - Summary report generated at output\load_summary.json
[2025-09-07T10:19:31.166616] LOAD_SUCCESS: output\final_data.json
[2025-09-07T10:19:31.166616] SUMMARY: output\load_summary.json
--------------------------------------------------
[2025-09-07T10:19:31.172614700] Finished: Stage-3_TRANSFORM_FILE=D__lap_java_dsa_path_to_transform.py_LOAD_FILE=D__lap_java_dsa_path_to_load.py_EXTRACT_FILE=D__lap_java_dsa_path_to_extract.py (exit code 0)
--------------------------------------------------

Execution completed successfully.
