Starting execution for job: DataIngestion (ID: 3)

==================================================
[2025-09-07T10:40:30.490578800] Starting: Stage-1_TRANSFORM_FILE=D__lap_java_dsa_path_to_transform.py_LOAD_FILE=D__lap_java_dsa_path_to_load.py_EXTRACT_FILE=D__lap_java_dsa_path_to_extract.py
==================================================
[2025-09-07T10:40:30.490578800] Running command (Attempt 1): python D:/lap/java/dsa/path/to/extract.py
[2025-09-07T10:40:30.557798600] 2025-09-07 10:40:30,557 - INFO - Starting data extraction
[2025-09-07T10:40:30.557798600] 2025-09-07 10:40:30,557 - INFO - Extracted 3 records
[2025-09-07T10:40:30.557798600] 2025-09-07 10:40:30,558 - INFO - Data written to data\extracted_data.json
[2025-09-07T10:40:30.559796900] EXTRACT_SUCCESS: data\extracted_data.json
--------------------------------------------------
[2025-09-07T10:40:30.562792] Finished: Stage-1_TRANSFORM_FILE=D__lap_java_dsa_path_to_transform.py_LOAD_FILE=D__lap_java_dsa_path_to_load.py_EXTRACT_FILE=D__lap_java_dsa_path_to_extract.py (exit code 0)
--------------------------------------------------


==================================================
[2025-09-07T10:40:30.563790700] Starting: Stage-2_TRANSFORM_FILE=D__lap_java_dsa_path_to_transform.py_LOAD_FILE=D__lap_java_dsa_path_to_load.py_EXTRACT_FILE=D__lap_java_dsa_path_to_extract.py
==================================================
[2025-09-07T10:40:30.563790700] Running command (Attempt 1): python D:/lap/java/dsa/path/to/transform.py
[2025-09-07T10:40:30.616664600] 2025-09-07 10:40:30,616 - INFO - Starting data transformation
[2025-09-07T10:40:30.616664600] 2025-09-07 10:40:30,617 - INFO - Transforming 3 records
[2025-09-07T10:40:30.618591800] 2025-09-07 10:40:30,618 - INFO - Transformed data written to data\transformed_data.json
[2025-09-07T10:40:30.618591800] TRANSFORM_SUCCESS: data\transformed_data.json
--------------------------------------------------
[2025-09-07T10:40:30.623890] Finished: Stage-2_TRANSFORM_FILE=D__lap_java_dsa_path_to_transform.py_LOAD_FILE=D__lap_java_dsa_path_to_load.py_EXTRACT_FILE=D__lap_java_dsa_path_to_extract.py (exit code 0)
--------------------------------------------------


==================================================
[2025-09-07T10:40:30.623890] Starting: Stage-3_TRANSFORM_FILE=D__lap_java_dsa_path_to_transform.py_LOAD_FILE=D__lap_java_dsa_path_to_load.py_EXTRACT_FILE=D__lap_java_dsa_path_to_extract.py
==================================================
[2025-09-07T10:40:30.624909100] Running command (Attempt 1): python D:/lap/java/dsa/path/to/load.py
[2025-09-07T10:40:30.680194] 2025-09-07 10:40:30,680 - INFO - Starting data loading
[2025-09-07T10:40:30.695186300] 2025-09-07 10:40:30,695 - INFO - Loading 3 records
[2025-09-07T10:40:30.696182700] 2025-09-07 10:40:30,696 - INFO - Data loaded successfully to output\final_data.json
[2025-09-07T10:40:30.696182700] 2025-09-07 10:40:30,696 - INFO - Summary report generated at output\load_summary.json
[2025-09-07T10:40:30.696182700] LOAD_SUCCESS: output\final_data.json
[2025-09-07T10:40:30.696182700] SUMMARY: output\load_summary.json
--------------------------------------------------
[2025-09-07T10:40:30.702261300] Finished: Stage-3_TRANSFORM_FILE=D__lap_java_dsa_path_to_transform.py_LOAD_FILE=D__lap_java_dsa_path_to_load.py_EXTRACT_FILE=D__lap_java_dsa_path_to_extract.py (exit code 0)
--------------------------------------------------

Execution completed successfully.
Starting execution for job: DataIngestion (ID: 3)

==================================================
[2025-09-07T10:40:30.992847900] Starting: Stage-1_TRANSFORM_FILE=D__lap_java_dsa_path_to_transform.py_LOAD_FILE=D__lap_java_dsa_path_to_load.py_EXTRACT_FILE=D__lap_java_dsa_path_to_extract.py
==================================================
[2025-09-07T10:40:30.992847900] Running command (Attempt 1): python D:/lap/java/dsa/path/to/extract.py
[2025-09-07T10:40:31.053374500] 2025-09-07 10:40:31,053 - INFO - Starting data extraction
[2025-09-07T10:40:31.054374800] 2025-09-07 10:40:31,054 - INFO - Extracted 3 records
[2025-09-07T10:40:31.054374800] 2025-09-07 10:40:31,054 - INFO - Data written to data\extracted_data.json
[2025-09-07T10:40:31.054374800] EXTRACT_SUCCESS: data\extracted_data.json
--------------------------------------------------
[2025-09-07T10:40:31.059374800] Finished: Stage-1_TRANSFORM_FILE=D__lap_java_dsa_path_to_transform.py_LOAD_FILE=D__lap_java_dsa_path_to_load.py_EXTRACT_FILE=D__lap_java_dsa_path_to_extract.py (exit code 0)
--------------------------------------------------


==================================================
[2025-09-07T10:40:31.060373800] Starting: Stage-2_TRANSFORM_FILE=D__lap_java_dsa_path_to_transform.py_LOAD_FILE=D__lap_java_dsa_path_to_load.py_EXTRACT_FILE=D__lap_java_dsa_path_to_extract.py
==================================================
[2025-09-07T10:40:31.060373800] Running command (Attempt 1): python D:/lap/java/dsa/path/to/transform.py
[2025-09-07T10:40:31.124061900] 2025-09-07 10:40:31,124 - INFO - Starting data transformation
[2025-09-07T10:40:31.125062] 2025-09-07 10:40:31,125 - INFO - Transforming 3 records
[2025-09-07T10:40:31.126058500] 2025-09-07 10:40:31,126 - INFO - Transformed data written to data\transformed_data.json
[2025-09-07T10:40:31.126058500] TRANSFORM_SUCCESS: data\transformed_data.json
--------------------------------------------------
[2025-09-07T10:40:31.131262500] Finished: Stage-2_TRANSFORM_FILE=D__lap_java_dsa_path_to_transform.py_LOAD_FILE=D__lap_java_dsa_path_to_load.py_EXTRACT_FILE=D__lap_java_dsa_path_to_extract.py (exit code 0)
--------------------------------------------------


==================================================
[2025-09-07T10:40:31.132261100] Starting: Stage-3_TRANSFORM_FILE=D__lap_java_dsa_path_to_transform.py_LOAD_FILE=D__lap_java_dsa_path_to_load.py_EXTRACT_FILE=D__lap_java_dsa_path_to_extract.py
==================================================
[2025-09-07T10:40:31.132261100] Running command (Attempt 1): python D:/lap/java/dsa/path/to/load.py
[2025-09-07T10:40:31.194940900] 2025-09-07 10:40:31,195 - INFO - Starting data loading
[2025-09-07T10:40:31.209020400] 2025-09-07 10:40:31,209 - INFO - Loading 3 records
[2025-09-07T10:40:31.209939500] 2025-09-07 10:40:31,210 - INFO - Data loaded successfully to output\final_data.json
[2025-09-07T10:40:31.209939500] 2025-09-07 10:40:31,210 - INFO - Summary report generated at output\load_summary.json
[2025-09-07T10:40:31.209939500] LOAD_SUCCESS: output\final_data.json
[2025-09-07T10:40:31.210939700] SUMMARY: output\load_summary.json
--------------------------------------------------
[2025-09-07T10:40:31.215937900] Finished: Stage-3_TRANSFORM_FILE=D__lap_java_dsa_path_to_transform.py_LOAD_FILE=D__lap_java_dsa_path_to_load.py_EXTRACT_FILE=D__lap_java_dsa_path_to_extract.py (exit code 0)
--------------------------------------------------

Execution completed successfully.
