Starting execution for job: DataIngestion (ID: 3)

==================================================
[2025-09-07T10:19:32.451472400] Starting: Stage-1_TRANSFORM_FILE=D__lap_java_dsa_path_to_transform.py_LOAD_FILE=D__lap_java_dsa_path_to_load.py_EXTRACT_FILE=D__lap_java_dsa_path_to_extract.py
==================================================
[2025-09-07T10:19:32.452463400] Running command (Attempt 1): python D:/lap/java/dsa/path/to/extract.py
[2025-09-07T10:19:32.535546300] 2025-09-07 10:19:32,535 - INFO - Starting data extraction
[2025-09-07T10:19:32.535546300] 2025-09-07 10:19:32,535 - INFO - Extracted 3 records
[2025-09-07T10:19:32.535546300] 2025-09-07 10:19:32,536 - INFO - Data written to data\extracted_data.json
[2025-09-07T10:19:32.536518800] EXTRACT_SUCCESS: data\extracted_data.json
--------------------------------------------------
[2025-09-07T10:19:32.541542800] Finished: Stage-1_TRANSFORM_FILE=D__lap_java_dsa_path_to_transform.py_LOAD_FILE=D__lap_java_dsa_path_to_load.py_EXTRACT_FILE=D__lap_java_dsa_path_to_extract.py (exit code 0)
--------------------------------------------------


==================================================
[2025-09-07T10:19:32.541542800] Starting: Stage-2_TRANSFORM_FILE=D__lap_java_dsa_path_to_transform.py_LOAD_FILE=D__lap_java_dsa_path_to_load.py_EXTRACT_FILE=D__lap_java_dsa_path_to_extract.py
==================================================
[2025-09-07T10:19:32.542464200] Running command (Attempt 1): python D:/lap/java/dsa/path/to/transform.py
[2025-09-07T10:19:32.609463900] 2025-09-07 10:19:32,609 - INFO - Starting data transformation
[2025-09-07T10:19:32.610818900] 2025-09-07 10:19:32,611 - INFO - Transforming 3 records
[2025-09-07T10:19:32.611831300] 2025-09-07 10:19:32,612 - INFO - Transformed data written to data\transformed_data.json
[2025-09-07T10:19:32.611831300] TRANSFORM_SUCCESS: data\transformed_data.json
--------------------------------------------------
[2025-09-07T10:19:32.618659300] Finished: Stage-2_TRANSFORM_FILE=D__lap_java_dsa_path_to_transform.py_LOAD_FILE=D__lap_java_dsa_path_to_load.py_EXTRACT_FILE=D__lap_java_dsa_path_to_extract.py (exit code 0)
--------------------------------------------------


==================================================
[2025-09-07T10:19:32.618659300] Starting: Stage-3_TRANSFORM_FILE=D__lap_java_dsa_path_to_transform.py_LOAD_FILE=D__lap_java_dsa_path_to_load.py_EXTRACT_FILE=D__lap_java_dsa_path_to_extract.py
==================================================
[2025-09-07T10:19:32.618659300] Running command (Attempt 1): python D:/lap/java/dsa/path/to/load.py
[2025-09-07T10:19:32.685609300] 2025-09-07 10:19:32,686 - INFO - Starting data loading
[2025-09-07T10:19:32.699609300] 2025-09-07 10:19:32,699 - INFO - Loading 3 records
[2025-09-07T10:19:32.699609300] 2025-09-07 10:19:32,700 - INFO - Data loaded successfully to output\final_data.json
[2025-09-07T10:19:32.699609300] 2025-09-07 10:19:32,700 - INFO - Summary report generated at output\load_summary.json
[2025-09-07T10:19:32.700791200] LOAD_SUCCESS: output\final_data.json
[2025-09-07T10:19:32.700791200] SUMMARY: output\load_summary.json
--------------------------------------------------
[2025-09-07T10:19:32.705289700] Finished: Stage-3_TRANSFORM_FILE=D__lap_java_dsa_path_to_transform.py_LOAD_FILE=D__lap_java_dsa_path_to_load.py_EXTRACT_FILE=D__lap_java_dsa_path_to_extract.py (exit code 0)
--------------------------------------------------

Execution completed successfully.
Starting execution for job: DataIngestion (ID: 3)

==================================================
[2025-09-07T10:19:32.958946600] Starting: Stage-1_TRANSFORM_FILE=D__lap_java_dsa_path_to_transform.py_LOAD_FILE=D__lap_java_dsa_path_to_load.py_EXTRACT_FILE=D__lap_java_dsa_path_to_extract.py
==================================================
[2025-09-07T10:19:32.958946600] Running command (Attempt 1): python D:/lap/java/dsa/path/to/extract.py
[2025-09-07T10:19:33.056546500] 2025-09-07 10:19:33,057 - INFO - Starting data extraction
[2025-09-07T10:19:33.056546500] 2025-09-07 10:19:33,057 - INFO - Extracted 3 records
[2025-09-07T10:19:33.057555300] 2025-09-07 10:19:33,057 - INFO - Data written to data\extracted_data.json
[2025-09-07T10:19:33.057555300] EXTRACT_SUCCESS: data\extracted_data.json
--------------------------------------------------
[2025-09-07T10:19:33.062532900] Finished: Stage-1_TRANSFORM_FILE=D__lap_java_dsa_path_to_transform.py_LOAD_FILE=D__lap_java_dsa_path_to_load.py_EXTRACT_FILE=D__lap_java_dsa_path_to_extract.py (exit code 0)
--------------------------------------------------


==================================================
[2025-09-07T10:19:33.062532900] Starting: Stage-2_TRANSFORM_FILE=D__lap_java_dsa_path_to_transform.py_LOAD_FILE=D__lap_java_dsa_path_to_load.py_EXTRACT_FILE=D__lap_java_dsa_path_to_extract.py
==================================================
[2025-09-07T10:19:33.062532900] Running command (Attempt 1): python D:/lap/java/dsa/path/to/transform.py
[2025-09-07T10:19:33.124547900] 2025-09-07 10:19:33,124 - INFO - Starting data transformation
[2025-09-07T10:19:33.125524700] 2025-09-07 10:19:33,125 - INFO - Transforming 3 records
[2025-09-07T10:19:33.126468800] 2025-09-07 10:19:33,126 - INFO - Transformed data written to data\transformed_data.json
[2025-09-07T10:19:33.126468800] TRANSFORM_SUCCESS: data\transformed_data.json
--------------------------------------------------
[2025-09-07T10:19:33.132468500] Finished: Stage-2_TRANSFORM_FILE=D__lap_java_dsa_path_to_transform.py_LOAD_FILE=D__lap_java_dsa_path_to_load.py_EXTRACT_FILE=D__lap_java_dsa_path_to_extract.py (exit code 0)
--------------------------------------------------


==================================================
[2025-09-07T10:19:33.132468500] Starting: Stage-3_TRANSFORM_FILE=D__lap_java_dsa_path_to_transform.py_LOAD_FILE=D__lap_java_dsa_path_to_load.py_EXTRACT_FILE=D__lap_java_dsa_path_to_extract.py
==================================================
[2025-09-07T10:19:33.132468500] Running command (Attempt 1): python D:/lap/java/dsa/path/to/load.py
[2025-09-07T10:19:33.189476500] 2025-09-07 10:19:33,189 - INFO - Starting data loading
[2025-09-07T10:19:33.201583100] 2025-09-07 10:19:33,201 - INFO - Loading 3 records
[2025-09-07T10:19:33.201583100] 2025-09-07 10:19:33,202 - INFO - Data loaded successfully to output\final_data.json
[2025-09-07T10:19:33.202468900] 2025-09-07 10:19:33,202 - INFO - Summary report generated at output\load_summary.json
[2025-09-07T10:19:33.202468900] LOAD_SUCCESS: output\final_data.json
[2025-09-07T10:19:33.202468900] SUMMARY: output\load_summary.json
--------------------------------------------------
[2025-09-07T10:19:33.208384600] Finished: Stage-3_TRANSFORM_FILE=D__lap_java_dsa_path_to_transform.py_LOAD_FILE=D__lap_java_dsa_path_to_load.py_EXTRACT_FILE=D__lap_java_dsa_path_to_extract.py (exit code 0)
--------------------------------------------------

Execution completed successfully.
