Starting execution for job: DataIngestion (ID: 3)

==================================================
[2025-09-07T11:22:34.026049700] Starting: Stage-1_TRANSFORM_FILE=D__lap_java_dsa_path_to_transform.py_LOAD_FILE=D__lap_java_dsa_path_to_load.py_EXTRACT_FILE=D__lap_java_dsa_path_to_extract.py
==================================================
[2025-09-07T11:22:34.026049700] Running command (Attempt 1): python D:/lap/java/dsa/path/to/extract.py
[2025-09-07T11:22:34.099184500] 2025-09-07 11:22:34,099 - INFO - Starting data extraction
[2025-09-07T11:22:34.100184100] 2025-09-07 11:22:34,100 - INFO - Extracted 3 records
[2025-09-07T11:22:34.100184100] 2025-09-07 11:22:34,100 - INFO - Data written to data\extracted_data.json
[2025-09-07T11:22:34.101184800] EXTRACT_SUCCESS: data\extracted_data.json
--------------------------------------------------
[2025-09-07T11:22:34.105175100] Finished: Stage-1_TRANSFORM_FILE=D__lap_java_dsa_path_to_transform.py_LOAD_FILE=D__lap_java_dsa_path_to_load.py_EXTRACT_FILE=D__lap_java_dsa_path_to_extract.py (exit code 0)
--------------------------------------------------


==================================================
[2025-09-07T11:22:34.105175100] Starting: Stage-2_TRANSFORM_FILE=D__lap_java_dsa_path_to_transform.py_LOAD_FILE=D__lap_java_dsa_path_to_load.py_EXTRACT_FILE=D__lap_java_dsa_path_to_extract.py
==================================================
[2025-09-07T11:22:34.106218600] Running command (Attempt 1): python D:/lap/java/dsa/path/to/transform.py
[2025-09-07T11:22:34.171450200] 2025-09-07 11:22:34,171 - INFO - Starting data transformation
[2025-09-07T11:22:34.172440200] 2025-09-07 11:22:34,172 - INFO - Transforming 3 records
[2025-09-07T11:22:34.173441900] 2025-09-07 11:22:34,173 - INFO - Transformed data written to data\transformed_data.json
[2025-09-07T11:22:34.173441900] TRANSFORM_SUCCESS: data\transformed_data.json
--------------------------------------------------
[2025-09-07T11:22:34.179439600] Finished: Stage-2_TRANSFORM_FILE=D__lap_java_dsa_path_to_transform.py_LOAD_FILE=D__lap_java_dsa_path_to_load.py_EXTRACT_FILE=D__lap_java_dsa_path_to_extract.py (exit code 0)
--------------------------------------------------


==================================================
[2025-09-07T11:22:34.179439600] Starting: Stage-3_TRANSFORM_FILE=D__lap_java_dsa_path_to_transform.py_LOAD_FILE=D__lap_java_dsa_path_to_load.py_EXTRACT_FILE=D__lap_java_dsa_path_to_extract.py
==================================================
[2025-09-07T11:22:34.179439600] Running command (Attempt 1): python D:/lap/java/dsa/path/to/load.py
[2025-09-07T11:22:34.249608400] 2025-09-07 11:22:34,249 - INFO - Starting data loading
[2025-09-07T11:22:34.262615900] 2025-09-07 11:22:34,262 - INFO - Loading 3 records
[2025-09-07T11:22:34.263612] 2025-09-07 11:22:34,263 - INFO - Data loaded successfully to output\final_data.json
[2025-09-07T11:22:34.263612] 2025-09-07 11:22:34,263 - INFO - Summary report generated at output\load_summary.json
[2025-09-07T11:22:34.263612] LOAD_SUCCESS: output\final_data.json
[2025-09-07T11:22:34.263612] SUMMARY: output\load_summary.json
--------------------------------------------------
[2025-09-07T11:22:34.268608] Finished: Stage-3_TRANSFORM_FILE=D__lap_java_dsa_path_to_transform.py_LOAD_FILE=D__lap_java_dsa_path_to_load.py_EXTRACT_FILE=D__lap_java_dsa_path_to_extract.py (exit code 0)
--------------------------------------------------

Execution completed successfully.
