Starting execution for job: DataIngestion (ID: 3)

==================================================
[2025-09-07T10:53:29.573480400] Starting: Stage-1_TRANSFORM_FILE=D__lap_java_dsa_path_to_transform.py_LOAD_FILE=D__lap_java_dsa_path_to_load.py_EXTRACT_FILE=D__lap_java_dsa_path_to_extract.py
==================================================
[2025-09-07T10:53:29.573480400] Running command (Attempt 1): python D:/lap/java/dsa/path/to/extract.py
[2025-09-07T10:53:29.641833100] 2025-09-07 10:53:29,641 - INFO - Starting data extraction
[2025-09-07T10:53:29.641833100] 2025-09-07 10:53:29,641 - INFO - Extracted 3 records
[2025-09-07T10:53:29.641833100] 2025-09-07 10:53:29,642 - INFO - Data written to data\extracted_data.json
[2025-09-07T10:53:29.644087100] EXTRACT_SUCCESS: data\extracted_data.json
--------------------------------------------------
[2025-09-07T10:53:29.647080700] Finished: Stage-1_TRANSFORM_FILE=D__lap_java_dsa_path_to_transform.py_LOAD_FILE=D__lap_java_dsa_path_to_load.py_EXTRACT_FILE=D__lap_java_dsa_path_to_extract.py (exit code 0)
--------------------------------------------------


==================================================
[2025-09-07T10:53:29.649080300] Starting: Stage-2_TRANSFORM_FILE=D__lap_java_dsa_path_to_transform.py_LOAD_FILE=D__lap_java_dsa_path_to_load.py_EXTRACT_FILE=D__lap_java_dsa_path_to_extract.py
==================================================
[2025-09-07T10:53:29.649080300] Running command (Attempt 1): python D:/lap/java/dsa/path/to/transform.py
[2025-09-07T10:53:29.716944700] 2025-09-07 10:53:29,717 - INFO - Starting data transformation
[2025-09-07T10:53:29.717945100] 2025-09-07 10:53:29,718 - INFO - Transforming 3 records
[2025-09-07T10:53:29.719079300] 2025-09-07 10:53:29,719 - INFO - Transformed data written to data\transformed_data.json
[2025-09-07T10:53:29.719079300] TRANSFORM_SUCCESS: data\transformed_data.json
--------------------------------------------------
[2025-09-07T10:53:29.725088800] Finished: Stage-2_TRANSFORM_FILE=D__lap_java_dsa_path_to_transform.py_LOAD_FILE=D__lap_java_dsa_path_to_load.py_EXTRACT_FILE=D__lap_java_dsa_path_to_extract.py (exit code 0)
--------------------------------------------------


==================================================
[2025-09-07T10:53:29.726089800] Starting: Stage-3_TRANSFORM_FILE=D__lap_java_dsa_path_to_transform.py_LOAD_FILE=D__lap_java_dsa_path_to_load.py_EXTRACT_FILE=D__lap_java_dsa_path_to_extract.py
==================================================
[2025-09-07T10:53:29.726089800] Running command (Attempt 1): python D:/lap/java/dsa/path/to/load.py
[2025-09-07T10:53:29.787070500] 2025-09-07 10:53:29,787 - INFO - Starting data loading
[2025-09-07T10:53:29.804330400] 2025-09-07 10:53:29,805 - INFO - Loading 3 records
[2025-09-07T10:53:29.806336900] 2025-09-07 10:53:29,806 - INFO - Data loaded successfully to output\final_data.json
[2025-09-07T10:53:29.806336900] 2025-09-07 10:53:29,806 - INFO - Summary report generated at output\load_summary.json
[2025-09-07T10:53:29.806336900] LOAD_SUCCESS: output\final_data.json
[2025-09-07T10:53:29.807332500] SUMMARY: output\load_summary.json
--------------------------------------------------
[2025-09-07T10:53:29.813577100] Finished: Stage-3_TRANSFORM_FILE=D__lap_java_dsa_path_to_transform.py_LOAD_FILE=D__lap_java_dsa_path_to_load.py_EXTRACT_FILE=D__lap_java_dsa_path_to_extract.py (exit code 0)
--------------------------------------------------

Execution completed successfully.
Starting execution for job: DataIngestion (ID: 3)

==================================================
[2025-09-07T10:53:29.954511300] Starting: Stage-1_TRANSFORM_FILE=D__lap_java_dsa_path_to_transform.py_LOAD_FILE=D__lap_java_dsa_path_to_load.py_EXTRACT_FILE=D__lap_java_dsa_path_to_extract.py
==================================================
[2025-09-07T10:53:29.955511] Running command (Attempt 1): python D:/lap/java/dsa/path/to/extract.py
[2025-09-07T10:53:30.016509300] 2025-09-07 10:53:30,017 - INFO - Starting data extraction
[2025-09-07T10:53:30.017510400] 2025-09-07 10:53:30,017 - INFO - Extracted 3 records
[2025-09-07T10:53:30.017510400] 2025-09-07 10:53:30,017 - INFO - Data written to data\extracted_data.json
[2025-09-07T10:53:30.017510400] EXTRACT_SUCCESS: data\extracted_data.json
--------------------------------------------------
[2025-09-07T10:53:30.023510600] Finished: Stage-1_TRANSFORM_FILE=D__lap_java_dsa_path_to_transform.py_LOAD_FILE=D__lap_java_dsa_path_to_load.py_EXTRACT_FILE=D__lap_java_dsa_path_to_extract.py (exit code 0)
--------------------------------------------------


==================================================
[2025-09-07T10:53:30.023510600] Starting: Stage-2_TRANSFORM_FILE=D__lap_java_dsa_path_to_transform.py_LOAD_FILE=D__lap_java_dsa_path_to_load.py_EXTRACT_FILE=D__lap_java_dsa_path_to_extract.py
==================================================
[2025-09-07T10:53:30.024509500] Running command (Attempt 1): python D:/lap/java/dsa/path/to/transform.py
[2025-09-07T10:53:30.087511200] 2025-09-07 10:53:30,087 - INFO - Starting data transformation
[2025-09-07T10:53:30.088511100] 2025-09-07 10:53:30,089 - INFO - Transforming 3 records
[2025-09-07T10:53:30.090510200] 2025-09-07 10:53:30,090 - INFO - Transformed data written to data\transformed_data.json
[2025-09-07T10:53:30.090510200] TRANSFORM_SUCCESS: data\transformed_data.json
--------------------------------------------------
[2025-09-07T10:53:30.095509400] Finished: Stage-2_TRANSFORM_FILE=D__lap_java_dsa_path_to_transform.py_LOAD_FILE=D__lap_java_dsa_path_to_load.py_EXTRACT_FILE=D__lap_java_dsa_path_to_extract.py (exit code 0)
--------------------------------------------------


==================================================
[2025-09-07T10:53:30.096544700] Starting: Stage-3_TRANSFORM_FILE=D__lap_java_dsa_path_to_transform.py_LOAD_FILE=D__lap_java_dsa_path_to_load.py_EXTRACT_FILE=D__lap_java_dsa_path_to_extract.py
==================================================
[2025-09-07T10:53:30.096544700] Running command (Attempt 1): python D:/lap/java/dsa/path/to/load.py
[2025-09-07T10:53:30.152434500] 2025-09-07 10:53:30,152 - INFO - Starting data loading
[2025-09-07T10:53:30.164457800] 2025-09-07 10:53:30,164 - INFO - Loading 3 records
[2025-09-07T10:53:30.165349600] 2025-09-07 10:53:30,165 - INFO - Data loaded successfully to output\final_data.json
[2025-09-07T10:53:30.165349600] 2025-09-07 10:53:30,165 - INFO - Summary report generated at output\load_summary.json
[2025-09-07T10:53:30.165349600] LOAD_SUCCESS: output\final_data.json
[2025-09-07T10:53:30.165349600] SUMMARY: output\load_summary.json
--------------------------------------------------
[2025-09-07T10:53:30.170349900] Finished: Stage-3_TRANSFORM_FILE=D__lap_java_dsa_path_to_transform.py_LOAD_FILE=D__lap_java_dsa_path_to_load.py_EXTRACT_FILE=D__lap_java_dsa_path_to_extract.py (exit code 0)
--------------------------------------------------

Execution completed successfully.
