Starting execution for job: DataIngestion (ID: 3)

==================================================
[2025-09-07T10:53:30.463141300] Starting: Stage-1_TRANSFORM_FILE=D__lap_java_dsa_path_to_transform.py_LOAD_FILE=D__lap_java_dsa_path_to_load.py_EXTRACT_FILE=D__lap_java_dsa_path_to_extract.py
==================================================
[2025-09-07T10:53:30.469280] Running command (Attempt 1): python D:/lap/java/dsa/path/to/extract.py
[2025-09-07T10:53:30.540912700] 2025-09-07 10:53:30,540 - INFO - Starting data extraction
[2025-09-07T10:53:30.540912700] 2025-09-07 10:53:30,540 - INFO - Extracted 3 records
[2025-09-07T10:53:30.540912700] 2025-09-07 10:53:30,541 - INFO - Data written to data\extracted_data.json
[2025-09-07T10:53:30.541913300] EXTRACT_SUCCESS: data\extracted_data.json
--------------------------------------------------
[2025-09-07T10:53:30.545957900] Finished: Stage-1_TRANSFORM_FILE=D__lap_java_dsa_path_to_transform.py_LOAD_FILE=D__lap_java_dsa_path_to_load.py_EXTRACT_FILE=D__lap_java_dsa_path_to_extract.py (exit code 0)
--------------------------------------------------


==================================================
[2025-09-07T10:53:30.546912500] Starting: Stage-2_TRANSFORM_FILE=D__lap_java_dsa_path_to_transform.py_LOAD_FILE=D__lap_java_dsa_path_to_load.py_EXTRACT_FILE=D__lap_java_dsa_path_to_extract.py
==================================================
[2025-09-07T10:53:30.546912500] Running command (Attempt 1): python D:/lap/java/dsa/path/to/transform.py
[2025-09-07T10:53:30.618398300] 2025-09-07 10:53:30,618 - INFO - Starting data transformation
[2025-09-07T10:53:30.620404300] 2025-09-07 10:53:30,620 - INFO - Transforming 3 records
[2025-09-07T10:53:30.621401500] 2025-09-07 10:53:30,621 - INFO - Transformed data written to data\transformed_data.json
[2025-09-07T10:53:30.621401500] TRANSFORM_SUCCESS: data\transformed_data.json
--------------------------------------------------
[2025-09-07T10:53:30.626395500] Finished: Stage-2_TRANSFORM_FILE=D__lap_java_dsa_path_to_transform.py_LOAD_FILE=D__lap_java_dsa_path_to_load.py_EXTRACT_FILE=D__lap_java_dsa_path_to_extract.py (exit code 0)
--------------------------------------------------


==================================================
[2025-09-07T10:53:30.626395500] Starting: Stage-3_TRANSFORM_FILE=D__lap_java_dsa_path_to_transform.py_LOAD_FILE=D__lap_java_dsa_path_to_load.py_EXTRACT_FILE=D__lap_java_dsa_path_to_extract.py
==================================================
[2025-09-07T10:53:30.627396900] Running command (Attempt 1): python D:/lap/java/dsa/path/to/load.py
[2025-09-07T10:53:30.690879900] 2025-09-07 10:53:30,691 - INFO - Starting data loading
[2025-09-07T10:53:30.704882] 2025-09-07 10:53:30,704 - INFO - Loading 3 records
[2025-09-07T10:53:30.704882] 2025-09-07 10:53:30,705 - INFO - Data loaded successfully to output\final_data.json
[2025-09-07T10:53:30.704882] 2025-09-07 10:53:30,705 - INFO - Summary report generated at output\load_summary.json
[2025-09-07T10:53:30.704882] LOAD_SUCCESS: output\final_data.json
[2025-09-07T10:53:30.704882] SUMMARY: output\load_summary.json
--------------------------------------------------
[2025-09-07T10:53:30.711322800] Finished: Stage-3_TRANSFORM_FILE=D__lap_java_dsa_path_to_transform.py_LOAD_FILE=D__lap_java_dsa_path_to_load.py_EXTRACT_FILE=D__lap_java_dsa_path_to_extract.py (exit code 0)
--------------------------------------------------

Execution completed successfully.
Starting execution for job: DataIngestion (ID: 3)

==================================================
[2025-09-07T10:53:30.973976600] Starting: Stage-1_TRANSFORM_FILE=D__lap_java_dsa_path_to_transform.py_LOAD_FILE=D__lap_java_dsa_path_to_load.py_EXTRACT_FILE=D__lap_java_dsa_path_to_extract.py
==================================================
[2025-09-07T10:53:30.973976600] Running command (Attempt 1): python D:/lap/java/dsa/path/to/extract.py
[2025-09-07T10:53:31.059774400] 2025-09-07 10:53:31,059 - INFO - Starting data extraction
[2025-09-07T10:53:31.059774400] 2025-09-07 10:53:31,059 - INFO - Extracted 3 records
[2025-09-07T10:53:31.059774400] 2025-09-07 10:53:31,060 - INFO - Data written to data\extracted_data.json
[2025-09-07T10:53:31.059774400] EXTRACT_SUCCESS: data\extracted_data.json
--------------------------------------------------
[2025-09-07T10:53:31.064966400] Finished: Stage-1_TRANSFORM_FILE=D__lap_java_dsa_path_to_transform.py_LOAD_FILE=D__lap_java_dsa_path_to_load.py_EXTRACT_FILE=D__lap_java_dsa_path_to_extract.py (exit code 0)
--------------------------------------------------


==================================================
[2025-09-07T10:53:31.064966400] Starting: Stage-2_TRANSFORM_FILE=D__lap_java_dsa_path_to_transform.py_LOAD_FILE=D__lap_java_dsa_path_to_load.py_EXTRACT_FILE=D__lap_java_dsa_path_to_extract.py
==================================================
[2025-09-07T10:53:31.064966400] Running command (Attempt 1): python D:/lap/java/dsa/path/to/transform.py
[2025-09-07T10:53:31.123318600] 2025-09-07 10:53:31,124 - INFO - Starting data transformation
[2025-09-07T10:53:31.125396700] 2025-09-07 10:53:31,125 - INFO - Transforming 3 records
[2025-09-07T10:53:31.126319500] 2025-09-07 10:53:31,126 - INFO - Transformed data written to data\transformed_data.json
[2025-09-07T10:53:31.126319500] TRANSFORM_SUCCESS: data\transformed_data.json
--------------------------------------------------
[2025-09-07T10:53:31.133317300] Finished: Stage-2_TRANSFORM_FILE=D__lap_java_dsa_path_to_transform.py_LOAD_FILE=D__lap_java_dsa_path_to_load.py_EXTRACT_FILE=D__lap_java_dsa_path_to_extract.py (exit code 0)
--------------------------------------------------


==================================================
[2025-09-07T10:53:31.133317300] Starting: Stage-3_TRANSFORM_FILE=D__lap_java_dsa_path_to_transform.py_LOAD_FILE=D__lap_java_dsa_path_to_load.py_EXTRACT_FILE=D__lap_java_dsa_path_to_extract.py
==================================================
[2025-09-07T10:53:31.133317300] Running command (Attempt 1): python D:/lap/java/dsa/path/to/load.py
[2025-09-07T10:53:31.192962700] 2025-09-07 10:53:31,193 - INFO - Starting data loading
[2025-09-07T10:53:31.210969300] 2025-09-07 10:53:31,211 - INFO - Loading 3 records
[2025-09-07T10:53:31.211967200] 2025-09-07 10:53:31,212 - INFO - Data loaded successfully to output\final_data.json
[2025-09-07T10:53:31.211967200] 2025-09-07 10:53:31,212 - INFO - Summary report generated at output\load_summary.json
[2025-09-07T10:53:31.211967200] LOAD_SUCCESS: output\final_data.json
[2025-09-07T10:53:31.211967200] SUMMARY: output\load_summary.json
--------------------------------------------------
[2025-09-07T10:53:31.217972400] Finished: Stage-3_TRANSFORM_FILE=D__lap_java_dsa_path_to_transform.py_LOAD_FILE=D__lap_java_dsa_path_to_load.py_EXTRACT_FILE=D__lap_java_dsa_path_to_extract.py (exit code 0)
--------------------------------------------------

Execution completed successfully.
