Starting execution for job: DataIngestion (ID: 3)

==================================================
[2025-09-07T10:40:29.622419300] Starting: Stage-1_TRANSFORM_FILE=D__lap_java_dsa_path_to_transform.py_LOAD_FILE=D__lap_java_dsa_path_to_load.py_EXTRACT_FILE=D__lap_java_dsa_path_to_extract.py
==================================================
[2025-09-07T10:40:29.622419300] Running command (Attempt 1): python D:/lap/java/dsa/path/to/extract.py
[2025-09-07T10:40:29.687236600] 2025-09-07 10:40:29,687 - INFO - Starting data extraction
[2025-09-07T10:40:29.688251200] 2025-09-07 10:40:29,688 - INFO - Extracted 3 records
[2025-09-07T10:40:29.688251200] 2025-09-07 10:40:29,688 - INFO - Data written to data\extracted_data.json
[2025-09-07T10:40:29.689256800] EXTRACT_SUCCESS: data\extracted_data.json
--------------------------------------------------
[2025-09-07T10:40:29.693260800] Finished: Stage-1_TRANSFORM_FILE=D__lap_java_dsa_path_to_transform.py_LOAD_FILE=D__lap_java_dsa_path_to_load.py_EXTRACT_FILE=D__lap_java_dsa_path_to_extract.py (exit code 0)
--------------------------------------------------


==================================================
[2025-09-07T10:40:29.694262500] Starting: Stage-2_TRANSFORM_FILE=D__lap_java_dsa_path_to_transform.py_LOAD_FILE=D__lap_java_dsa_path_to_load.py_EXTRACT_FILE=D__lap_java_dsa_path_to_extract.py
==================================================
[2025-09-07T10:40:29.695260100] Running command (Attempt 1): python D:/lap/java/dsa/path/to/transform.py
[2025-09-07T10:40:29.756747900] 2025-09-07 10:40:29,756 - INFO - Starting data transformation
[2025-09-07T10:40:29.757741300] 2025-09-07 10:40:29,757 - INFO - Transforming 3 records
[2025-09-07T10:40:29.758741900] 2025-09-07 10:40:29,759 - INFO - Transformed data written to data\transformed_data.json
[2025-09-07T10:40:29.758741900] TRANSFORM_SUCCESS: data\transformed_data.json
--------------------------------------------------
[2025-09-07T10:40:29.764741300] Finished: Stage-2_TRANSFORM_FILE=D__lap_java_dsa_path_to_transform.py_LOAD_FILE=D__lap_java_dsa_path_to_load.py_EXTRACT_FILE=D__lap_java_dsa_path_to_extract.py (exit code 0)
--------------------------------------------------


==================================================
[2025-09-07T10:40:29.765741200] Starting: Stage-3_TRANSFORM_FILE=D__lap_java_dsa_path_to_transform.py_LOAD_FILE=D__lap_java_dsa_path_to_load.py_EXTRACT_FILE=D__lap_java_dsa_path_to_extract.py
==================================================
[2025-09-07T10:40:29.765741200] Running command (Attempt 1): python D:/lap/java/dsa/path/to/load.py
[2025-09-07T10:40:29.829511200] 2025-09-07 10:40:29,829 - INFO - Starting data loading
[2025-09-07T10:40:29.847562900] 2025-09-07 10:40:29,847 - INFO - Loading 3 records
[2025-09-07T10:40:29.848510400] 2025-09-07 10:40:29,848 - INFO - Data loaded successfully to output\final_data.json
[2025-09-07T10:40:29.848510400] 2025-09-07 10:40:29,848 - INFO - Summary report generated at output\load_summary.json
[2025-09-07T10:40:29.848510400] LOAD_SUCCESS: output\final_data.json
[2025-09-07T10:40:29.848510400] SUMMARY: output\load_summary.json
--------------------------------------------------
[2025-09-07T10:40:29.854885100] Finished: Stage-3_TRANSFORM_FILE=D__lap_java_dsa_path_to_transform.py_LOAD_FILE=D__lap_java_dsa_path_to_load.py_EXTRACT_FILE=D__lap_java_dsa_path_to_extract.py (exit code 0)
--------------------------------------------------

Execution completed successfully.
Starting execution for job: DataIngestion (ID: 3)

==================================================
[2025-09-07T10:40:29.983732400] Starting: Stage-1_TRANSFORM_FILE=D__lap_java_dsa_path_to_transform.py_LOAD_FILE=D__lap_java_dsa_path_to_load.py_EXTRACT_FILE=D__lap_java_dsa_path_to_extract.py
==================================================
[2025-09-07T10:40:29.983732400] Running command (Attempt 1): python D:/lap/java/dsa/path/to/extract.py
[2025-09-07T10:40:30.040047200] 2025-09-07 10:40:30,040 - INFO - Starting data extraction
[2025-09-07T10:40:30.041049100] 2025-09-07 10:40:30,040 - INFO - Extracted 3 records
[2025-09-07T10:40:30.041049100] 2025-09-07 10:40:30,041 - INFO - Data written to data\extracted_data.json
[2025-09-07T10:40:30.041049100] EXTRACT_SUCCESS: data\extracted_data.json
--------------------------------------------------
[2025-09-07T10:40:30.046047400] Finished: Stage-1_TRANSFORM_FILE=D__lap_java_dsa_path_to_transform.py_LOAD_FILE=D__lap_java_dsa_path_to_load.py_EXTRACT_FILE=D__lap_java_dsa_path_to_extract.py (exit code 0)
--------------------------------------------------


==================================================
[2025-09-07T10:40:30.047049300] Starting: Stage-2_TRANSFORM_FILE=D__lap_java_dsa_path_to_transform.py_LOAD_FILE=D__lap_java_dsa_path_to_load.py_EXTRACT_FILE=D__lap_java_dsa_path_to_extract.py
==================================================
[2025-09-07T10:40:30.047049300] Running command (Attempt 1): python D:/lap/java/dsa/path/to/transform.py
[2025-09-07T10:40:30.109510900] 2025-09-07 10:40:30,109 - INFO - Starting data transformation
[2025-09-07T10:40:30.110510800] 2025-09-07 10:40:30,110 - INFO - Transforming 3 records
[2025-09-07T10:40:30.111503900] 2025-09-07 10:40:30,111 - INFO - Transformed data written to data\transformed_data.json
[2025-09-07T10:40:30.111503900] TRANSFORM_SUCCESS: data\transformed_data.json
--------------------------------------------------
[2025-09-07T10:40:30.116504] Finished: Stage-2_TRANSFORM_FILE=D__lap_java_dsa_path_to_transform.py_LOAD_FILE=D__lap_java_dsa_path_to_load.py_EXTRACT_FILE=D__lap_java_dsa_path_to_extract.py (exit code 0)
--------------------------------------------------


==================================================
[2025-09-07T10:40:30.117505200] Starting: Stage-3_TRANSFORM_FILE=D__lap_java_dsa_path_to_transform.py_LOAD_FILE=D__lap_java_dsa_path_to_load.py_EXTRACT_FILE=D__lap_java_dsa_path_to_extract.py
==================================================
[2025-09-07T10:40:30.117505200] Running command (Attempt 1): python D:/lap/java/dsa/path/to/load.py
[2025-09-07T10:40:30.177284400] 2025-09-07 10:40:30,177 - INFO - Starting data loading
[2025-09-07T10:40:30.188283100] 2025-09-07 10:40:30,188 - INFO - Loading 3 records
[2025-09-07T10:40:30.188283100] 2025-09-07 10:40:30,189 - INFO - Data loaded successfully to output\final_data.json
[2025-09-07T10:40:30.189284500] 2025-09-07 10:40:30,189 - INFO - Summary report generated at output\load_summary.json
[2025-09-07T10:40:30.189284500] LOAD_SUCCESS: output\final_data.json
[2025-09-07T10:40:30.189284500] SUMMARY: output\load_summary.json
--------------------------------------------------
[2025-09-07T10:40:30.195284200] Finished: Stage-3_TRANSFORM_FILE=D__lap_java_dsa_path_to_transform.py_LOAD_FILE=D__lap_java_dsa_path_to_load.py_EXTRACT_FILE=D__lap_java_dsa_path_to_extract.py (exit code 0)
--------------------------------------------------

Execution completed successfully.
