Starting execution for job: DataIngestion (ID: 3)

==================================================
[2025-09-07T11:04:30.176282800] Starting: Stage-1_TRANSFORM_FILE=D__lap_java_dsa_path_to_transform.py_LOAD_FILE=D__lap_java_dsa_path_to_load.py_EXTRACT_FILE=D__lap_java_dsa_path_to_extract.py
==================================================
[2025-09-07T11:04:30.176282800] Running command (Attempt 1): python D:/lap/java/dsa/path/to/extract.py
[2025-09-07T11:04:30.235777600] 2025-09-07 11:04:30,236 - INFO - Starting data extraction
[2025-09-07T11:04:30.235777600] 2025-09-07 11:04:30,236 - INFO - Extracted 3 records
[2025-09-07T11:04:30.235777600] 2025-09-07 11:04:30,236 - INFO - Data written to data\extracted_data.json
[2025-09-07T11:04:30.237777700] EXTRACT_SUCCESS: data\extracted_data.json
--------------------------------------------------
[2025-09-07T11:04:30.240772300] Finished: Stage-1_TRANSFORM_FILE=D__lap_java_dsa_path_to_transform.py_LOAD_FILE=D__lap_java_dsa_path_to_load.py_EXTRACT_FILE=D__lap_java_dsa_path_to_extract.py (exit code 0)
--------------------------------------------------


==================================================
[2025-09-07T11:04:30.241772100] Starting: Stage-2_TRANSFORM_FILE=D__lap_java_dsa_path_to_transform.py_LOAD_FILE=D__lap_java_dsa_path_to_load.py_EXTRACT_FILE=D__lap_java_dsa_path_to_extract.py
==================================================
[2025-09-07T11:04:30.242776700] Running command (Attempt 1): python D:/lap/java/dsa/path/to/transform.py
[2025-09-07T11:04:30.302610100] 2025-09-07 11:04:30,302 - INFO - Starting data transformation
[2025-09-07T11:04:30.304617900] 2025-09-07 11:04:30,304 - INFO - Transforming 3 records
[2025-09-07T11:04:30.305171400] 2025-09-07 11:04:30,305 - INFO - Transformed data written to data\transformed_data.json
[2025-09-07T11:04:30.305171400] TRANSFORM_SUCCESS: data\transformed_data.json
--------------------------------------------------
[2025-09-07T11:04:30.313177300] Finished: Stage-2_TRANSFORM_FILE=D__lap_java_dsa_path_to_transform.py_LOAD_FILE=D__lap_java_dsa_path_to_load.py_EXTRACT_FILE=D__lap_java_dsa_path_to_extract.py (exit code 0)
--------------------------------------------------


==================================================
[2025-09-07T11:04:30.313177300] Starting: Stage-3_TRANSFORM_FILE=D__lap_java_dsa_path_to_transform.py_LOAD_FILE=D__lap_java_dsa_path_to_load.py_EXTRACT_FILE=D__lap_java_dsa_path_to_extract.py
==================================================
[2025-09-07T11:04:30.314177500] Running command (Attempt 1): python D:/lap/java/dsa/path/to/load.py
[2025-09-07T11:04:30.380709800] 2025-09-07 11:04:30,381 - INFO - Starting data loading
[2025-09-07T11:04:30.394726600] 2025-09-07 11:04:30,394 - INFO - Loading 3 records
[2025-09-07T11:04:30.395727100] 2025-09-07 11:04:30,395 - INFO - Data loaded successfully to output\final_data.json
[2025-09-07T11:04:30.395727100] 2025-09-07 11:04:30,395 - INFO - Summary report generated at output\load_summary.json
[2025-09-07T11:04:30.395727100] LOAD_SUCCESS: output\final_data.json
[2025-09-07T11:04:30.395727100] SUMMARY: output\load_summary.json
--------------------------------------------------
[2025-09-07T11:04:30.401735700] Finished: Stage-3_TRANSFORM_FILE=D__lap_java_dsa_path_to_transform.py_LOAD_FILE=D__lap_java_dsa_path_to_load.py_EXTRACT_FILE=D__lap_java_dsa_path_to_extract.py (exit code 0)
--------------------------------------------------

Execution completed successfully.
Starting execution for job: DataIngestion (ID: 3)

==================================================
[2025-09-07T11:04:30.682594400] Starting: Stage-1_TRANSFORM_FILE=D__lap_java_dsa_path_to_transform.py_LOAD_FILE=D__lap_java_dsa_path_to_load.py_EXTRACT_FILE=D__lap_java_dsa_path_to_extract.py
==================================================
[2025-09-07T11:04:30.683603] Running command (Attempt 1): python D:/lap/java/dsa/path/to/extract.py
[2025-09-07T11:04:30.745877400] 2025-09-07 11:04:30,746 - INFO - Starting data extraction
[2025-09-07T11:04:30.745877400] 2025-09-07 11:04:30,746 - INFO - Extracted 3 records
[2025-09-07T11:04:30.746868900] 2025-09-07 11:04:30,746 - INFO - Data written to data\extracted_data.json
[2025-09-07T11:04:30.746868900] EXTRACT_SUCCESS: data\extracted_data.json
--------------------------------------------------
[2025-09-07T11:04:30.751872] Finished: Stage-1_TRANSFORM_FILE=D__lap_java_dsa_path_to_transform.py_LOAD_FILE=D__lap_java_dsa_path_to_load.py_EXTRACT_FILE=D__lap_java_dsa_path_to_extract.py (exit code 0)
--------------------------------------------------


==================================================
[2025-09-07T11:04:30.751872] Starting: Stage-2_TRANSFORM_FILE=D__lap_java_dsa_path_to_transform.py_LOAD_FILE=D__lap_java_dsa_path_to_load.py_EXTRACT_FILE=D__lap_java_dsa_path_to_extract.py
==================================================
[2025-09-07T11:04:30.752875400] Running command (Attempt 1): python D:/lap/java/dsa/path/to/transform.py
[2025-09-07T11:04:30.817557300] 2025-09-07 11:04:30,817 - INFO - Starting data transformation
[2025-09-07T11:04:30.819560200] 2025-09-07 11:04:30,819 - INFO - Transforming 3 records
[2025-09-07T11:04:30.820670300] 2025-09-07 11:04:30,820 - INFO - Transformed data written to data\transformed_data.json
[2025-09-07T11:04:30.820670300] TRANSFORM_SUCCESS: data\transformed_data.json
--------------------------------------------------
[2025-09-07T11:04:30.826142200] Finished: Stage-2_TRANSFORM_FILE=D__lap_java_dsa_path_to_transform.py_LOAD_FILE=D__lap_java_dsa_path_to_load.py_EXTRACT_FILE=D__lap_java_dsa_path_to_extract.py (exit code 0)
--------------------------------------------------


==================================================
[2025-09-07T11:04:30.826142200] Starting: Stage-3_TRANSFORM_FILE=D__lap_java_dsa_path_to_transform.py_LOAD_FILE=D__lap_java_dsa_path_to_load.py_EXTRACT_FILE=D__lap_java_dsa_path_to_extract.py
==================================================
[2025-09-07T11:04:30.826142200] Running command (Attempt 1): python D:/lap/java/dsa/path/to/load.py
[2025-09-07T11:04:30.883875900] 2025-09-07 11:04:30,884 - INFO - Starting data loading
[2025-09-07T11:04:30.900953300] 2025-09-07 11:04:30,901 - INFO - Loading 3 records
[2025-09-07T11:04:30.901960100] 2025-09-07 11:04:30,902 - INFO - Data loaded successfully to output\final_data.json
[2025-09-07T11:04:30.902962600] 2025-09-07 11:04:30,902 - INFO - Summary report generated at output\load_summary.json
[2025-09-07T11:04:30.902962600] LOAD_SUCCESS: output\final_data.json
[2025-09-07T11:04:30.902962600] SUMMARY: output\load_summary.json
--------------------------------------------------
[2025-09-07T11:04:30.908951800] Finished: Stage-3_TRANSFORM_FILE=D__lap_java_dsa_path_to_transform.py_LOAD_FILE=D__lap_java_dsa_path_to_load.py_EXTRACT_FILE=D__lap_java_dsa_path_to_extract.py (exit code 0)
--------------------------------------------------

Execution completed successfully.
