Starting execution for job: DataIngestion (ID: 2)

==================================================
[2025-09-07T10:17:32.286475100] Starting: Stage-1_TRANSFORM_FILE=D__lap_java_dsa_path_to_transform.py_LOAD_FILE=D__lap_java_dsa_path_to_load.py_EXTRACT_FILE=D__lap_java_dsa_path_to_extract.py
==================================================
[2025-09-07T10:17:32.287468400] Running command (Attempt 1): python D:/lap/java/dsa/path/to/extract.py
[2025-09-07T10:17:32.388465700] 2025-09-07 10:17:32,388 - INFO - Starting data extraction
[2025-09-07T10:17:32.388465700] 2025-09-07 10:17:32,388 - INFO - Extracted 3 records
[2025-09-07T10:17:32.389466800] 2025-09-07 10:17:32,388 - INFO - Data written to data\extracted_data.json
[2025-09-07T10:17:32.391467800] EXTRACT_SUCCESS: data\extracted_data.json
--------------------------------------------------
[2025-09-07T10:17:32.397465200] Finished: Stage-1_TRANSFORM_FILE=D__lap_java_dsa_path_to_transform.py_LOAD_FILE=D__lap_java_dsa_path_to_load.py_EXTRACT_FILE=D__lap_java_dsa_path_to_extract.py (exit code 0)
--------------------------------------------------


==================================================
[2025-09-07T10:17:32.399465600] Starting: Stage-2_TRANSFORM_FILE=D__lap_java_dsa_path_to_transform.py_LOAD_FILE=D__lap_java_dsa_path_to_load.py_EXTRACT_FILE=D__lap_java_dsa_path_to_extract.py
==================================================
[2025-09-07T10:17:32.399465600] Running command (Attempt 1): python D:/lap/java/dsa/path/to/transform.py
[2025-09-07T10:17:32.492563] 2025-09-07 10:17:32,492 - INFO - Starting data transformation
[2025-09-07T10:17:32.493467500] 2025-09-07 10:17:32,494 - INFO - Transforming 3 records
[2025-09-07T10:17:32.495553200] 2025-09-07 10:17:32,496 - INFO - Transformed data written to data\transformed_data.json
[2025-09-07T10:17:32.496507700] TRANSFORM_SUCCESS: data\transformed_data.json
--------------------------------------------------
[2025-09-07T10:17:32.504472] Finished: Stage-2_TRANSFORM_FILE=D__lap_java_dsa_path_to_transform.py_LOAD_FILE=D__lap_java_dsa_path_to_load.py_EXTRACT_FILE=D__lap_java_dsa_path_to_extract.py (exit code 0)
--------------------------------------------------


==================================================
[2025-09-07T10:17:32.504472] Starting: Stage-3_TRANSFORM_FILE=D__lap_java_dsa_path_to_transform.py_LOAD_FILE=D__lap_java_dsa_path_to_load.py_EXTRACT_FILE=D__lap_java_dsa_path_to_extract.py
==================================================
[2025-09-07T10:17:32.504472] Running command (Attempt 1): python D:/lap/java/dsa/path/to/load.py
[2025-09-07T10:17:32.602548600] 2025-09-07 10:17:32,602 - INFO - Starting data loading
[2025-09-07T10:17:32.627467100] 2025-09-07 10:17:32,627 - INFO - Loading 3 records
[2025-09-07T10:17:32.628464] 2025-09-07 10:17:32,628 - INFO - Data loaded successfully to output\final_data.json
[2025-09-07T10:17:32.628464] 2025-09-07 10:17:32,628 - INFO - Summary report generated at output\load_summary.json
[2025-09-07T10:17:32.628464] LOAD_SUCCESS: output\final_data.json
[2025-09-07T10:17:32.628464] SUMMARY: output\load_summary.json
--------------------------------------------------
[2025-09-07T10:17:32.635465600] Finished: Stage-3_TRANSFORM_FILE=D__lap_java_dsa_path_to_transform.py_LOAD_FILE=D__lap_java_dsa_path_to_load.py_EXTRACT_FILE=D__lap_java_dsa_path_to_extract.py (exit code 0)
--------------------------------------------------

Execution completed successfully.
Starting execution for job: DataIngestion (ID: 2)

==================================================
[2025-09-07T10:17:32.786511200] Starting: Stage-1_TRANSFORM_FILE=D__lap_java_dsa_path_to_transform.py_LOAD_FILE=D__lap_java_dsa_path_to_load.py_EXTRACT_FILE=D__lap_java_dsa_path_to_extract.py
==================================================
[2025-09-07T10:17:32.786511200] Running command (Attempt 1): python D:/lap/java/dsa/path/to/extract.py
[2025-09-07T10:17:32.910486800] 2025-09-07 10:17:32,911 - INFO - Starting data extraction
[2025-09-07T10:17:32.911467400] 2025-09-07 10:17:32,911 - INFO - Extracted 3 records
[2025-09-07T10:17:32.911467400] 2025-09-07 10:17:32,911 - INFO - Data written to data\extracted_data.json
[2025-09-07T10:17:32.911467400] EXTRACT_SUCCESS: data\extracted_data.json
--------------------------------------------------
[2025-09-07T10:17:32.924502900] Finished: Stage-1_TRANSFORM_FILE=D__lap_java_dsa_path_to_transform.py_LOAD_FILE=D__lap_java_dsa_path_to_load.py_EXTRACT_FILE=D__lap_java_dsa_path_to_extract.py (exit code 0)
--------------------------------------------------


==================================================
[2025-09-07T10:17:32.924502900] Starting: Stage-2_TRANSFORM_FILE=D__lap_java_dsa_path_to_transform.py_LOAD_FILE=D__lap_java_dsa_path_to_load.py_EXTRACT_FILE=D__lap_java_dsa_path_to_extract.py
==================================================
[2025-09-07T10:17:32.924502900] Running command (Attempt 1): python D:/lap/java/dsa/path/to/transform.py
[2025-09-07T10:17:33.050508600] 2025-09-07 10:17:33,051 - INFO - Starting data transformation
[2025-09-07T10:17:33.052548200] 2025-09-07 10:17:33,052 - INFO - Transforming 3 records
[2025-09-07T10:17:33.053551100] 2025-09-07 10:17:33,053 - INFO - Transformed data written to data\transformed_data.json
[2025-09-07T10:17:33.053551100] TRANSFORM_SUCCESS: data\transformed_data.json
--------------------------------------------------
[2025-09-07T10:17:33.062693800] Finished: Stage-2_TRANSFORM_FILE=D__lap_java_dsa_path_to_transform.py_LOAD_FILE=D__lap_java_dsa_path_to_load.py_EXTRACT_FILE=D__lap_java_dsa_path_to_extract.py (exit code 0)
--------------------------------------------------


==================================================
[2025-09-07T10:17:33.063467900] Starting: Stage-3_TRANSFORM_FILE=D__lap_java_dsa_path_to_transform.py_LOAD_FILE=D__lap_java_dsa_path_to_load.py_EXTRACT_FILE=D__lap_java_dsa_path_to_extract.py
==================================================
[2025-09-07T10:17:33.063467900] Running command (Attempt 1): python D:/lap/java/dsa/path/to/load.py
[2025-09-07T10:17:33.133465200] 2025-09-07 10:17:33,133 - INFO - Starting data loading
[2025-09-07T10:17:33.151466400] 2025-09-07 10:17:33,151 - INFO - Loading 3 records
[2025-09-07T10:17:33.152487600] 2025-09-07 10:17:33,152 - INFO - Data loaded successfully to output\final_data.json
[2025-09-07T10:17:33.152487600] 2025-09-07 10:17:33,152 - INFO - Summary report generated at output\load_summary.json
[2025-09-07T10:17:33.152487600] LOAD_SUCCESS: output\final_data.json
[2025-09-07T10:17:33.152487600] SUMMARY: output\load_summary.json
--------------------------------------------------
[2025-09-07T10:17:33.159465400] Finished: Stage-3_TRANSFORM_FILE=D__lap_java_dsa_path_to_transform.py_LOAD_FILE=D__lap_java_dsa_path_to_load.py_EXTRACT_FILE=D__lap_java_dsa_path_to_extract.py (exit code 0)
--------------------------------------------------

Execution completed successfully.
