Starting execution for job: DataIngestion (ID: 3)

==================================================
[2025-09-07T10:40:31.498782100] Starting: Stage-1_TRANSFORM_FILE=D__lap_java_dsa_path_to_transform.py_LOAD_FILE=D__lap_java_dsa_path_to_load.py_EXTRACT_FILE=D__lap_java_dsa_path_to_extract.py
==================================================
[2025-09-07T10:40:31.498782100] Running command (Attempt 1): python D:/lap/java/dsa/path/to/extract.py
[2025-09-07T10:40:31.568262300] 2025-09-07 10:40:31,569 - INFO - Starting data extraction
[2025-09-07T10:40:31.569266600] 2025-09-07 10:40:31,569 - INFO - Extracted 3 records
[2025-09-07T10:40:31.569266600] 2025-09-07 10:40:31,569 - INFO - Data written to data\extracted_data.json
[2025-09-07T10:40:31.571265] EXTRACT_SUCCESS: data\extracted_data.json
--------------------------------------------------
[2025-09-07T10:40:31.574674500] Finished: Stage-1_TRANSFORM_FILE=D__lap_java_dsa_path_to_transform.py_LOAD_FILE=D__lap_java_dsa_path_to_load.py_EXTRACT_FILE=D__lap_java_dsa_path_to_extract.py (exit code 0)
--------------------------------------------------


==================================================
[2025-09-07T10:40:31.574674500] Starting: Stage-2_TRANSFORM_FILE=D__lap_java_dsa_path_to_transform.py_LOAD_FILE=D__lap_java_dsa_path_to_load.py_EXTRACT_FILE=D__lap_java_dsa_path_to_extract.py
==================================================
[2025-09-07T10:40:31.575683500] Running command (Attempt 1): python D:/lap/java/dsa/path/to/transform.py
[2025-09-07T10:40:31.628852600] 2025-09-07 10:40:31,629 - INFO - Starting data transformation
[2025-09-07T10:40:31.630860600] 2025-09-07 10:40:31,631 - INFO - Transforming 3 records
[2025-09-07T10:40:31.631853900] 2025-09-07 10:40:31,632 - INFO - Transformed data written to data\transformed_data.json
[2025-09-07T10:40:31.632853600] TRANSFORM_SUCCESS: data\transformed_data.json
--------------------------------------------------
[2025-09-07T10:40:31.637853800] Finished: Stage-2_TRANSFORM_FILE=D__lap_java_dsa_path_to_transform.py_LOAD_FILE=D__lap_java_dsa_path_to_load.py_EXTRACT_FILE=D__lap_java_dsa_path_to_extract.py (exit code 0)
--------------------------------------------------


==================================================
[2025-09-07T10:40:31.637853800] Starting: Stage-3_TRANSFORM_FILE=D__lap_java_dsa_path_to_transform.py_LOAD_FILE=D__lap_java_dsa_path_to_load.py_EXTRACT_FILE=D__lap_java_dsa_path_to_extract.py
==================================================
[2025-09-07T10:40:31.639304600] Running command (Attempt 1): python D:/lap/java/dsa/path/to/load.py
[2025-09-07T10:40:31.694824] 2025-09-07 10:40:31,695 - INFO - Starting data loading
[2025-09-07T10:40:31.707818500] 2025-09-07 10:40:31,707 - INFO - Loading 3 records
[2025-09-07T10:40:31.708818300] 2025-09-07 10:40:31,708 - INFO - Data loaded successfully to output\final_data.json
[2025-09-07T10:40:31.708818300] 2025-09-07 10:40:31,708 - INFO - Summary report generated at output\load_summary.json
[2025-09-07T10:40:31.708818300] LOAD_SUCCESS: output\final_data.json
[2025-09-07T10:40:31.708818300] SUMMARY: output\load_summary.json
--------------------------------------------------
[2025-09-07T10:40:31.714819500] Finished: Stage-3_TRANSFORM_FILE=D__lap_java_dsa_path_to_transform.py_LOAD_FILE=D__lap_java_dsa_path_to_load.py_EXTRACT_FILE=D__lap_java_dsa_path_to_extract.py (exit code 0)
--------------------------------------------------

Execution completed successfully.
