Starting execution for job: DataIngestion (ID: 3)

==================================================
[2025-09-07T10:53:33.501933100] Starting: Stage-1_TRANSFORM_FILE=D__lap_java_dsa_path_to_transform.py_LOAD_FILE=D__lap_java_dsa_path_to_load.py_EXTRACT_FILE=D__lap_java_dsa_path_to_extract.py
==================================================
[2025-09-07T10:53:33.502931900] Running command (Attempt 1): python D:/lap/java/dsa/path/to/extract.py
[2025-09-07T10:53:33.574244] 2025-09-07 10:53:33,574 - INFO - Starting data extraction
[2025-09-07T10:53:33.574244] 2025-09-07 10:53:33,574 - INFO - Extracted 3 records
[2025-09-07T10:53:33.574244] 2025-09-07 10:53:33,574 - INFO - Data written to data\extracted_data.json
[2025-09-07T10:53:33.589401800] EXTRACT_SUCCESS: data\extracted_data.json
--------------------------------------------------
[2025-09-07T10:53:33.589401800] Finished: Stage-1_TRANSFORM_FILE=D__lap_java_dsa_path_to_transform.py_LOAD_FILE=D__lap_java_dsa_path_to_load.py_EXTRACT_FILE=D__lap_java_dsa_path_to_extract.py (exit code 0)
--------------------------------------------------


==================================================
[2025-09-07T10:53:33.589401800] Starting: Stage-2_TRANSFORM_FILE=D__lap_java_dsa_path_to_transform.py_LOAD_FILE=D__lap_java_dsa_path_to_load.py_EXTRACT_FILE=D__lap_java_dsa_path_to_extract.py
==================================================
[2025-09-07T10:53:33.590413300] Running command (Attempt 1): python D:/lap/java/dsa/path/to/transform.py
[2025-09-07T10:53:33.662743900] 2025-09-07 10:53:33,662 - INFO - Starting data transformation
[2025-09-07T10:53:33.663677] 2025-09-07 10:53:33,664 - INFO - Transforming 3 records
[2025-09-07T10:53:33.664666] 2025-09-07 10:53:33,665 - INFO - Transformed data written to data\transformed_data.json
[2025-09-07T10:53:33.664666] TRANSFORM_SUCCESS: data\transformed_data.json
--------------------------------------------------
[2025-09-07T10:53:33.669666100] Finished: Stage-2_TRANSFORM_FILE=D__lap_java_dsa_path_to_transform.py_LOAD_FILE=D__lap_java_dsa_path_to_load.py_EXTRACT_FILE=D__lap_java_dsa_path_to_extract.py (exit code 0)
--------------------------------------------------


==================================================
[2025-09-07T10:53:33.670666100] Starting: Stage-3_TRANSFORM_FILE=D__lap_java_dsa_path_to_transform.py_LOAD_FILE=D__lap_java_dsa_path_to_load.py_EXTRACT_FILE=D__lap_java_dsa_path_to_extract.py
==================================================
[2025-09-07T10:53:33.670666100] Running command (Attempt 1): python D:/lap/java/dsa/path/to/load.py
[2025-09-07T10:53:33.736261200] 2025-09-07 10:53:33,736 - INFO - Starting data loading
[2025-09-07T10:53:33.752260200] 2025-09-07 10:53:33,752 - INFO - Loading 3 records
[2025-09-07T10:53:33.752260200] 2025-09-07 10:53:33,752 - INFO - Data loaded successfully to output\final_data.json
[2025-09-07T10:53:33.752260200] 2025-09-07 10:53:33,753 - INFO - Summary report generated at output\load_summary.json
[2025-09-07T10:53:33.752260200] LOAD_SUCCESS: output\final_data.json
[2025-09-07T10:53:33.752260200] SUMMARY: output\load_summary.json
--------------------------------------------------
[2025-09-07T10:53:33.760057800] Finished: Stage-3_TRANSFORM_FILE=D__lap_java_dsa_path_to_transform.py_LOAD_FILE=D__lap_java_dsa_path_to_load.py_EXTRACT_FILE=D__lap_java_dsa_path_to_extract.py (exit code 0)
--------------------------------------------------

Execution completed successfully.
