Starting execution for job: DataIngestion (ID: 3)

==================================================
[2025-09-07T11:04:32.192660900] Starting: Stage-1_TRANSFORM_FILE=D__lap_java_dsa_path_to_transform.py_LOAD_FILE=D__lap_java_dsa_path_to_load.py_EXTRACT_FILE=D__lap_java_dsa_path_to_extract.py
==================================================
[2025-09-07T11:04:32.193661200] Running command (Attempt 1): python D:/lap/java/dsa/path/to/extract.py
[2025-09-07T11:04:32.265365900] 2025-09-07 11:04:32,265 - INFO - Starting data extraction
[2025-09-07T11:04:32.265365900] 2025-09-07 11:04:32,265 - INFO - Extracted 3 records
[2025-09-07T11:04:32.265365900] 2025-09-07 11:04:32,265 - INFO - Data written to data\extracted_data.json
[2025-09-07T11:04:32.267366] EXTRACT_SUCCESS: data\extracted_data.json
--------------------------------------------------
[2025-09-07T11:04:32.270376600] Finished: Stage-1_TRANSFORM_FILE=D__lap_java_dsa_path_to_transform.py_LOAD_FILE=D__lap_java_dsa_path_to_load.py_EXTRACT_FILE=D__lap_java_dsa_path_to_extract.py (exit code 0)
--------------------------------------------------


==================================================
[2025-09-07T11:04:32.270376600] Starting: Stage-2_TRANSFORM_FILE=D__lap_java_dsa_path_to_transform.py_LOAD_FILE=D__lap_java_dsa_path_to_load.py_EXTRACT_FILE=D__lap_java_dsa_path_to_extract.py
==================================================
[2025-09-07T11:04:32.271359600] Running command (Attempt 1): python D:/lap/java/dsa/path/to/transform.py
[2025-09-07T11:04:32.330507100] 2025-09-07 11:04:32,330 - INFO - Starting data transformation
[2025-09-07T11:04:32.330507100] 2025-09-07 11:04:32,331 - INFO - Transforming 3 records
[2025-09-07T11:04:32.332504200] 2025-09-07 11:04:32,332 - INFO - Transformed data written to data\transformed_data.json
[2025-09-07T11:04:32.332504200] TRANSFORM_SUCCESS: data\transformed_data.json
--------------------------------------------------
[2025-09-07T11:04:32.337504800] Finished: Stage-2_TRANSFORM_FILE=D__lap_java_dsa_path_to_transform.py_LOAD_FILE=D__lap_java_dsa_path_to_load.py_EXTRACT_FILE=D__lap_java_dsa_path_to_extract.py (exit code 0)
--------------------------------------------------


==================================================
[2025-09-07T11:04:32.337504800] Starting: Stage-3_TRANSFORM_FILE=D__lap_java_dsa_path_to_transform.py_LOAD_FILE=D__lap_java_dsa_path_to_load.py_EXTRACT_FILE=D__lap_java_dsa_path_to_extract.py
==================================================
[2025-09-07T11:04:32.337504800] Running command (Attempt 1): python D:/lap/java/dsa/path/to/load.py
[2025-09-07T11:04:32.405288600] 2025-09-07 11:04:32,405 - INFO - Starting data loading
[2025-09-07T11:04:32.419643400] 2025-09-07 11:04:32,420 - INFO - Loading 3 records
[2025-09-07T11:04:32.420609300] 2025-09-07 11:04:32,421 - INFO - Data loaded successfully to output\final_data.json
[2025-09-07T11:04:32.420609300] 2025-09-07 11:04:32,421 - INFO - Summary report generated at output\load_summary.json
[2025-09-07T11:04:32.420609300] LOAD_SUCCESS: output\final_data.json
[2025-09-07T11:04:32.421556100] SUMMARY: output\load_summary.json
--------------------------------------------------
[2025-09-07T11:04:32.427037200] Finished: Stage-3_TRANSFORM_FILE=D__lap_java_dsa_path_to_transform.py_LOAD_FILE=D__lap_java_dsa_path_to_load.py_EXTRACT_FILE=D__lap_java_dsa_path_to_extract.py (exit code 0)
--------------------------------------------------

Execution completed successfully.
Starting execution for job: DataIngestion (ID: 3)

==================================================
[2025-09-07T11:04:32.696193900] Starting: Stage-1_TRANSFORM_FILE=D__lap_java_dsa_path_to_transform.py_LOAD_FILE=D__lap_java_dsa_path_to_load.py_EXTRACT_FILE=D__lap_java_dsa_path_to_extract.py
==================================================
[2025-09-07T11:04:32.696193900] Running command (Attempt 1): python D:/lap/java/dsa/path/to/extract.py
[2025-09-07T11:04:32.759510] 2025-09-07 11:04:32,759 - INFO - Starting data extraction
[2025-09-07T11:04:32.760508500] 2025-09-07 11:04:32,759 - INFO - Extracted 3 records
[2025-09-07T11:04:32.760508500] 2025-09-07 11:04:32,761 - INFO - Data written to data\extracted_data.json
[2025-09-07T11:04:32.760508500] EXTRACT_SUCCESS: data\extracted_data.json
--------------------------------------------------
[2025-09-07T11:04:32.766503500] Finished: Stage-1_TRANSFORM_FILE=D__lap_java_dsa_path_to_transform.py_LOAD_FILE=D__lap_java_dsa_path_to_load.py_EXTRACT_FILE=D__lap_java_dsa_path_to_extract.py (exit code 0)
--------------------------------------------------


==================================================
[2025-09-07T11:04:32.767503800] Starting: Stage-2_TRANSFORM_FILE=D__lap_java_dsa_path_to_transform.py_LOAD_FILE=D__lap_java_dsa_path_to_load.py_EXTRACT_FILE=D__lap_java_dsa_path_to_extract.py
==================================================
[2025-09-07T11:04:32.767503800] Running command (Attempt 1): python D:/lap/java/dsa/path/to/transform.py
[2025-09-07T11:04:32.832525200] 2025-09-07 11:04:32,832 - INFO - Starting data transformation
[2025-09-07T11:04:32.833524400] 2025-09-07 11:04:32,833 - INFO - Transforming 3 records
[2025-09-07T11:04:32.834525200] 2025-09-07 11:04:32,834 - INFO - Transformed data written to data\transformed_data.json
[2025-09-07T11:04:32.834525200] TRANSFORM_SUCCESS: data\transformed_data.json
--------------------------------------------------
[2025-09-07T11:04:32.839526200] Finished: Stage-2_TRANSFORM_FILE=D__lap_java_dsa_path_to_transform.py_LOAD_FILE=D__lap_java_dsa_path_to_load.py_EXTRACT_FILE=D__lap_java_dsa_path_to_extract.py (exit code 0)
--------------------------------------------------


==================================================
[2025-09-07T11:04:32.840737900] Starting: Stage-3_TRANSFORM_FILE=D__lap_java_dsa_path_to_transform.py_LOAD_FILE=D__lap_java_dsa_path_to_load.py_EXTRACT_FILE=D__lap_java_dsa_path_to_extract.py
==================================================
[2025-09-07T11:04:32.840737900] Running command (Attempt 1): python D:/lap/java/dsa/path/to/load.py
[2025-09-07T11:04:32.907958100] 2025-09-07 11:04:32,908 - INFO - Starting data loading
[2025-09-07T11:04:32.920965100] 2025-09-07 11:04:32,921 - INFO - Loading 3 records
[2025-09-07T11:04:32.921958500] 2025-09-07 11:04:32,922 - INFO - Data loaded successfully to output\final_data.json
[2025-09-07T11:04:32.921958500] 2025-09-07 11:04:32,922 - INFO - Summary report generated at output\load_summary.json
[2025-09-07T11:04:32.921958500] LOAD_SUCCESS: output\final_data.json
[2025-09-07T11:04:32.922960800] SUMMARY: output\load_summary.json
--------------------------------------------------
[2025-09-07T11:04:32.928959200] Finished: Stage-3_TRANSFORM_FILE=D__lap_java_dsa_path_to_transform.py_LOAD_FILE=D__lap_java_dsa_path_to_load.py_EXTRACT_FILE=D__lap_java_dsa_path_to_extract.py (exit code 0)
--------------------------------------------------

Execution completed successfully.
