Starting execution for job: DataIngestion (ID: 3)

==================================================
[2025-09-07T11:04:31.183957600] Starting: Stage-1_TRANSFORM_FILE=D__lap_java_dsa_path_to_transform.py_LOAD_FILE=D__lap_java_dsa_path_to_load.py_EXTRACT_FILE=D__lap_java_dsa_path_to_extract.py
==================================================
[2025-09-07T11:04:31.184949700] Running command (Attempt 1): python D:/lap/java/dsa/path/to/extract.py
[2025-09-07T11:04:31.249003400] 2025-09-07 11:04:31,249 - INFO - Starting data extraction
[2025-09-07T11:04:31.249003400] 2025-09-07 11:04:31,249 - INFO - Extracted 3 records
[2025-09-07T11:04:31.250002300] 2025-09-07 11:04:31,249 - INFO - Data written to data\extracted_data.json
[2025-09-07T11:04:31.252002500] EXTRACT_SUCCESS: data\extracted_data.json
--------------------------------------------------
[2025-09-07T11:04:31.254003100] Finished: Stage-1_TRANSFORM_FILE=D__lap_java_dsa_path_to_transform.py_LOAD_FILE=D__lap_java_dsa_path_to_load.py_EXTRACT_FILE=D__lap_java_dsa_path_to_extract.py (exit code 0)
--------------------------------------------------


==================================================
[2025-09-07T11:04:31.255011] Starting: Stage-2_TRANSFORM_FILE=D__lap_java_dsa_path_to_transform.py_LOAD_FILE=D__lap_java_dsa_path_to_load.py_EXTRACT_FILE=D__lap_java_dsa_path_to_extract.py
==================================================
[2025-09-07T11:04:31.255011] Running command (Attempt 1): python D:/lap/java/dsa/path/to/transform.py
[2025-09-07T11:04:31.318691800] 2025-09-07 11:04:31,319 - INFO - Starting data transformation
[2025-09-07T11:04:31.319690500] 2025-09-07 11:04:31,320 - INFO - Transforming 3 records
[2025-09-07T11:04:31.321695400] 2025-09-07 11:04:31,321 - INFO - Transformed data written to data\transformed_data.json
[2025-09-07T11:04:31.321695400] TRANSFORM_SUCCESS: data\transformed_data.json
--------------------------------------------------
[2025-09-07T11:04:31.328344700] Finished: Stage-2_TRANSFORM_FILE=D__lap_java_dsa_path_to_transform.py_LOAD_FILE=D__lap_java_dsa_path_to_load.py_EXTRACT_FILE=D__lap_java_dsa_path_to_extract.py (exit code 0)
--------------------------------------------------


==================================================
[2025-09-07T11:04:31.328344700] Starting: Stage-3_TRANSFORM_FILE=D__lap_java_dsa_path_to_transform.py_LOAD_FILE=D__lap_java_dsa_path_to_load.py_EXTRACT_FILE=D__lap_java_dsa_path_to_extract.py
==================================================
[2025-09-07T11:04:31.328344700] Running command (Attempt 1): python D:/lap/java/dsa/path/to/load.py
[2025-09-07T11:04:31.388437200] 2025-09-07 11:04:31,388 - INFO - Starting data loading
[2025-09-07T11:04:31.400839300] 2025-09-07 11:04:31,401 - INFO - Loading 3 records
[2025-09-07T11:04:31.401838200] 2025-09-07 11:04:31,402 - INFO - Data loaded successfully to output\final_data.json
[2025-09-07T11:04:31.402868100] 2025-09-07 11:04:31,402 - INFO - Summary report generated at output\load_summary.json
[2025-09-07T11:04:31.402868100] LOAD_SUCCESS: output\final_data.json
[2025-09-07T11:04:31.402868100] SUMMARY: output\load_summary.json
--------------------------------------------------
[2025-09-07T11:04:31.407653900] Finished: Stage-3_TRANSFORM_FILE=D__lap_java_dsa_path_to_transform.py_LOAD_FILE=D__lap_java_dsa_path_to_load.py_EXTRACT_FILE=D__lap_java_dsa_path_to_extract.py (exit code 0)
--------------------------------------------------

Execution completed successfully.
Starting execution for job: DataIngestion (ID: 3)

==================================================
[2025-09-07T11:04:31.689938700] Starting: Stage-1_TRANSFORM_FILE=D__lap_java_dsa_path_to_transform.py_LOAD_FILE=D__lap_java_dsa_path_to_load.py_EXTRACT_FILE=D__lap_java_dsa_path_to_extract.py
==================================================
[2025-09-07T11:04:31.689938700] Running command (Attempt 1): python D:/lap/java/dsa/path/to/extract.py
[2025-09-07T11:04:31.746652200] 2025-09-07 11:04:31,747 - INFO - Starting data extraction
[2025-09-07T11:04:31.746652200] 2025-09-07 11:04:31,747 - INFO - Extracted 3 records
[2025-09-07T11:04:31.746652200] 2025-09-07 11:04:31,747 - INFO - Data written to data\extracted_data.json
[2025-09-07T11:04:31.747652400] EXTRACT_SUCCESS: data\extracted_data.json
--------------------------------------------------
[2025-09-07T11:04:31.752650600] Finished: Stage-1_TRANSFORM_FILE=D__lap_java_dsa_path_to_transform.py_LOAD_FILE=D__lap_java_dsa_path_to_load.py_EXTRACT_FILE=D__lap_java_dsa_path_to_extract.py (exit code 0)
--------------------------------------------------


==================================================
[2025-09-07T11:04:31.752650600] Starting: Stage-2_TRANSFORM_FILE=D__lap_java_dsa_path_to_transform.py_LOAD_FILE=D__lap_java_dsa_path_to_load.py_EXTRACT_FILE=D__lap_java_dsa_path_to_extract.py
==================================================
[2025-09-07T11:04:31.752650600] Running command (Attempt 1): python D:/lap/java/dsa/path/to/transform.py
[2025-09-07T11:04:31.826875300] 2025-09-07 11:04:31,827 - INFO - Starting data transformation
[2025-09-07T11:04:31.827879400] 2025-09-07 11:04:31,828 - INFO - Transforming 3 records
[2025-09-07T11:04:31.828873200] 2025-09-07 11:04:31,829 - INFO - Transformed data written to data\transformed_data.json
[2025-09-07T11:04:31.828873200] TRANSFORM_SUCCESS: data\transformed_data.json
--------------------------------------------------
[2025-09-07T11:04:31.834873300] Finished: Stage-2_TRANSFORM_FILE=D__lap_java_dsa_path_to_transform.py_LOAD_FILE=D__lap_java_dsa_path_to_load.py_EXTRACT_FILE=D__lap_java_dsa_path_to_extract.py (exit code 0)
--------------------------------------------------


==================================================
[2025-09-07T11:04:31.834873300] Starting: Stage-3_TRANSFORM_FILE=D__lap_java_dsa_path_to_transform.py_LOAD_FILE=D__lap_java_dsa_path_to_load.py_EXTRACT_FILE=D__lap_java_dsa_path_to_extract.py
==================================================
[2025-09-07T11:04:31.835872300] Running command (Attempt 1): python D:/lap/java/dsa/path/to/load.py
[2025-09-07T11:04:31.895142400] 2025-09-07 11:04:31,895 - INFO - Starting data loading
[2025-09-07T11:04:31.908135100] 2025-09-07 11:04:31,908 - INFO - Loading 3 records
[2025-09-07T11:04:31.909135200] 2025-09-07 11:04:31,909 - INFO - Data loaded successfully to output\final_data.json
[2025-09-07T11:04:31.909135200] 2025-09-07 11:04:31,909 - INFO - Summary report generated at output\load_summary.json
[2025-09-07T11:04:31.909135200] LOAD_SUCCESS: output\final_data.json
[2025-09-07T11:04:31.909135200] SUMMARY: output\load_summary.json
--------------------------------------------------
[2025-09-07T11:04:31.915135600] Finished: Stage-3_TRANSFORM_FILE=D__lap_java_dsa_path_to_transform.py_LOAD_FILE=D__lap_java_dsa_path_to_load.py_EXTRACT_FILE=D__lap_java_dsa_path_to_extract.py (exit code 0)
--------------------------------------------------

Execution completed successfully.
