Starting execution for job: DataIngestion (ID: 3)

==================================================
[2025-09-07T10:47:32.344183800] Starting: Stage-1_TRANSFORM_FILE=D__lap_java_dsa_path_to_transform.py_LOAD_FILE=D__lap_java_dsa_path_to_load.py_EXTRACT_FILE=D__lap_java_dsa_path_to_extract.py
==================================================
[2025-09-07T10:47:32.344183800] Running command (Attempt 1): python D:/lap/java/dsa/path/to/extract.py
[2025-09-07T10:47:32.403765600] 2025-09-07 10:47:32,403 - INFO - Starting data extraction
[2025-09-07T10:47:32.403765600] 2025-09-07 10:47:32,403 - INFO - Extracted 3 records
[2025-09-07T10:47:32.403765600] 2025-09-07 10:47:32,404 - INFO - Data written to data\extracted_data.json
[2025-09-07T10:47:32.404997900] EXTRACT_SUCCESS: data\extracted_data.json
--------------------------------------------------
[2025-09-07T10:47:32.409003200] Finished: Stage-1_TRANSFORM_FILE=D__lap_java_dsa_path_to_transform.py_LOAD_FILE=D__lap_java_dsa_path_to_load.py_EXTRACT_FILE=D__lap_java_dsa_path_to_extract.py (exit code 0)
--------------------------------------------------


==================================================
[2025-09-07T10:47:32.410002800] Starting: Stage-2_TRANSFORM_FILE=D__lap_java_dsa_path_to_transform.py_LOAD_FILE=D__lap_java_dsa_path_to_load.py_EXTRACT_FILE=D__lap_java_dsa_path_to_extract.py
==================================================
[2025-09-07T10:47:32.410002800] Running command (Attempt 1): python D:/lap/java/dsa/path/to/transform.py
[2025-09-07T10:47:32.466009900] 2025-09-07 10:47:32,465 - INFO - Starting data transformation
[2025-09-07T10:47:32.467003700] 2025-09-07 10:47:32,467 - INFO - Transforming 3 records
[2025-09-07T10:47:32.468001900] 2025-09-07 10:47:32,468 - INFO - Transformed data written to data\transformed_data.json
[2025-09-07T10:47:32.468001900] TRANSFORM_SUCCESS: data\transformed_data.json
--------------------------------------------------
[2025-09-07T10:47:32.474006400] Finished: Stage-2_TRANSFORM_FILE=D__lap_java_dsa_path_to_transform.py_LOAD_FILE=D__lap_java_dsa_path_to_load.py_EXTRACT_FILE=D__lap_java_dsa_path_to_extract.py (exit code 0)
--------------------------------------------------


==================================================
[2025-09-07T10:47:32.475003400] Starting: Stage-3_TRANSFORM_FILE=D__lap_java_dsa_path_to_transform.py_LOAD_FILE=D__lap_java_dsa_path_to_load.py_EXTRACT_FILE=D__lap_java_dsa_path_to_extract.py
==================================================
[2025-09-07T10:47:32.475003400] Running command (Attempt 1): python D:/lap/java/dsa/path/to/load.py
[2025-09-07T10:47:32.532479100] 2025-09-07 10:47:32,532 - INFO - Starting data loading
[2025-09-07T10:47:32.546076300] 2025-09-07 10:47:32,546 - INFO - Loading 3 records
[2025-09-07T10:47:32.546076300] 2025-09-07 10:47:32,547 - INFO - Data loaded successfully to output\final_data.json
[2025-09-07T10:47:32.547424900] 2025-09-07 10:47:32,547 - INFO - Summary report generated at output\load_summary.json
[2025-09-07T10:47:32.547424900] LOAD_SUCCESS: output\final_data.json
[2025-09-07T10:47:32.547424900] SUMMARY: output\load_summary.json
--------------------------------------------------
[2025-09-07T10:47:32.553423700] Finished: Stage-3_TRANSFORM_FILE=D__lap_java_dsa_path_to_transform.py_LOAD_FILE=D__lap_java_dsa_path_to_load.py_EXTRACT_FILE=D__lap_java_dsa_path_to_extract.py (exit code 0)
--------------------------------------------------

Execution completed successfully.
Starting execution for job: DataIngestion (ID: 3)

==================================================
[2025-09-07T10:47:32.849043200] Starting: Stage-1_TRANSFORM_FILE=D__lap_java_dsa_path_to_transform.py_LOAD_FILE=D__lap_java_dsa_path_to_load.py_EXTRACT_FILE=D__lap_java_dsa_path_to_extract.py
==================================================
[2025-09-07T10:47:32.850048300] Running command (Attempt 1): python D:/lap/java/dsa/path/to/extract.py
[2025-09-07T10:47:32.910047900] 2025-09-07 10:47:32,910 - INFO - Starting data extraction
[2025-09-07T10:47:32.910047900] 2025-09-07 10:47:32,910 - INFO - Extracted 3 records
[2025-09-07T10:47:32.911049600] 2025-09-07 10:47:32,911 - INFO - Data written to data\extracted_data.json
[2025-09-07T10:47:32.911049600] EXTRACT_SUCCESS: data\extracted_data.json
--------------------------------------------------
[2025-09-07T10:47:32.916046300] Finished: Stage-1_TRANSFORM_FILE=D__lap_java_dsa_path_to_transform.py_LOAD_FILE=D__lap_java_dsa_path_to_load.py_EXTRACT_FILE=D__lap_java_dsa_path_to_extract.py (exit code 0)
--------------------------------------------------


==================================================
[2025-09-07T10:47:32.917048] Starting: Stage-2_TRANSFORM_FILE=D__lap_java_dsa_path_to_transform.py_LOAD_FILE=D__lap_java_dsa_path_to_load.py_EXTRACT_FILE=D__lap_java_dsa_path_to_extract.py
==================================================
[2025-09-07T10:47:32.917048] Running command (Attempt 1): python D:/lap/java/dsa/path/to/transform.py
[2025-09-07T10:47:32.974622800] 2025-09-07 10:47:32,975 - INFO - Starting data transformation
[2025-09-07T10:47:32.975622400] 2025-09-07 10:47:32,976 - INFO - Transforming 3 records
[2025-09-07T10:47:32.977619100] 2025-09-07 10:47:32,977 - INFO - Transformed data written to data\transformed_data.json
[2025-09-07T10:47:32.977619100] TRANSFORM_SUCCESS: data\transformed_data.json
--------------------------------------------------
[2025-09-07T10:47:32.982632] Finished: Stage-2_TRANSFORM_FILE=D__lap_java_dsa_path_to_transform.py_LOAD_FILE=D__lap_java_dsa_path_to_load.py_EXTRACT_FILE=D__lap_java_dsa_path_to_extract.py (exit code 0)
--------------------------------------------------


==================================================
[2025-09-07T10:47:32.983618200] Starting: Stage-3_TRANSFORM_FILE=D__lap_java_dsa_path_to_transform.py_LOAD_FILE=D__lap_java_dsa_path_to_load.py_EXTRACT_FILE=D__lap_java_dsa_path_to_extract.py
==================================================
[2025-09-07T10:47:32.983618200] Running command (Attempt 1): python D:/lap/java/dsa/path/to/load.py
[2025-09-07T10:47:33.044870400] 2025-09-07 10:47:33,045 - INFO - Starting data loading
[2025-09-07T10:47:33.057792400] 2025-09-07 10:47:33,057 - INFO - Loading 3 records
[2025-09-07T10:47:33.057792400] 2025-09-07 10:47:33,058 - INFO - Data loaded successfully to output\final_data.json
[2025-09-07T10:47:33.057792400] 2025-09-07 10:47:33,058 - INFO - Summary report generated at output\load_summary.json
[2025-09-07T10:47:33.057792400] LOAD_SUCCESS: output\final_data.json
[2025-09-07T10:47:33.057792400] SUMMARY: output\load_summary.json
--------------------------------------------------
[2025-09-07T10:47:33.063792300] Finished: Stage-3_TRANSFORM_FILE=D__lap_java_dsa_path_to_transform.py_LOAD_FILE=D__lap_java_dsa_path_to_load.py_EXTRACT_FILE=D__lap_java_dsa_path_to_extract.py (exit code 0)
--------------------------------------------------

Execution completed successfully.
