Starting execution for job: DataIngestion (ID: 3)

==================================================
[2025-09-07T11:22:29.622602700] Starting: Stage-1_TRANSFORM_FILE=D__lap_java_dsa_path_to_transform.py_LOAD_FILE=D__lap_java_dsa_path_to_load.py_EXTRACT_FILE=D__lap_java_dsa_path_to_extract.py
==================================================
[2025-09-07T11:22:29.622602700] Running command (Attempt 1): python D:/lap/java/dsa/path/to/extract.py
[2025-09-07T11:22:29.692888200] 2025-09-07 11:22:29,692 - INFO - Starting data extraction
[2025-09-07T11:22:29.692888200] 2025-09-07 11:22:29,692 - INFO - Extracted 3 records
[2025-09-07T11:22:29.692888200] 2025-09-07 11:22:29,693 - INFO - Data written to data\extracted_data.json
[2025-09-07T11:22:29.694889700] EXTRACT_SUCCESS: data\extracted_data.json
--------------------------------------------------
[2025-09-07T11:22:29.697882700] Finished: Stage-1_TRANSFORM_FILE=D__lap_java_dsa_path_to_transform.py_LOAD_FILE=D__lap_java_dsa_path_to_load.py_EXTRACT_FILE=D__lap_java_dsa_path_to_extract.py (exit code 0)
--------------------------------------------------


==================================================
[2025-09-07T11:22:29.699881] Starting: Stage-2_TRANSFORM_FILE=D__lap_java_dsa_path_to_transform.py_LOAD_FILE=D__lap_java_dsa_path_to_load.py_EXTRACT_FILE=D__lap_java_dsa_path_to_extract.py
==================================================
[2025-09-07T11:22:29.699881] Running command (Attempt 1): python D:/lap/java/dsa/path/to/transform.py
[2025-09-07T11:22:29.756880600] 2025-09-07 11:22:29,757 - INFO - Starting data transformation
[2025-09-07T11:22:29.758883] 2025-09-07 11:22:29,759 - INFO - Transforming 3 records
[2025-09-07T11:22:29.759881100] 2025-09-07 11:22:29,760 - INFO - Transformed data written to data\transformed_data.json
[2025-09-07T11:22:29.759881100] TRANSFORM_SUCCESS: data\transformed_data.json
--------------------------------------------------
[2025-09-07T11:22:29.765884300] Finished: Stage-2_TRANSFORM_FILE=D__lap_java_dsa_path_to_transform.py_LOAD_FILE=D__lap_java_dsa_path_to_load.py_EXTRACT_FILE=D__lap_java_dsa_path_to_extract.py (exit code 0)
--------------------------------------------------


==================================================
[2025-09-07T11:22:29.765884300] Starting: Stage-3_TRANSFORM_FILE=D__lap_java_dsa_path_to_transform.py_LOAD_FILE=D__lap_java_dsa_path_to_load.py_EXTRACT_FILE=D__lap_java_dsa_path_to_extract.py
==================================================
[2025-09-07T11:22:29.766882900] Running command (Attempt 1): python D:/lap/java/dsa/path/to/load.py
[2025-09-07T11:22:29.821881400] 2025-09-07 11:22:29,822 - INFO - Starting data loading
[2025-09-07T11:22:29.836890900] 2025-09-07 11:22:29,837 - INFO - Loading 3 records
[2025-09-07T11:22:29.836890900] 2025-09-07 11:22:29,837 - INFO - Data loaded successfully to output\final_data.json
[2025-09-07T11:22:29.837882400] 2025-09-07 11:22:29,837 - INFO - Summary report generated at output\load_summary.json
[2025-09-07T11:22:29.837882400] LOAD_SUCCESS: output\final_data.json
[2025-09-07T11:22:29.837882400] SUMMARY: output\load_summary.json
--------------------------------------------------
[2025-09-07T11:22:29.842884200] Finished: Stage-3_TRANSFORM_FILE=D__lap_java_dsa_path_to_transform.py_LOAD_FILE=D__lap_java_dsa_path_to_load.py_EXTRACT_FILE=D__lap_java_dsa_path_to_extract.py (exit code 0)
--------------------------------------------------

Execution completed successfully.
Starting execution for job: DataIngestion (ID: 3)

==================================================
[2025-09-07T11:22:29.972799900] Starting: Stage-1_TRANSFORM_FILE=D__lap_java_dsa_path_to_transform.py_LOAD_FILE=D__lap_java_dsa_path_to_load.py_EXTRACT_FILE=D__lap_java_dsa_path_to_extract.py
==================================================
[2025-09-07T11:22:29.972799900] Running command (Attempt 1): python D:/lap/java/dsa/path/to/extract.py
[2025-09-07T11:22:30.039800200] 2025-09-07 11:22:30,040 - INFO - Starting data extraction
[2025-09-07T11:22:30.040902200] 2025-09-07 11:22:30,040 - INFO - Extracted 3 records
[2025-09-07T11:22:30.040902200] 2025-09-07 11:22:30,041 - INFO - Data written to data\extracted_data.json
[2025-09-07T11:22:30.040902200] EXTRACT_SUCCESS: data\extracted_data.json
--------------------------------------------------
[2025-09-07T11:22:30.045913] Finished: Stage-1_TRANSFORM_FILE=D__lap_java_dsa_path_to_transform.py_LOAD_FILE=D__lap_java_dsa_path_to_load.py_EXTRACT_FILE=D__lap_java_dsa_path_to_extract.py (exit code 0)
--------------------------------------------------


==================================================
[2025-09-07T11:22:30.046908100] Starting: Stage-2_TRANSFORM_FILE=D__lap_java_dsa_path_to_transform.py_LOAD_FILE=D__lap_java_dsa_path_to_load.py_EXTRACT_FILE=D__lap_java_dsa_path_to_extract.py
==================================================
[2025-09-07T11:22:30.046908100] Running command (Attempt 1): python D:/lap/java/dsa/path/to/transform.py
[2025-09-07T11:22:30.103908500] 2025-09-07 11:22:30,104 - INFO - Starting data transformation
[2025-09-07T11:22:30.104907900] 2025-09-07 11:22:30,105 - INFO - Transforming 3 records
[2025-09-07T11:22:30.105984400] 2025-09-07 11:22:30,106 - INFO - Transformed data written to data\transformed_data.json
[2025-09-07T11:22:30.105984400] TRANSFORM_SUCCESS: data\transformed_data.json
--------------------------------------------------
[2025-09-07T11:22:30.110926100] Finished: Stage-2_TRANSFORM_FILE=D__lap_java_dsa_path_to_transform.py_LOAD_FILE=D__lap_java_dsa_path_to_load.py_EXTRACT_FILE=D__lap_java_dsa_path_to_extract.py (exit code 0)
--------------------------------------------------


==================================================
[2025-09-07T11:22:30.111908300] Starting: Stage-3_TRANSFORM_FILE=D__lap_java_dsa_path_to_transform.py_LOAD_FILE=D__lap_java_dsa_path_to_load.py_EXTRACT_FILE=D__lap_java_dsa_path_to_extract.py
==================================================
[2025-09-07T11:22:30.112913300] Running command (Attempt 1): python D:/lap/java/dsa/path/to/load.py
[2025-09-07T11:22:30.187988700] 2025-09-07 11:22:30,188 - INFO - Starting data loading
[2025-09-07T11:22:30.209092600] 2025-09-07 11:22:30,209 - INFO - Loading 3 records
[2025-09-07T11:22:30.209926800] 2025-09-07 11:22:30,210 - INFO - Data loaded successfully to output\final_data.json
[2025-09-07T11:22:30.209926800] 2025-09-07 11:22:30,210 - INFO - Summary report generated at output\load_summary.json
[2025-09-07T11:22:30.209926800] LOAD_SUCCESS: output\final_data.json
[2025-09-07T11:22:30.210914600] SUMMARY: output\load_summary.json
--------------------------------------------------
[2025-09-07T11:22:30.217907500] Finished: Stage-3_TRANSFORM_FILE=D__lap_java_dsa_path_to_transform.py_LOAD_FILE=D__lap_java_dsa_path_to_load.py_EXTRACT_FILE=D__lap_java_dsa_path_to_extract.py (exit code 0)
--------------------------------------------------

Execution completed successfully.
