Starting execution for job: DataIngestion (ID: 3)

==================================================
[2025-09-10T23:44:25.794893] Starting: Stage-1_TRANSFORM_FILE=D__lap_java_dsa_path_to_transform.py_LOAD_FILE=D__lap_java_dsa_path_to_load.py_EXTRACT_FILE=D__lap_java_dsa_path_to_extract.py
==================================================
[2025-09-10T23:44:25.794893] Running command (Attempt 1): python D:/lap/java/dsa/path/to/extract.py
[2025-09-10T23:44:26.157137800] 2025-09-10 23:44:26,157 - INFO - Starting data extraction
[2025-09-10T23:44:26.157137800] 2025-09-10 23:44:26,157 - INFO - Extracted 3 records
[2025-09-10T23:44:26.157137800] 2025-09-10 23:44:26,157 - INFO - Data written to data\extracted_data.json
[2025-09-10T23:44:26.158132] EXTRACT_SUCCESS: data\extracted_data.json
--------------------------------------------------
[2025-09-10T23:44:26.163130900] Finished: Stage-1_TRANSFORM_FILE=D__lap_java_dsa_path_to_transform.py_LOAD_FILE=D__lap_java_dsa_path_to_load.py_EXTRACT_FILE=D__lap_java_dsa_path_to_extract.py (exit code 0)
--------------------------------------------------


==================================================
[2025-09-10T23:44:26.164135200] Starting: Stage-2_TRANSFORM_FILE=D__lap_java_dsa_path_to_transform.py_LOAD_FILE=D__lap_java_dsa_path_to_load.py_EXTRACT_FILE=D__lap_java_dsa_path_to_extract.py
==================================================
[2025-09-10T23:44:26.165137300] Running command (Attempt 1): python D:/lap/java/dsa/path/to/transform.py
[2025-09-10T23:44:26.247626300] 2025-09-10 23:44:26,248 - INFO - Starting data transformation
[2025-09-10T23:44:26.258633600] 2025-09-10 23:44:26,259 - INFO - Transforming 3 records
[2025-09-10T23:44:26.261627700] 2025-09-10 23:44:26,262 - INFO - Transformed data written to data\transformed_data.json
[2025-09-10T23:44:26.261627700] TRANSFORM_SUCCESS: data\transformed_data.json
--------------------------------------------------
[2025-09-10T23:44:26.268782600] Finished: Stage-2_TRANSFORM_FILE=D__lap_java_dsa_path_to_transform.py_LOAD_FILE=D__lap_java_dsa_path_to_load.py_EXTRACT_FILE=D__lap_java_dsa_path_to_extract.py (exit code 0)
--------------------------------------------------


==================================================
[2025-09-10T23:44:26.270773300] Starting: Stage-3_TRANSFORM_FILE=D__lap_java_dsa_path_to_transform.py_LOAD_FILE=D__lap_java_dsa_path_to_load.py_EXTRACT_FILE=D__lap_java_dsa_path_to_extract.py
==================================================
[2025-09-10T23:44:26.270773300] Running command (Attempt 1): python D:/lap/java/dsa/path/to/load.py
[2025-09-10T23:44:26.366769800] 2025-09-10 23:44:26,367 - INFO - Starting data loading
[2025-09-10T23:44:26.383772600] 2025-09-10 23:44:26,383 - INFO - Loading 3 records
[2025-09-10T23:44:26.384775800] 2025-09-10 23:44:26,384 - INFO - Data loaded successfully to output\final_data.json
[2025-09-10T23:44:26.384775800] 2025-09-10 23:44:26,384 - INFO - Summary report generated at output\load_summary.json
[2025-09-10T23:44:26.384775800] LOAD_SUCCESS: output\final_data.json
[2025-09-10T23:44:26.384775800] SUMMARY: output\load_summary.json
--------------------------------------------------
[2025-09-10T23:44:26.391771800] Finished: Stage-3_TRANSFORM_FILE=D__lap_java_dsa_path_to_transform.py_LOAD_FILE=D__lap_java_dsa_path_to_load.py_EXTRACT_FILE=D__lap_java_dsa_path_to_extract.py (exit code 0)
--------------------------------------------------

Execution completed successfully.
