Starting execution for job: DataIngestion (ID: 3)

==================================================
[2025-09-10T23:32:24.622051400] Starting: Stage-1_TRANSFORM_FILE=D__lap_java_dsa_path_to_transform.py_LOAD_FILE=D__lap_java_dsa_path_to_load.py_EXTRACT_FILE=D__lap_java_dsa_path_to_extract.py
==================================================
[2025-09-10T23:32:24.623051600] Running command (Attempt 1): python D:/lap/java/dsa/path/to/extract.py
[2025-09-10T23:32:25.062049300] 2025-09-10 23:32:25,062 - INFO - Starting data extraction
[2025-09-10T23:32:25.063050100] 2025-09-10 23:32:25,062 - INFO - Extracted 3 records
[2025-09-10T23:32:25.063050100] 2025-09-10 23:32:25,063 - INFO - Data written to data\extracted_data.json
[2025-09-10T23:32:25.063050100] EXTRACT_SUCCESS: data\extracted_data.json
--------------------------------------------------
[2025-09-10T23:32:25.069055800] Finished: Stage-1_TRANSFORM_FILE=D__lap_java_dsa_path_to_transform.py_LOAD_FILE=D__lap_java_dsa_path_to_load.py_EXTRACT_FILE=D__lap_java_dsa_path_to_extract.py (exit code 0)
--------------------------------------------------


==================================================
[2025-09-10T23:32:25.072060500] Starting: Stage-2_TRANSFORM_FILE=D__lap_java_dsa_path_to_transform.py_LOAD_FILE=D__lap_java_dsa_path_to_load.py_EXTRACT_FILE=D__lap_java_dsa_path_to_extract.py
==================================================
[2025-09-10T23:32:25.073054600] Running command (Attempt 1): python D:/lap/java/dsa/path/to/transform.py
[2025-09-10T23:32:25.143143400] 2025-09-10 23:32:25,143 - INFO - Starting data transformation
[2025-09-10T23:32:25.156060900] 2025-09-10 23:32:25,155 - INFO - Transforming 3 records
[2025-09-10T23:32:25.160051200] 2025-09-10 23:32:25,159 - INFO - Transformed data written to data\transformed_data.json
[2025-09-10T23:32:25.160051200] TRANSFORM_SUCCESS: data\transformed_data.json
--------------------------------------------------
[2025-09-10T23:32:25.166051400] Finished: Stage-2_TRANSFORM_FILE=D__lap_java_dsa_path_to_transform.py_LOAD_FILE=D__lap_java_dsa_path_to_load.py_EXTRACT_FILE=D__lap_java_dsa_path_to_extract.py (exit code 0)
--------------------------------------------------


==================================================
[2025-09-10T23:32:25.167054500] Starting: Stage-3_TRANSFORM_FILE=D__lap_java_dsa_path_to_transform.py_LOAD_FILE=D__lap_java_dsa_path_to_load.py_EXTRACT_FILE=D__lap_java_dsa_path_to_extract.py
==================================================
[2025-09-10T23:32:25.168052] Running command (Attempt 1): python D:/lap/java/dsa/path/to/load.py
[2025-09-10T23:32:25.261051400] 2025-09-10 23:32:25,260 - INFO - Starting data loading
[2025-09-10T23:32:25.272141300] 2025-09-10 23:32:25,272 - INFO - Loading 3 records
[2025-09-10T23:32:25.273051700] 2025-09-10 23:32:25,273 - INFO - Data loaded successfully to output\final_data.json
[2025-09-10T23:32:25.274113200] 2025-09-10 23:32:25,273 - INFO - Summary report generated at output\load_summary.json
[2025-09-10T23:32:25.274113200] LOAD_SUCCESS: output\final_data.json
[2025-09-10T23:32:25.274113200] SUMMARY: output\load_summary.json
--------------------------------------------------
[2025-09-10T23:32:25.283050900] Finished: Stage-3_TRANSFORM_FILE=D__lap_java_dsa_path_to_transform.py_LOAD_FILE=D__lap_java_dsa_path_to_load.py_EXTRACT_FILE=D__lap_java_dsa_path_to_extract.py (exit code 0)
--------------------------------------------------

Execution completed successfully.
