Starting execution for job: DataIngestion (ID: 2)

==================================================
[2025-09-07T10:17:31.267466100] Starting: Stage-1_TRANSFORM_FILE=D__lap_java_dsa_path_to_transform.py_LOAD_FILE=D__lap_java_dsa_path_to_load.py_EXTRACT_FILE=D__lap_java_dsa_path_to_extract.py
==================================================
[2025-09-07T10:17:31.268464300] Running command (Attempt 1): python D:/lap/java/dsa/path/to/extract.py
[2025-09-07T10:17:31.354467100] 2025-09-07 10:17:31,354 - INFO - Starting data extraction
[2025-09-07T10:17:31.355467700] 2025-09-07 10:17:31,355 - INFO - Extracted 3 records
[2025-09-07T10:17:31.355467700] 2025-09-07 10:17:31,355 - INFO - Data written to data\extracted_data.json
[2025-09-07T10:17:31.357465600] EXTRACT_SUCCESS: data\extracted_data.json
--------------------------------------------------
[2025-09-07T10:17:31.361491300] Finished: Stage-1_TRANSFORM_FILE=D__lap_java_dsa_path_to_transform.py_LOAD_FILE=D__lap_java_dsa_path_to_load.py_EXTRACT_FILE=D__lap_java_dsa_path_to_extract.py (exit code 0)
--------------------------------------------------


==================================================
[2025-09-07T10:17:31.361491300] Starting: Stage-2_TRANSFORM_FILE=D__lap_java_dsa_path_to_transform.py_LOAD_FILE=D__lap_java_dsa_path_to_load.py_EXTRACT_FILE=D__lap_java_dsa_path_to_extract.py
==================================================
[2025-09-07T10:17:31.361491300] Running command (Attempt 1): python D:/lap/java/dsa/path/to/transform.py
[2025-09-07T10:17:31.420568400] 2025-09-07 10:17:31,420 - INFO - Starting data transformation
[2025-09-07T10:17:31.420568400] 2025-09-07 10:17:31,421 - INFO - Transforming 3 records
[2025-09-07T10:17:31.421555300] 2025-09-07 10:17:31,422 - INFO - Transformed data written to data\transformed_data.json
[2025-09-07T10:17:31.421555300] TRANSFORM_SUCCESS: data\transformed_data.json
--------------------------------------------------
[2025-09-07T10:17:31.427551400] Finished: Stage-2_TRANSFORM_FILE=D__lap_java_dsa_path_to_transform.py_LOAD_FILE=D__lap_java_dsa_path_to_load.py_EXTRACT_FILE=D__lap_java_dsa_path_to_extract.py (exit code 0)
--------------------------------------------------


==================================================
[2025-09-07T10:17:31.427551400] Starting: Stage-3_TRANSFORM_FILE=D__lap_java_dsa_path_to_transform.py_LOAD_FILE=D__lap_java_dsa_path_to_load.py_EXTRACT_FILE=D__lap_java_dsa_path_to_extract.py
==================================================
[2025-09-07T10:17:31.428466500] Running command (Attempt 1): python D:/lap/java/dsa/path/to/load.py
[2025-09-07T10:17:31.484466800] 2025-09-07 10:17:31,485 - INFO - Starting data loading
[2025-09-07T10:17:31.502469100] 2025-09-07 10:17:31,503 - INFO - Loading 3 records
[2025-09-07T10:17:31.503460400] 2025-09-07 10:17:31,503 - INFO - Data loaded successfully to output\final_data.json
[2025-09-07T10:17:31.503460400] 2025-09-07 10:17:31,503 - INFO - Summary report generated at output\load_summary.json
[2025-09-07T10:17:31.503460400] LOAD_SUCCESS: output\final_data.json
[2025-09-07T10:17:31.503460400] SUMMARY: output\load_summary.json
--------------------------------------------------
[2025-09-07T10:17:31.509465700] Finished: Stage-3_TRANSFORM_FILE=D__lap_java_dsa_path_to_transform.py_LOAD_FILE=D__lap_java_dsa_path_to_load.py_EXTRACT_FILE=D__lap_java_dsa_path_to_extract.py (exit code 0)
--------------------------------------------------

Execution completed successfully.
Starting execution for job: DataIngestion (ID: 2)

==================================================
[2025-09-07T10:17:31.778465300] Starting: Stage-1_TRANSFORM_FILE=D__lap_java_dsa_path_to_transform.py_LOAD_FILE=D__lap_java_dsa_path_to_load.py_EXTRACT_FILE=D__lap_java_dsa_path_to_extract.py
==================================================
[2025-09-07T10:17:31.778465300] Running command (Attempt 1): python D:/lap/java/dsa/path/to/extract.py
[2025-09-07T10:17:31.874546300] 2025-09-07 10:17:31,875 - INFO - Starting data extraction
[2025-09-07T10:17:31.875539600] 2025-09-07 10:17:31,875 - INFO - Extracted 3 records
[2025-09-07T10:17:31.875539600] 2025-09-07 10:17:31,875 - INFO - Data written to data\extracted_data.json
[2025-09-07T10:17:31.875539600] EXTRACT_SUCCESS: data\extracted_data.json
--------------------------------------------------
[2025-09-07T10:17:31.881555400] Finished: Stage-1_TRANSFORM_FILE=D__lap_java_dsa_path_to_transform.py_LOAD_FILE=D__lap_java_dsa_path_to_load.py_EXTRACT_FILE=D__lap_java_dsa_path_to_extract.py (exit code 0)
--------------------------------------------------


==================================================
[2025-09-07T10:17:31.882471400] Starting: Stage-2_TRANSFORM_FILE=D__lap_java_dsa_path_to_transform.py_LOAD_FILE=D__lap_java_dsa_path_to_load.py_EXTRACT_FILE=D__lap_java_dsa_path_to_extract.py
==================================================
[2025-09-07T10:17:31.882471400] Running command (Attempt 1): python D:/lap/java/dsa/path/to/transform.py
[2025-09-07T10:17:31.959542500] 2025-09-07 10:17:31,960 - INFO - Starting data transformation
[2025-09-07T10:17:31.961552900] 2025-09-07 10:17:31,962 - INFO - Transforming 3 records
[2025-09-07T10:17:31.963462600] 2025-09-07 10:17:31,963 - INFO - Transformed data written to data\transformed_data.json
[2025-09-07T10:17:31.963462600] TRANSFORM_SUCCESS: data\transformed_data.json
--------------------------------------------------
[2025-09-07T10:17:31.969549900] Finished: Stage-2_TRANSFORM_FILE=D__lap_java_dsa_path_to_transform.py_LOAD_FILE=D__lap_java_dsa_path_to_load.py_EXTRACT_FILE=D__lap_java_dsa_path_to_extract.py (exit code 0)
--------------------------------------------------


==================================================
[2025-09-07T10:17:31.970465200] Starting: Stage-3_TRANSFORM_FILE=D__lap_java_dsa_path_to_transform.py_LOAD_FILE=D__lap_java_dsa_path_to_load.py_EXTRACT_FILE=D__lap_java_dsa_path_to_extract.py
==================================================
[2025-09-07T10:17:31.970465200] Running command (Attempt 1): python D:/lap/java/dsa/path/to/load.py
[2025-09-07T10:17:32.053560100] 2025-09-07 10:17:32,053 - INFO - Starting data loading
[2025-09-07T10:17:32.073479] 2025-09-07 10:17:32,073 - INFO - Loading 3 records
[2025-09-07T10:17:32.074469900] 2025-09-07 10:17:32,074 - INFO - Data loaded successfully to output\final_data.json
[2025-09-07T10:17:32.074469900] 2025-09-07 10:17:32,074 - INFO - Summary report generated at output\load_summary.json
[2025-09-07T10:17:32.075466] LOAD_SUCCESS: output\final_data.json
[2025-09-07T10:17:32.075466] SUMMARY: output\load_summary.json
--------------------------------------------------
[2025-09-07T10:17:32.081462600] Finished: Stage-3_TRANSFORM_FILE=D__lap_java_dsa_path_to_transform.py_LOAD_FILE=D__lap_java_dsa_path_to_load.py_EXTRACT_FILE=D__lap_java_dsa_path_to_extract.py (exit code 0)
--------------------------------------------------

Execution completed successfully.
