Starting execution for job: DataIngestion (ID: 3)

==================================================
[2025-09-07T10:53:32.491690100] Starting: Stage-1_TRANSFORM_FILE=D__lap_java_dsa_path_to_transform.py_LOAD_FILE=D__lap_java_dsa_path_to_load.py_EXTRACT_FILE=D__lap_java_dsa_path_to_extract.py
==================================================
[2025-09-07T10:53:32.492690300] Running command (Attempt 1): python D:/lap/java/dsa/path/to/extract.py
[2025-09-07T10:53:32.574786600] 2025-09-07 10:53:32,574 - INFO - Starting data extraction
[2025-09-07T10:53:32.574786600] 2025-09-07 10:53:32,574 - INFO - Extracted 3 records
[2025-09-07T10:53:32.574786600] 2025-09-07 10:53:32,575 - INFO - Data written to data\extracted_data.json
[2025-09-07T10:53:32.574786600] EXTRACT_SUCCESS: data\extracted_data.json
--------------------------------------------------
[2025-09-07T10:53:32.579790900] Finished: Stage-1_TRANSFORM_FILE=D__lap_java_dsa_path_to_transform.py_LOAD_FILE=D__lap_java_dsa_path_to_load.py_EXTRACT_FILE=D__lap_java_dsa_path_to_extract.py (exit code 0)
--------------------------------------------------


==================================================
[2025-09-07T10:53:32.579790900] Starting: Stage-2_TRANSFORM_FILE=D__lap_java_dsa_path_to_transform.py_LOAD_FILE=D__lap_java_dsa_path_to_load.py_EXTRACT_FILE=D__lap_java_dsa_path_to_extract.py
==================================================
[2025-09-07T10:53:32.579790900] Running command (Attempt 1): python D:/lap/java/dsa/path/to/transform.py
[2025-09-07T10:53:32.641191] 2025-09-07 10:53:32,641 - INFO - Starting data transformation
[2025-09-07T10:53:32.643191600] 2025-09-07 10:53:32,643 - INFO - Transforming 3 records
[2025-09-07T10:53:32.643191600] 2025-09-07 10:53:32,644 - INFO - Transformed data written to data\transformed_data.json
[2025-09-07T10:53:32.643191600] TRANSFORM_SUCCESS: data\transformed_data.json
--------------------------------------------------
[2025-09-07T10:53:32.649496600] Finished: Stage-2_TRANSFORM_FILE=D__lap_java_dsa_path_to_transform.py_LOAD_FILE=D__lap_java_dsa_path_to_load.py_EXTRACT_FILE=D__lap_java_dsa_path_to_extract.py (exit code 0)
--------------------------------------------------


==================================================
[2025-09-07T10:53:32.650496500] Starting: Stage-3_TRANSFORM_FILE=D__lap_java_dsa_path_to_transform.py_LOAD_FILE=D__lap_java_dsa_path_to_load.py_EXTRACT_FILE=D__lap_java_dsa_path_to_extract.py
==================================================
[2025-09-07T10:53:32.650496500] Running command (Attempt 1): python D:/lap/java/dsa/path/to/load.py
[2025-09-07T10:53:32.706731] 2025-09-07 10:53:32,706 - INFO - Starting data loading
[2025-09-07T10:53:32.720816400] 2025-09-07 10:53:32,721 - INFO - Loading 3 records
[2025-09-07T10:53:32.721730600] 2025-09-07 10:53:32,722 - INFO - Data loaded successfully to output\final_data.json
[2025-09-07T10:53:32.721730600] 2025-09-07 10:53:32,722 - INFO - Summary report generated at output\load_summary.json
[2025-09-07T10:53:32.721730600] LOAD_SUCCESS: output\final_data.json
[2025-09-07T10:53:32.722728700] SUMMARY: output\load_summary.json
--------------------------------------------------
[2025-09-07T10:53:32.727926700] Finished: Stage-3_TRANSFORM_FILE=D__lap_java_dsa_path_to_transform.py_LOAD_FILE=D__lap_java_dsa_path_to_load.py_EXTRACT_FILE=D__lap_java_dsa_path_to_extract.py (exit code 0)
--------------------------------------------------

Execution completed successfully.
Starting execution for job: DataIngestion (ID: 3)

==================================================
[2025-09-07T10:53:32.995466500] Starting: Stage-1_TRANSFORM_FILE=D__lap_java_dsa_path_to_transform.py_LOAD_FILE=D__lap_java_dsa_path_to_load.py_EXTRACT_FILE=D__lap_java_dsa_path_to_extract.py
==================================================
[2025-09-07T10:53:32.995466500] Running command (Attempt 1): python D:/lap/java/dsa/path/to/extract.py
[2025-09-07T10:53:33.076265500] 2025-09-07 10:53:33,076 - INFO - Starting data extraction
[2025-09-07T10:53:33.077266300] 2025-09-07 10:53:33,077 - INFO - Extracted 3 records
[2025-09-07T10:53:33.077266300] 2025-09-07 10:53:33,077 - INFO - Data written to data\extracted_data.json
[2025-09-07T10:53:33.077266300] EXTRACT_SUCCESS: data\extracted_data.json
--------------------------------------------------
[2025-09-07T10:53:33.082266700] Finished: Stage-1_TRANSFORM_FILE=D__lap_java_dsa_path_to_transform.py_LOAD_FILE=D__lap_java_dsa_path_to_load.py_EXTRACT_FILE=D__lap_java_dsa_path_to_extract.py (exit code 0)
--------------------------------------------------


==================================================
[2025-09-07T10:53:33.082266700] Starting: Stage-2_TRANSFORM_FILE=D__lap_java_dsa_path_to_transform.py_LOAD_FILE=D__lap_java_dsa_path_to_load.py_EXTRACT_FILE=D__lap_java_dsa_path_to_extract.py
==================================================
[2025-09-07T10:53:33.082266700] Running command (Attempt 1): python D:/lap/java/dsa/path/to/transform.py
[2025-09-07T10:53:33.166271900] 2025-09-07 10:53:33,166 - INFO - Starting data transformation
[2025-09-07T10:53:33.168276400] 2025-09-07 10:53:33,168 - INFO - Transforming 3 records
[2025-09-07T10:53:33.170270100] 2025-09-07 10:53:33,170 - INFO - Transformed data written to data\transformed_data.json
[2025-09-07T10:53:33.170270100] TRANSFORM_SUCCESS: data\transformed_data.json
--------------------------------------------------
[2025-09-07T10:53:33.175565800] Finished: Stage-2_TRANSFORM_FILE=D__lap_java_dsa_path_to_transform.py_LOAD_FILE=D__lap_java_dsa_path_to_load.py_EXTRACT_FILE=D__lap_java_dsa_path_to_extract.py (exit code 0)
--------------------------------------------------


==================================================
[2025-09-07T10:53:33.176962400] Starting: Stage-3_TRANSFORM_FILE=D__lap_java_dsa_path_to_transform.py_LOAD_FILE=D__lap_java_dsa_path_to_load.py_EXTRACT_FILE=D__lap_java_dsa_path_to_extract.py
==================================================
[2025-09-07T10:53:33.176962400] Running command (Attempt 1): python D:/lap/java/dsa/path/to/load.py
[2025-09-07T10:53:33.249931100] 2025-09-07 10:53:33,250 - INFO - Starting data loading
[2025-09-07T10:53:33.263930700] 2025-09-07 10:53:33,264 - INFO - Loading 3 records
[2025-09-07T10:53:33.265009300] 2025-09-07 10:53:33,264 - INFO - Data loaded successfully to output\final_data.json
[2025-09-07T10:53:33.265009300] 2025-09-07 10:53:33,265 - INFO - Summary report generated at output\load_summary.json
[2025-09-07T10:53:33.265009300] LOAD_SUCCESS: output\final_data.json
[2025-09-07T10:53:33.265009300] SUMMARY: output\load_summary.json
--------------------------------------------------
[2025-09-07T10:53:33.270930700] Finished: Stage-3_TRANSFORM_FILE=D__lap_java_dsa_path_to_transform.py_LOAD_FILE=D__lap_java_dsa_path_to_load.py_EXTRACT_FILE=D__lap_java_dsa_path_to_extract.py (exit code 0)
--------------------------------------------------

Execution completed successfully.
