Starting execution for job: DataIngestion (ID: 3)

==================================================
[2025-09-07T10:53:31.480152200] Starting: Stage-1_TRANSFORM_FILE=D__lap_java_dsa_path_to_transform.py_LOAD_FILE=D__lap_java_dsa_path_to_load.py_EXTRACT_FILE=D__lap_java_dsa_path_to_extract.py
==================================================
[2025-09-07T10:53:31.480152200] Running command (Attempt 1): python D:/lap/java/dsa/path/to/extract.py
[2025-09-07T10:53:31.552096300] 2025-09-07 10:53:31,552 - INFO - Starting data extraction
[2025-09-07T10:53:31.553096100] 2025-09-07 10:53:31,552 - INFO - Extracted 3 records
[2025-09-07T10:53:31.553096100] 2025-09-07 10:53:31,553 - INFO - Data written to data\extracted_data.json
[2025-09-07T10:53:31.555102200] EXTRACT_SUCCESS: data\extracted_data.json
--------------------------------------------------
[2025-09-07T10:53:31.558098600] Finished: Stage-1_TRANSFORM_FILE=D__lap_java_dsa_path_to_transform.py_LOAD_FILE=D__lap_java_dsa_path_to_load.py_EXTRACT_FILE=D__lap_java_dsa_path_to_extract.py (exit code 0)
--------------------------------------------------


==================================================
[2025-09-07T10:53:31.558098600] Starting: Stage-2_TRANSFORM_FILE=D__lap_java_dsa_path_to_transform.py_LOAD_FILE=D__lap_java_dsa_path_to_load.py_EXTRACT_FILE=D__lap_java_dsa_path_to_extract.py
==================================================
[2025-09-07T10:53:31.558098600] Running command (Attempt 1): python D:/lap/java/dsa/path/to/transform.py
[2025-09-07T10:53:31.619189800] 2025-09-07 10:53:31,619 - INFO - Starting data transformation
[2025-09-07T10:53:31.620195200] 2025-09-07 10:53:31,620 - INFO - Transforming 3 records
[2025-09-07T10:53:31.621202800] 2025-09-07 10:53:31,621 - INFO - Transformed data written to data\transformed_data.json
[2025-09-07T10:53:31.621202800] TRANSFORM_SUCCESS: data\transformed_data.json
--------------------------------------------------
[2025-09-07T10:53:31.626190500] Finished: Stage-2_TRANSFORM_FILE=D__lap_java_dsa_path_to_transform.py_LOAD_FILE=D__lap_java_dsa_path_to_load.py_EXTRACT_FILE=D__lap_java_dsa_path_to_extract.py (exit code 0)
--------------------------------------------------


==================================================
[2025-09-07T10:53:31.626190500] Starting: Stage-3_TRANSFORM_FILE=D__lap_java_dsa_path_to_transform.py_LOAD_FILE=D__lap_java_dsa_path_to_load.py_EXTRACT_FILE=D__lap_java_dsa_path_to_extract.py
==================================================
[2025-09-07T10:53:31.626190500] Running command (Attempt 1): python D:/lap/java/dsa/path/to/load.py
[2025-09-07T10:53:31.688174600] 2025-09-07 10:53:31,688 - INFO - Starting data loading
[2025-09-07T10:53:31.705252900] 2025-09-07 10:53:31,705 - INFO - Loading 3 records
[2025-09-07T10:53:31.705252900] 2025-09-07 10:53:31,705 - INFO - Data loaded successfully to output\final_data.json
[2025-09-07T10:53:31.705252900] 2025-09-07 10:53:31,705 - INFO - Summary report generated at output\load_summary.json
[2025-09-07T10:53:31.706172300] LOAD_SUCCESS: output\final_data.json
[2025-09-07T10:53:31.706172300] SUMMARY: output\load_summary.json
--------------------------------------------------
[2025-09-07T10:53:31.712171600] Finished: Stage-3_TRANSFORM_FILE=D__lap_java_dsa_path_to_transform.py_LOAD_FILE=D__lap_java_dsa_path_to_load.py_EXTRACT_FILE=D__lap_java_dsa_path_to_extract.py (exit code 0)
--------------------------------------------------

Execution completed successfully.
Starting execution for job: DataIngestion (ID: 3)

==================================================
[2025-09-07T10:53:31.986705500] Starting: Stage-1_TRANSFORM_FILE=D__lap_java_dsa_path_to_transform.py_LOAD_FILE=D__lap_java_dsa_path_to_load.py_EXTRACT_FILE=D__lap_java_dsa_path_to_extract.py
==================================================
[2025-09-07T10:53:31.987701700] Running command (Attempt 1): python D:/lap/java/dsa/path/to/extract.py
[2025-09-07T10:53:32.064107300] 2025-09-07 10:53:32,064 - INFO - Starting data extraction
[2025-09-07T10:53:32.065108400] 2025-09-07 10:53:32,064 - INFO - Extracted 3 records
[2025-09-07T10:53:32.065108400] 2025-09-07 10:53:32,065 - INFO - Data written to data\extracted_data.json
[2025-09-07T10:53:32.065108400] EXTRACT_SUCCESS: data\extracted_data.json
--------------------------------------------------
[2025-09-07T10:53:32.070125] Finished: Stage-1_TRANSFORM_FILE=D__lap_java_dsa_path_to_transform.py_LOAD_FILE=D__lap_java_dsa_path_to_load.py_EXTRACT_FILE=D__lap_java_dsa_path_to_extract.py (exit code 0)
--------------------------------------------------


==================================================
[2025-09-07T10:53:32.070125] Starting: Stage-2_TRANSFORM_FILE=D__lap_java_dsa_path_to_transform.py_LOAD_FILE=D__lap_java_dsa_path_to_load.py_EXTRACT_FILE=D__lap_java_dsa_path_to_extract.py
==================================================
[2025-09-07T10:53:32.070125] Running command (Attempt 1): python D:/lap/java/dsa/path/to/transform.py
[2025-09-07T10:53:32.131373900] 2025-09-07 10:53:32,131 - INFO - Starting data transformation
[2025-09-07T10:53:32.132396100] 2025-09-07 10:53:32,132 - INFO - Transforming 3 records
[2025-09-07T10:53:32.133380900] 2025-09-07 10:53:32,134 - INFO - Transformed data written to data\transformed_data.json
[2025-09-07T10:53:32.134375] TRANSFORM_SUCCESS: data\transformed_data.json
--------------------------------------------------
[2025-09-07T10:53:32.138498400] Finished: Stage-2_TRANSFORM_FILE=D__lap_java_dsa_path_to_transform.py_LOAD_FILE=D__lap_java_dsa_path_to_load.py_EXTRACT_FILE=D__lap_java_dsa_path_to_extract.py (exit code 0)
--------------------------------------------------


==================================================
[2025-09-07T10:53:32.138498400] Starting: Stage-3_TRANSFORM_FILE=D__lap_java_dsa_path_to_transform.py_LOAD_FILE=D__lap_java_dsa_path_to_load.py_EXTRACT_FILE=D__lap_java_dsa_path_to_extract.py
==================================================
[2025-09-07T10:53:32.139911800] Running command (Attempt 1): python D:/lap/java/dsa/path/to/load.py
[2025-09-07T10:53:32.193105100] 2025-09-07 10:53:32,193 - INFO - Starting data loading
[2025-09-07T10:53:32.207115400] 2025-09-07 10:53:32,207 - INFO - Loading 3 records
[2025-09-07T10:53:32.208189700] 2025-09-07 10:53:32,208 - INFO - Data loaded successfully to output\final_data.json
[2025-09-07T10:53:32.208189700] 2025-09-07 10:53:32,208 - INFO - Summary report generated at output\load_summary.json
[2025-09-07T10:53:32.208189700] LOAD_SUCCESS: output\final_data.json
[2025-09-07T10:53:32.208189700] SUMMARY: output\load_summary.json
--------------------------------------------------
[2025-09-07T10:53:32.214106400] Finished: Stage-3_TRANSFORM_FILE=D__lap_java_dsa_path_to_transform.py_LOAD_FILE=D__lap_java_dsa_path_to_load.py_EXTRACT_FILE=D__lap_java_dsa_path_to_extract.py (exit code 0)
--------------------------------------------------

Execution completed successfully.
