Starting execution for job: DataIngestion (ID: null)

==================================================
[2025-08-31T17:55:13.109824600] Starting: Stage-1_TRANSFORM_FILE=D__lap_java_dsa_path_to_transform.py_LOAD_FILE=D__lap_java_dsa_path_to_load.py_EXTRACT_FILE=D__lap_java_dsa_path_to_extract.py
==================================================
[2025-08-31T17:55:13.110329200] Running command (Attempt 1): python D:/lap/java/dsa/path/to/extract.py
[2025-08-31T17:55:13.183045600] 2025-08-31 17:55:13,182 - INFO - Starting data extraction
[2025-08-31T17:55:13.183581400] 2025-08-31 17:55:13,182 - INFO - Extracted 3 records
[2025-08-31T17:55:13.183581400] 2025-08-31 17:55:13,183 - INFO - Data written to data\extracted_data.json
[2025-08-31T17:55:13.184110500] EXTRACT_SUCCESS: data\extracted_data.json
--------------------------------------------------
[2025-08-31T17:55:13.189715700] Finished: Stage-1_TRANSFORM_FILE=D__lap_java_dsa_path_to_transform.py_LOAD_FILE=D__lap_java_dsa_path_to_load.py_EXTRACT_FILE=D__lap_java_dsa_path_to_extract.py (exit code 0)
--------------------------------------------------


==================================================
[2025-08-31T17:55:13.190772400] Starting: Stage-2_TRANSFORM_FILE=D__lap_java_dsa_path_to_transform.py_LOAD_FILE=D__lap_java_dsa_path_to_load.py_EXTRACT_FILE=D__lap_java_dsa_path_to_extract.py
==================================================
[2025-08-31T17:55:13.190772400] Running command (Attempt 1): python D:/lap/java/dsa/path/to/transform.py
[2025-08-31T17:55:13.260162700] 2025-08-31 17:55:13,260 - INFO - Starting data transformation
[2025-08-31T17:55:13.261255200] 2025-08-31 17:55:13,261 - INFO - Transforming 3 records
[2025-08-31T17:55:13.262903200] 2025-08-31 17:55:13,263 - INFO - Transformed data written to data\transformed_data.json
[2025-08-31T17:55:13.263437700] TRANSFORM_SUCCESS: data\transformed_data.json
--------------------------------------------------
[2025-08-31T17:55:13.270349700] Finished: Stage-2_TRANSFORM_FILE=D__lap_java_dsa_path_to_transform.py_LOAD_FILE=D__lap_java_dsa_path_to_load.py_EXTRACT_FILE=D__lap_java_dsa_path_to_extract.py (exit code 0)
--------------------------------------------------


==================================================
[2025-08-31T17:55:13.271376500] Starting: Stage-3_TRANSFORM_FILE=D__lap_java_dsa_path_to_transform.py_LOAD_FILE=D__lap_java_dsa_path_to_load.py_EXTRACT_FILE=D__lap_java_dsa_path_to_extract.py
==================================================
[2025-08-31T17:55:13.271908400] Running command (Attempt 1): python D:/lap/java/dsa/path/to/load.py
[2025-08-31T17:55:13.325497] 2025-08-31 17:55:13,325 - INFO - Starting data loading
[2025-08-31T17:55:13.335847500] 2025-08-31 17:55:13,336 - INFO - Loading 3 records
[2025-08-31T17:55:13.336850800] 2025-08-31 17:55:13,337 - INFO - Data loaded successfully to output\final_data.json
[2025-08-31T17:55:13.336850800] 2025-08-31 17:55:13,337 - INFO - Summary report generated at output\load_summary.json
[2025-08-31T17:55:13.336850800] LOAD_SUCCESS: output\final_data.json
[2025-08-31T17:55:13.336850800] SUMMARY: output\load_summary.json
--------------------------------------------------
[2025-08-31T17:55:13.341851100] Finished: Stage-3_TRANSFORM_FILE=D__lap_java_dsa_path_to_transform.py_LOAD_FILE=D__lap_java_dsa_path_to_load.py_EXTRACT_FILE=D__lap_java_dsa_path_to_extract.py (exit code 0)
--------------------------------------------------

Starting execution for job: DataIngestion (ID: null)

==================================================
[2025-08-31T17:55:13.344359900] Starting: Stage-1_TRANSFORM_FILE=D__lap_java_dsa_path_to_transform.py_LOAD_FILE=D__lap_java_dsa_path_to_load.py_EXTRACT_FILE=D__lap_java_dsa_path_to_extract.py
==================================================
[2025-08-31T17:55:13.344359900] Running command (Attempt 2): python D:/lap/java/dsa/path/to/extract.py
[2025-08-31T17:55:13.392220200] 2025-08-31 17:55:13,392 - INFO - Starting data extraction
[2025-08-31T17:55:13.393224200] 2025-08-31 17:55:13,392 - INFO - Extracted 3 records
[2025-08-31T17:55:13.393224200] 2025-08-31 17:55:13,393 - INFO - Data written to data\extracted_data.json
[2025-08-31T17:55:13.393224200] EXTRACT_SUCCESS: data\extracted_data.json
--------------------------------------------------
[2025-08-31T17:55:13.398414200] Finished: Stage-1_TRANSFORM_FILE=D__lap_java_dsa_path_to_transform.py_LOAD_FILE=D__lap_java_dsa_path_to_load.py_EXTRACT_FILE=D__lap_java_dsa_path_to_extract.py (exit code 0)
--------------------------------------------------


==================================================
[2025-08-31T17:55:13.398414200] Starting: Stage-2_TRANSFORM_FILE=D__lap_java_dsa_path_to_transform.py_LOAD_FILE=D__lap_java_dsa_path_to_load.py_EXTRACT_FILE=D__lap_java_dsa_path_to_extract.py
==================================================
[2025-08-31T17:55:13.399414600] Running command (Attempt 2): python D:/lap/java/dsa/path/to/transform.py
[2025-08-31T17:55:13.447938500] 2025-08-31 17:55:13,448 - INFO - Starting data transformation
[2025-08-31T17:55:13.448938300] 2025-08-31 17:55:13,448 - INFO - Transforming 3 records
[2025-08-31T17:55:13.448938300] 2025-08-31 17:55:13,449 - INFO - Transformed data written to data\transformed_data.json
[2025-08-31T17:55:13.448938300] TRANSFORM_SUCCESS: data\transformed_data.json
--------------------------------------------------
[2025-08-31T17:55:13.455148200] Finished: Stage-2_TRANSFORM_FILE=D__lap_java_dsa_path_to_transform.py_LOAD_FILE=D__lap_java_dsa_path_to_load.py_EXTRACT_FILE=D__lap_java_dsa_path_to_extract.py (exit code 0)
--------------------------------------------------


==================================================
[2025-08-31T17:55:13.455148200] Starting: Stage-3_TRANSFORM_FILE=D__lap_java_dsa_path_to_transform.py_LOAD_FILE=D__lap_java_dsa_path_to_load.py_EXTRACT_FILE=D__lap_java_dsa_path_to_extract.py
==================================================
[2025-08-31T17:55:13.455148200] Running command (Attempt 2): python D:/lap/java/dsa/path/to/load.py
[2025-08-31T17:55:13.501800] 2025-08-31 17:55:13,501 - INFO - Starting data loading
[2025-08-31T17:55:13.511463] 2025-08-31 17:55:13,512 - INFO - Loading 3 records
[2025-08-31T17:55:13.512312100] 2025-08-31 17:55:13,512 - INFO - Data loaded successfully to output\final_data.json
[2025-08-31T17:55:13.512312100] 2025-08-31 17:55:13,512 - INFO - Summary report generated at output\load_summary.json
[2025-08-31T17:55:13.512312100] LOAD_SUCCESS: output\final_data.json
[2025-08-31T17:55:13.512312100] SUMMARY: output\load_summary.json
--------------------------------------------------
[2025-08-31T17:55:13.517471300] Finished: Stage-3_TRANSFORM_FILE=D__lap_java_dsa_path_to_transform.py_LOAD_FILE=D__lap_java_dsa_path_to_load.py_EXTRACT_FILE=D__lap_java_dsa_path_to_extract.py (exit code 0)
--------------------------------------------------

