Starting execution for job: DataIngestion (ID: null)

==================================================
[2025-08-31T17:55:11.916365800] Starting: Stage-1_TRANSFORM_FILE=D__lap_java_dsa_path_to_transform.py_LOAD_FILE=D__lap_java_dsa_path_to_load.py_EXTRACT_FILE=D__lap_java_dsa_path_to_extract.py
==================================================
[2025-08-31T17:55:11.916365800] Running command (Attempt 1): python D:/lap/java/dsa/path/to/extract.py
[2025-08-31T17:55:11.982934900] 2025-08-31 17:55:11,983 - INFO - Starting data extraction
[2025-08-31T17:55:11.982934900] 2025-08-31 17:55:11,983 - INFO - Extracted 3 records
[2025-08-31T17:55:11.982934900] 2025-08-31 17:55:11,983 - INFO - Data written to data\extracted_data.json
[2025-08-31T17:55:11.984354600] EXTRACT_SUCCESS: data\extracted_data.json
--------------------------------------------------
[2025-08-31T17:55:11.988010200] Finished: Stage-1_TRANSFORM_FILE=D__lap_java_dsa_path_to_transform.py_LOAD_FILE=D__lap_java_dsa_path_to_load.py_EXTRACT_FILE=D__lap_java_dsa_path_to_extract.py (exit code 0)
--------------------------------------------------


==================================================
[2025-08-31T17:55:11.989514400] Starting: Stage-2_TRANSFORM_FILE=D__lap_java_dsa_path_to_transform.py_LOAD_FILE=D__lap_java_dsa_path_to_load.py_EXTRACT_FILE=D__lap_java_dsa_path_to_extract.py
==================================================
[2025-08-31T17:55:11.989514400] Running command (Attempt 1): python D:/lap/java/dsa/path/to/transform.py
[2025-08-31T17:55:12.041429500] 2025-08-31 17:55:12,041 - INFO - Starting data transformation
[2025-08-31T17:55:12.052493100] 2025-08-31 17:55:12,052 - INFO - Transforming 3 records
[2025-08-31T17:55:12.053497200] 2025-08-31 17:55:12,054 - INFO - Transformed data written to data\transformed_data.json
[2025-08-31T17:55:12.054497500] TRANSFORM_SUCCESS: data\transformed_data.json
--------------------------------------------------
[2025-08-31T17:55:12.059493500] Finished: Stage-2_TRANSFORM_FILE=D__lap_java_dsa_path_to_transform.py_LOAD_FILE=D__lap_java_dsa_path_to_load.py_EXTRACT_FILE=D__lap_java_dsa_path_to_extract.py (exit code 0)
--------------------------------------------------


==================================================
[2025-08-31T17:55:12.060494900] Starting: Stage-3_TRANSFORM_FILE=D__lap_java_dsa_path_to_transform.py_LOAD_FILE=D__lap_java_dsa_path_to_load.py_EXTRACT_FILE=D__lap_java_dsa_path_to_extract.py
==================================================
[2025-08-31T17:55:12.060494900] Running command (Attempt 1): python D:/lap/java/dsa/path/to/load.py
[2025-08-31T17:55:12.125240400] 2025-08-31 17:55:12,125 - INFO - Starting data loading
[2025-08-31T17:55:12.134500] 2025-08-31 17:55:12,134 - INFO - Loading 3 records
[2025-08-31T17:55:12.135501100] 2025-08-31 17:55:12,135 - INFO - Data loaded successfully to output\final_data.json
[2025-08-31T17:55:12.135501100] 2025-08-31 17:55:12,135 - INFO - Summary report generated at output\load_summary.json
[2025-08-31T17:55:12.135501100] LOAD_SUCCESS: output\final_data.json
[2025-08-31T17:55:12.136501700] SUMMARY: output\load_summary.json
--------------------------------------------------
[2025-08-31T17:55:12.141010100] Finished: Stage-3_TRANSFORM_FILE=D__lap_java_dsa_path_to_transform.py_LOAD_FILE=D__lap_java_dsa_path_to_load.py_EXTRACT_FILE=D__lap_java_dsa_path_to_extract.py (exit code 0)
--------------------------------------------------

